Log file open, 10/04/18 20:38:48
LogWindows: Failed to load 'aqProf.dll' (GetLastError=126)
LogWindows: File 'aqProf.dll' does not exist
LogWindows: Failed to load 'VtuneApi.dll' (GetLastError=126)
LogWindows: File 'VtuneApi.dll' does not exist
LogWindows: Failed to load 'VtuneApi32e.dll' (GetLastError=126)
LogWindows: File 'VtuneApi32e.dll' does not exist
LogInit: Display: Running engine for game: UnrealMidterm
LogPlatformFile: Not using cached read wrapper
LogTaskGraph: Started task graph with 5 named threads and 23 total threads with 3 sets of task threads.
LogStats: Stats thread started at 0.332715
LogD3D11RHI: Loaded GFSDK_Aftermath_Lib.x64.dll
LogICUInternationalization: Display: ICU TimeZone Detection - Raw Offset: -8:00, Platform Override: ''
LogPluginManager: Mounting plugin Paper2D
LogPluginManager: Mounting plugin AISupport
LogPluginManager: Mounting plugin LightPropagationVolume
LogPluginManager: Mounting plugin CLionSourceCodeAccess
LogPluginManager: Mounting plugin CodeLiteSourceCodeAccess
LogPluginManager: Mounting plugin GitSourceControl
LogPluginManager: Mounting plugin KDevelopSourceCodeAccess
LogPluginManager: Mounting plugin NullSourceCodeAccess
LogPluginManager: Mounting plugin PerforceSourceControl
LogPluginManager: Mounting plugin SubversionSourceControl
LogPluginManager: Mounting plugin UObjectPlugin
LogPluginManager: Mounting plugin VisualStudioCodeSourceCodeAccess
LogPluginManager: Mounting plugin VisualStudioSourceCodeAccess
LogPluginManager: Mounting plugin XCodeSourceCodeAccess
LogPluginManager: Mounting plugin AssetManagerEditor
LogPluginManager: Mounting plugin CryptoKeys
LogPluginManager: Mounting plugin DataValidation
LogPluginManager: Mounting plugin FacialAnimation
LogPluginManager: Mounting plugin GameplayTagsEditor
LogPluginManager: Mounting plugin MacGraphicsSwitching
LogPluginManager: Mounting plugin MeshEditor
LogPluginManager: Mounting plugin MobileLauncherProfileWizard
LogPluginManager: Mounting plugin PluginBrowser
LogPluginManager: Mounting plugin SpeedTreeImporter
LogPluginManager: Mounting plugin DatasmithContent
LogPluginManager: Mounting plugin AlembicImporter
LogPluginManager: Mounting plugin AppleImageUtils
LogPluginManager: Mounting plugin AppleVision
LogPluginManager: Mounting plugin BackChannel
LogPluginManager: Mounting plugin CharacterAI
LogPluginManager: Mounting plugin GeometryCache
LogPluginManager: Mounting plugin HTML5Networking
LogPluginManager: Mounting plugin ProxyLODPlugin
LogPluginManager: Mounting plugin RawInput
LogPluginManager: Mounting plugin MagicLeap
LogPluginManager: Mounting plugin MagicLeapEmulator
LogPluginManager: Mounting plugin MagicLeapMedia
LogPluginManager: Mounting plugin AndroidMedia
LogPluginManager: Mounting plugin AvfMedia
LogPluginManager: Mounting plugin ImgMedia
LogPluginManager: Mounting plugin LinearTimecode
LogPluginManager: Mounting plugin MediaCompositing
LogPluginManager: Mounting plugin MediaPlayerEditor
LogPluginManager: Mounting plugin WmfMedia
LogPluginManager: Mounting plugin TcpMessaging
LogPluginManager: Mounting plugin UdpMessaging
LogPluginManager: Mounting plugin ActorSequence
LogPluginManager: Mounting plugin LevelSequenceEditor
LogPluginManager: Mounting plugin MatineeToLevelSequence
LogPluginManager: Mounting plugin NetcodeUnitTest
LogPluginManager: Mounting plugin NUTUnrealEngine4
LogPluginManager: Mounting plugin OnlineSubsystemGooglePlay
LogPluginManager: Mounting plugin OnlineSubsystemIOS
LogPluginManager: Mounting plugin OnlineSubsystem
LogPluginManager: Mounting plugin OnlineSubsystemNull
LogPluginManager: Mounting plugin OnlineSubsystemUtils
LogPluginManager: Mounting plugin LauncherChunkInstaller
LogPluginManager: Mounting plugin AndroidDeviceProfileSelector
LogPluginManager: Mounting plugin AndroidMoviePlayer
LogPluginManager: Mounting plugin AndroidPermission
LogPluginManager: Mounting plugin AppleMoviePlayer
LogPluginManager: Mounting plugin ArchVisCharacter
LogPluginManager: Mounting plugin AudioCapture
LogPluginManager: Mounting plugin CableComponent
LogPluginManager: Mounting plugin CustomMeshComponent
LogPluginManager: Mounting plugin EditableMesh
LogPluginManager: Mounting plugin ExampleDeviceProfileSelector
LogPluginManager: Mounting plugin GoogleCloudMessaging
LogPluginManager: Mounting plugin ImmediatePhysics
LogPluginManager: Mounting plugin IOSDeviceProfileSelector
LogPluginManager: Mounting plugin LinuxDeviceProfileSelector
LogPluginManager: Mounting plugin LocationServicesBPLibrary
LogPluginManager: Mounting plugin MobilePatchingUtils
LogPluginManager: Mounting plugin OculusVR
LogPluginManager: Plugin shader directory ../../../Engine/Plugins/Runtime/Oculus/OculusVR/Shaders found
LogPluginManager: Mapping shader source directory ../../../Engine/Plugins/Runtime/Oculus/OculusVR/Shaders to virtual directory /Plugin/OculusVR
LogPluginManager: Mounting plugin PhysXVehicles
LogPluginManager: Mounting plugin ProceduralMeshComponent
LogPluginManager: Mounting plugin RuntimePhysXCooking
LogPluginManager: Mounting plugin SteamVR
LogPluginManager: Mounting plugin WindowsMoviePlayer
LogStreaming: Display: Took  0.290s to configure plugins.
LogInit: Using libcurl 7.55.1-DEV
LogInit:  - built for x86_64-pc-win32
LogInit:  - supports SSL with OpenSSL/1.0.2h
LogInit:  - supports HTTP deflate (compression) using libz 1.2.8
LogInit:  - other features:
LogInit:      CURL_VERSION_SSL
LogInit:      CURL_VERSION_LIBZ
LogInit:      CURL_VERSION_IPV6
LogInit:      CURL_VERSION_ASYNCHDNS
LogInit:      CURL_VERSION_LARGEFILE
LogInit:      CURL_VERSION_IDN
LogInit:  CurlRequestOptions (configurable via config and command line):
LogInit:  - bVerifyPeer = false  - Libcurl will NOT verify peer certificate
LogInit:  - bUseHttpProxy = false  - Libcurl will NOT use HTTP proxy
LogInit:  - bDontReuseConnections = false  - Libcurl will reuse connections
LogInit:  - CertBundlePath = nullptr  - Libcurl will use whatever was configured at build time.
LogInit:  - MaxHostConnections = 16  - Libcurl will limit the number of connections to a host
LogInit:  - LocalHostAddr = Default
LogInit:  - BufferSize = 65536
LogInit: WinSock: version 1.1 (2.2), MaxSocks=32767, MaxUdp=65467
LogInit: Build: ++UE4+Release-4.20-CL-4302132
LogInit: Engine Version: 4.20.2-4302132+++UE4+Release-4.20
LogInit: Compatible Engine Version: 4.20.0-4212847+++UE4+Release-4.20
LogInit: Net CL: 4212847
LogInit: OS: Windows 10 (), CPU: Intel(R) Core(TM) i7-6700HQ CPU @ 2.60GHz, GPU: Intel(R) HD Graphics 530
LogInit: Compiled (64-bit): Aug 21 2018 02:06:06
LogInit: Compiled with Visual C++: 19.13.26129.00
LogInit: Build Configuration: Development
LogInit: Branch Name: ++UE4+Release-4.20
LogInit: Command Line: -EpicPortal 
LogInit: Base Directory: D:/Program Files/Epic Games/UE_4.20/Engine/Binaries/Win64/
LogInit: Installed Engine Build: 1
LogDevObjectVersion: Number of dev versions registered: 20
LogDevObjectVersion:   Dev-Blueprints (B0D832E4-1F89-4F0D-ACCF-7EB736FD4AA2): 10
LogDevObjectVersion:   Dev-Build (E1C64328-A22C-4D53-A36C-8E866417BD8C): 0
LogDevObjectVersion:   Dev-Core (375EC13C-06E4-48FB-B500-84F0262A717E): 2
LogDevObjectVersion:   Dev-Editor (E4B068ED-F494-42E9-A231-DA0B2E46BB41): 24
LogDevObjectVersion:   Dev-Framework (CFFC743F-43B0-4480-9391-14DF171D2073): 34
LogDevObjectVersion:   Dev-Mobile (B02B49B5-BB20-44E9-A304-32B752E40360): 2
LogDevObjectVersion:   Dev-Networking (A4E4105C-59A1-49B5-A7C5-40C4547EDFEE): 0
LogDevObjectVersion:   Dev-Online (39C831C9-5AE6-47DC-9A44-9C173E1C8E7C): 0
LogDevObjectVersion:   Dev-Physics (78F01B33-EBEA-4F98-B9B4-84EACCB95AA2): 0
LogDevObjectVersion:   Dev-Platform (6631380F-2D4D-43E0-8009-CF276956A95A): 0
LogDevObjectVersion:   Dev-Rendering (12F88B9F-8875-4AFC-A67C-D90C383ABD29): 26
LogDevObjectVersion:   Dev-Sequencer (7B5AE74C-D270-4C10-A958-57980B212A5A): 9
LogDevObjectVersion:   Dev-VR (D7296918-1DD6-4BDD-9DE2-64A83CC13884): 2
LogDevObjectVersion:   Dev-LoadTimes (C2A15278-BFE7-4AFE-6C17-90FF531DF755): 1
LogDevObjectVersion:   Private-Geometry (6EACA3D4-40EC-4CC1-B786-8BED09428FC5): 3
LogDevObjectVersion:   Dev-AnimPhys (29E575DD-E0A3-4627-9D10-D276232CDCEA): 17
LogDevObjectVersion:   Dev-ReflectionCapture (6B266CEC-1EC7-4B8F-A30B-E4D90942FC07): 1
LogDevObjectVersion:   Dev-Automation (0DF73D61-A23F-47EA-B727-89E90C41499A): 1
LogDevObjectVersion:   FortniteMain (601D1886-AC64-4F84-AA16-D3DE0DEAC7D6): 12
LogDevObjectVersion:   Dev-Enterprise (9DFFBCD6-494F-0158-E221-12823C92A888): 1
LogStreaming: Display: Took  0.007s to delete old logs.
LogInit: Presizing for max 8388607 objects, including 0 objects not considered by GC, pre-allocating 0 bytes for permanent pool.
LogInit: Object subsystem initialized
[2018.10.05-03.38.49:384][  0]LogInit: Selected Device Profile: [Windows]
[2018.10.05-03.38.49:384][  0]LogInit: Applying CVar settings loaded from the selected device profile: [Windows]
[2018.10.05-03.38.49:403][  0]LogHAL: Display: Platform has ~ 16 GB [17044865024 / 17179869184 / 16], which maps to Larger [LargestMinGB=32, LargerMinGB=12, DefaultMinGB=8, SmallerMinGB=6, SmallestMinGB=0)
[2018.10.05-03.38.49:404][  0]LogInit: Setting Device Profile CVar: [[r.Vulkan.UseRealUBs:1]]
[2018.10.05-03.38.49:404][  0]LogInit: Going up to parent DeviceProfile []
[2018.10.05-03.38.49:404][  0]LogInit: Computer: DESKTOP-7T5SUCP
[2018.10.05-03.38.49:404][  0]LogInit: User: Sol
[2018.10.05-03.38.49:404][  0]LogInit: CPU Page size=4096, Cores=4
[2018.10.05-03.38.49:405][  0]LogInit: High frequency timer resolution =2.531250 MHz
[2018.10.05-03.38.49:405][  0]LogMemory: Memory total: Physical=15.9GB (16GB approx)
[2018.10.05-03.38.49:405][  0]LogMemory: Platform Memory Stats for Windows
[2018.10.05-03.38.49:405][  0]LogMemory: Process Physical Memory: 100.88 MB used, 100.88 MB peak
[2018.10.05-03.38.49:405][  0]LogMemory: Process Virtual Memory: 91.66 MB used, 91.66 MB peak
[2018.10.05-03.38.49:405][  0]LogMemory: Physical Memory: 9808.38 MB used,  6446.87 MB free, 16255.25 MB total
[2018.10.05-03.38.49:405][  0]LogMemory: Virtual Memory: 4645.77 MB used,  6446.87 MB free, 134217728.00 MB total
[2018.10.05-03.38.49:982][  0]LogInit: Overriding language with editor language configuration option (en).
[2018.10.05-03.38.49:982][  0]LogInit: Overriding locale with editor locale configuration option (en).
[2018.10.05-03.38.50:459][  0]LogStreaming: Display: Took  0.477s to InitEngineTextLocalization.
[2018.10.05-03.38.50:459][  0]LogInit: Setting process to per monitor DPI aware
[2018.10.05-03.38.50:511][  0]LogSlate: New Slate User Created.  User Index 0, Is Virtual User: 0
[2018.10.05-03.38.50:512][  0]LogSlate: Slate User Registered.  User Index 0, Is Virtual User: 0
[2018.10.05-03.38.50:978][  0]LogHMD: Failed to initialize OpenVR with code 110
[2018.10.05-03.38.50:978][  0]LogD3D11RHI: D3D11 adapters:
[2018.10.05-03.38.51:074][  0]LogD3D11RHI:    0. 'NVIDIA GeForce GTX 1060' (Feature Level 11_0)
[2018.10.05-03.38.51:074][  0]LogD3D11RHI:       6052/0/8127 MB DedicatedVideo/DedicatedSystem/SharedSystem, Outputs:2, VendorId:0x10de
[2018.10.05-03.38.51:087][  0]LogD3D11RHI:    1. 'Intel(R) HD Graphics 530' (Feature Level 11_0)
[2018.10.05-03.38.51:087][  0]LogD3D11RHI:       128/0/8127 MB DedicatedVideo/DedicatedSystem/SharedSystem, Outputs:0, VendorId:0x8086
[2018.10.05-03.38.51:091][  0]LogD3D11RHI:    2. 'Microsoft Basic Render Driver' (Feature Level 11_0)
[2018.10.05-03.38.51:092][  0]LogD3D11RHI:       0/0/8127 MB DedicatedVideo/DedicatedSystem/SharedSystem, Outputs:0, VendorId:0x1414
[2018.10.05-03.38.51:092][  0]LogD3D11RHI: Chosen D3D11 Adapter: 0
[2018.10.05-03.38.51:152][  0]LogD3D11RHI: Creating new Direct3DDevice
[2018.10.05-03.38.51:152][  0]LogD3D11RHI:     GPU DeviceId: 0x1c20 (for the marketing name, search the web for "GPU Device Id")
[2018.10.05-03.38.51:152][  0]LogWindows: EnumDisplayDevices:
[2018.10.05-03.38.51:152][  0]LogWindows:    0. 'Intel(R) HD Graphics 530' (P:1 D:1)
[2018.10.05-03.38.51:153][  0]LogWindows:    1. 'Intel(R) HD Graphics 530' (P:0 D:0)
[2018.10.05-03.38.51:154][  0]LogWindows:    2. 'Intel(R) HD Graphics 530' (P:0 D:0)
[2018.10.05-03.38.51:154][  0]LogWindows:    3. 'NVIDIA GeForce GTX 1060' (P:0 D:1)
[2018.10.05-03.38.51:155][  0]LogWindows:    4. 'NVIDIA GeForce GTX 1060' (P:0 D:0)
[2018.10.05-03.38.51:156][  0]LogWindows:    5. 'NVIDIA GeForce GTX 1060' (P:0 D:0)
[2018.10.05-03.38.51:157][  0]LogWindows:    6. 'NVIDIA GeForce GTX 1060' (P:0 D:0)
[2018.10.05-03.38.51:158][  0]LogWindows: DebugString: PrimaryIsNotTheChoosenAdapter PrimaryIsNotTheChoosenAdapter PrimaryIsNotTheChoosenAdapter FoundDriverCount:4 
[2018.10.05-03.38.51:158][  0]LogD3D11RHI:     Adapter Name: NVIDIA GeForce GTX 1060
[2018.10.05-03.38.51:158][  0]LogD3D11RHI:   Driver Version: 391.25 (internal:23.21.13.9125, unified:391.25)
[2018.10.05-03.38.51:158][  0]LogD3D11RHI:      Driver Date: 3-16-2018
[2018.10.05-03.38.51:158][  0]LogRHI: Texture pool is 4236 MB (70% of 6052 MB)
[2018.10.05-03.38.51:223][  0]LogD3D11RHI: Async texture creation enabled
[2018.10.05-03.38.51:242][  0]LogD3D11RHI: GPU Timing Frequency: 1000.000000 (Debug: 2 2)
[2018.10.05-03.38.51:248][  0]LogShaderCompilers: Guid format shader working directory is -17 characters bigger than the processId version (../../../../../../GitHub/Rhythm_Midterm_Unreal/UnrealMidterm/Intermediate/Shaders/WorkingDirectory/29820/).
[2018.10.05-03.38.51:248][  0]LogShaderCompilers: Cleaned the shader compiler working directory 'C:/Users/Sol/AppData/Local/Temp/UnrealShaderWorkingDir/CBA29A854E6A68AA1E10BFBA9A3CCAAB/'.
[2018.10.05-03.38.51:749][  0]LogTemp: Display: Loaded TP AllDesktopTargetPlatform
[2018.10.05-03.38.51:767][  0]LogTemp: Display: Loaded TP MacClientTargetPlatform
[2018.10.05-03.38.51:785][  0]LogTemp: Display: Loaded TP MacNoEditorTargetPlatform
[2018.10.05-03.38.51:806][  0]LogTemp: Display: Loaded TP MacServerTargetPlatform
[2018.10.05-03.38.51:826][  0]LogTemp: Display: Loaded TP MacTargetPlatform
[2018.10.05-03.38.51:841][  0]LogTemp: Display: Loaded TP WindowsClientTargetPlatform
[2018.10.05-03.38.51:859][  0]LogTemp: Display: Loaded TP WindowsNoEditorTargetPlatform
[2018.10.05-03.38.51:879][  0]LogTemp: Display: Loaded TP WindowsServerTargetPlatform
[2018.10.05-03.38.51:888][  0]LogTemp: Display: Loaded TP WindowsTargetPlatform
[2018.10.05-03.38.52:002][  0]LogTemp: Display: Loaded TP AndroidTargetPlatform
[2018.10.05-03.38.52:002][  0]LogTemp: Display: Loaded TP AndroidTargetPlatform
[2018.10.05-03.38.52:002][  0]LogTemp: Display: Loaded TP AndroidTargetPlatform
[2018.10.05-03.38.52:002][  0]LogTemp: Display: Loaded TP AndroidTargetPlatform
[2018.10.05-03.38.52:002][  0]LogTemp: Display: Loaded TP AndroidTargetPlatform
[2018.10.05-03.38.52:002][  0]LogTemp: Display: Loaded TP AndroidTargetPlatform
[2018.10.05-03.38.52:002][  0]LogTemp: Display: Loaded TP AndroidTargetPlatform
[2018.10.05-03.38.52:002][  0]LogTemp: Display: Loaded TP AndroidTargetPlatform
[2018.10.05-03.38.52:002][  0]LogTemp: Display: Loaded TP AndroidTargetPlatform
[2018.10.05-03.38.52:002][  0]LogTemp: Display: Loaded TP AndroidTargetPlatform
[2018.10.05-03.38.52:002][  0]LogTemp: Display: Loaded TP AndroidTargetPlatform
[2018.10.05-03.38.52:002][  0]LogTemp: Display: Loaded TP AndroidTargetPlatform
[2018.10.05-03.38.52:002][  0]LogTemp: Display: Loaded TP AndroidTargetPlatform
[2018.10.05-03.38.52:002][  0]LogTemp: Display: Loaded TP AndroidTargetPlatform
[2018.10.05-03.38.52:002][  0]LogTemp: Display: Loaded TP AndroidTargetPlatform
[2018.10.05-03.38.52:002][  0]LogTemp: Display: Loaded TP AndroidTargetPlatform
[2018.10.05-03.38.52:002][  0]LogTemp: Display: Loaded TP AndroidTargetPlatform
[2018.10.05-03.38.52:002][  0]LogTemp: Display: Loaded TP AndroidTargetPlatform
[2018.10.05-03.38.52:007][  0]LogTemp: Display: Loaded TP HTML5TargetPlatform
[2018.10.05-03.38.52:082][  0]LogTemp: Display: Loaded TP IOSTargetPlatform
[2018.10.05-03.38.52:082][  0]LogTemp: Display: Loaded TP IOSTargetPlatform
[2018.10.05-03.38.52:115][  0]LogTemp: Display: Loaded TP TVOSTargetPlatform
[2018.10.05-03.38.52:115][  0]LogTemp: Display: Loaded TP TVOSTargetPlatform
[2018.10.05-03.38.52:132][  0]LogTemp: Display: Loaded TP LinuxClientTargetPlatform
[2018.10.05-03.38.52:150][  0]LogTemp: Display: Loaded TP LinuxNoEditorTargetPlatform
[2018.10.05-03.38.52:167][  0]LogTemp: Display: Loaded TP LinuxServerTargetPlatform
[2018.10.05-03.38.52:187][  0]LogTemp: Display: Loaded TP LinuxTargetPlatform
[2018.10.05-03.38.52:203][  0]LogTemp: Display: Loaded TP LuminTargetPlatform
[2018.10.05-03.38.52:203][  0]LogTargetPlatformManager: Display: Building Assets For Windows
[2018.10.05-03.38.52:307][  0]LogXGEController: Cannot use XGE Controller as Incredibuild is not installed on this machine.
[2018.10.05-03.38.52:307][  0]LogShaderCompilers: Cannot use XGE Shader Compiler as Incredibuild is not installed on this machine.
[2018.10.05-03.38.52:307][  0]LogShaderCompilers: Display: Using Local Shader Compiler.
[2018.10.05-03.38.53:477][  0]LogDerivedDataCache: Display: Max Cache Size: 512 MB
[2018.10.05-03.38.53:548][  0]LogDerivedDataCache: Loaded boot cache 0.07s 71MB C:/Users/Sol/AppData/Local/UnrealEngine/4.20/DerivedDataCache/Boot.ddc.
[2018.10.05-03.38.53:549][  0]LogDerivedDataCache: Display: Loaded Boot cache: C:/Users/Sol/AppData/Local/UnrealEngine/4.20/DerivedDataCache/Boot.ddc
[2018.10.05-03.38.53:549][  0]LogDerivedDataCache: FDerivedDataBackendGraph:  Pak pak cache file ../../../../../../GitHub/Rhythm_Midterm_Unreal/UnrealMidterm/DerivedDataCache/DDC.ddp not found, will not use a pak cache.
[2018.10.05-03.38.53:549][  0]LogDerivedDataCache: Unable to find inner node Pak for hierarchical cache Hierarchy.
[2018.10.05-03.38.53:549][  0]LogDerivedDataCache: FDerivedDataBackendGraph:  CompressedPak pak cache file ../../../../../../GitHub/Rhythm_Midterm_Unreal/UnrealMidterm/DerivedDataCache/Compressed.ddp not found, will not use a pak cache.
[2018.10.05-03.38.53:549][  0]LogDerivedDataCache: Unable to find inner node CompressedPak for hierarchical cache Hierarchy.
[2018.10.05-03.38.53:565][  0]LogDerivedDataCache: Display: Pak cache opened for reading ../../../Engine/DerivedDataCache/Compressed.ddp.
[2018.10.05-03.38.53:579][  0]LogDerivedDataCache: Using Local data cache path ../../../../../../GitHub/Rhythm_Midterm_Unreal/UnrealMidterm/DerivedDataCache: Writable
[2018.10.05-03.38.53:579][  0]LogDerivedDataCache: Shared data cache path not found in *engine.ini, will not use an Shared cache.
[2018.10.05-03.38.53:579][  0]LogDerivedDataCache: Unable to find inner node Shared for hierarchical cache Hierarchy.
[2018.10.05-03.38.53:601][  0]LogMaterial: Verifying Global Shaders for PCD3D_SM5
[2018.10.05-03.38.53:603][  0]LogSlate: Using FreeType 2.6.0
[2018.10.05-03.38.53:604][  0]LogSlate: SlateFontServices - WITH_FREETYPE: 1, WITH_HARFBUZZ: 1
[2018.10.05-03.38.53:709][  0]LogAssetRegistry: FAssetRegistry took 0.0275 seconds to start up
[2018.10.05-03.38.54:171][  0]LogInit: Selected Device Profile: [Windows]
[2018.10.05-03.38.54:364][  0]LogSimplygon: Simplygon DLL not present - disabling.
[2018.10.05-03.38.54:371][  0]LogMeshReduction: Using SimplygonSwarm for distributed automatic mesh merging
[2018.10.05-03.38.54:371][  0]LogMeshReduction: Using ProxyLODMeshReduction for automatic mesh merging
[2018.10.05-03.38.54:371][  0]LogMeshReduction: Using QuadricMeshReduction for automatic static mesh reduction
[2018.10.05-03.38.54:372][  0]LogMeshReduction: No automatic skeletal mesh reduction module available
[2018.10.05-03.38.54:402][  0]LogNetVersion: UnrealMidterm 1.0.0, NetCL: 4212847, EngineNetVer: 5, GameNetVer: 0 (Checksum: 243509614)
[2018.10.05-03.38.55:158][  0]LogPackageLocalizationCache: Processed 11 localized package path(s) for 1 prioritized culture(s) in 0.084168 seconds
[2018.10.05-03.38.55:166][  0]LogUObjectArray: 38425 objects as part of root set at end of initial load.
[2018.10.05-03.38.55:166][  0]LogUObjectAllocator: 6690872 out of 0 bytes used by permanent object pool.
[2018.10.05-03.38.55:166][  0]LogUObjectArray: CloseDisregardForGC: 0/0 objects in disregard for GC pool
[2018.10.05-03.38.56:615][  0]LogTcpMessaging: Initializing TcpMessaging bridge
[2018.10.05-03.38.56:630][  0]LogUdpMessaging: Initializing bridge on interface 0.0.0.0:0 to multicast group 230.0.0.1:6666.
[2018.10.05-03.38.56:832][  0]SourceControl: Source control is disabled
[2018.10.05-03.38.56:833][  0]SourceControl: Source control is disabled
[2018.10.05-03.38.56:836][  0]SourceControl: Source control is disabled
[2018.10.05-03.38.56:839][  0]SourceControl: Source control is disabled
[2018.10.05-03.38.57:121][  0]LogAndroidPermission: UAndroidPermissionCallbackProxy::GetInstance
[2018.10.05-03.38.57:306][  0]LogOcInput: OculusInput pre-init called
[2018.10.05-03.38.57:396][  0]LogEngine: Initializing Engine...
[2018.10.05-03.38.57:399][  0]LogHMD: Failed to initialize OpenVR with code 110
[2018.10.05-03.38.57:400][  0]LogStats: UGameplayTagsManager::ConstructGameplayTagTree: ImportINI prefixes -  0.000 s
[2018.10.05-03.38.57:400][  0]LogStats: UGameplayTagsManager::ConstructGameplayTagTree: Construct from data asset -  0.000 s
[2018.10.05-03.38.57:400][  0]LogStats: UGameplayTagsManager::ConstructGameplayTagTree: ImportINI -  0.000 s
[2018.10.05-03.38.57:401][  0]LogStats: UGameplayTagsManager::ConstructGameplayTagTree: GameplayTagTreeChangedEvent.Broadcast -  0.000 s
[2018.10.05-03.38.57:697][  0]LogInit: Initializing FReadOnlyCVARCache
[2018.10.05-03.38.57:718][  0]LogAIModule: Creating AISystem for world Untitled
[2018.10.05-03.38.57:827][  0]LogInit: XAudio2 using '扬声器/听筒 (Realtek Audio)' : 6 channels at 48 kHz using 32 bits per sample (channel mask 0x3f)
[2018.10.05-03.38.58:046][  0]LogInit: FAudioDevice initialized.
[2018.10.05-03.38.58:046][  0]LogNetVersion: Set ProjectVersion to 1.0.0.0. Version Checksum will be recalculated on next use.
[2018.10.05-03.38.58:132][  0]LogDerivedDataCache: Saved boot cache 0.09s 71MB C:/Users/Sol/AppData/Local/UnrealEngine/4.20/DerivedDataCache/Boot.ddc.
[2018.10.05-03.38.58:141][  0]LogInit: Texture streaming: Enabled
[2018.10.05-03.38.58:173][  0]LogEngineSessionManager: EngineSessionManager initialized
[2018.10.05-03.38.58:205][  0]LogInit: Transaction tracking system initialized
[2018.10.05-03.38.58:243][  0]BlueprintLog: New page: Editor Load
[2018.10.05-03.38.58:378][  0]LocalizationService: Localization service is disabled
[2018.10.05-03.38.58:857][  0]LogCook: Display: Max memory allowance for cook 16384mb min free memory 0mb
[2018.10.05-03.38.58:857][  0]LogCook: Display: Mobile HDR setting 1
[2018.10.05-03.38.58:857][  0]LogGameplayTags: Display: UGameplayTagsManager::DoneAddingNativeTags. DelegateIsBound: 0
[2018.10.05-03.38.58:857][  0]LogStats: UGameplayTagsManager::ConstructGameplayTagTree: ImportINI prefixes -  0.000 s
[2018.10.05-03.38.58:857][  0]LogStats: UGameplayTagsManager::ConstructGameplayTagTree: Construct from data asset -  0.000 s
[2018.10.05-03.38.58:858][  0]LogStats: UGameplayTagsManager::ConstructGameplayTagTree: ImportINI -  0.000 s
[2018.10.05-03.38.58:858][  0]LogStats: UGameplayTagsManager::ConstructGameplayTagTree: GameplayTagTreeChangedEvent.Broadcast -  0.000 s
[2018.10.05-03.38.59:064][  0]LogFileCache: Scanning file cache for directory 'D:/GitHub/Rhythm_Midterm_Unreal/UnrealMidterm/Content/' took 0.02s
[2018.10.05-03.38.59:064][  0]SourceControl: Source control is disabled
[2018.10.05-03.38.59:064][  0]Cmd: MAP LOAD FILE="../../../../../../GitHub/Rhythm_Midterm_Unreal/UnrealMidterm/Content/VehicleBP/Maps/VehicleExampleMap.umap" TEMPLATE=0 SHOWPROGRESS=1 FEATURELEVEL=3
[2018.10.05-03.38.59:065][  0]LightingResults: New page: Lighting Build
[2018.10.05-03.38.59:069][  0]MapCheck: New page: Map Check
[2018.10.05-03.38.59:069][  0]LightingResults: New page: Lighting Build
[2018.10.05-03.38.59:608][  0]LogAudioDerivedData: Display: Building compressed audio format OGG hash OGG wave Music_and_NPC...
[2018.10.05-03.39.01:644][  0]LogTemp: Couldn't find amount to resample to.
[2018.10.05-03.39.03:985][  0]LogAudioDerivedData: Display: Updated SoundWave->RawPCMDataSize from 0 to 18480896 while cooking SoundWave /Game/Sound/Music_and_NPC.Music_and_NPC.
[2018.10.05-03.39.04:081][  0]LogAudioDerivedData: Display: Building compressed audio format OGG hash OGG wave Player_Long_Honk...
[2018.10.05-03.39.04:105][  0]LogTemp: Couldn't find amount to resample to.
[2018.10.05-03.39.06:252][  0]LogAudioDerivedData: Display: Updated SoundWave->RawPCMDataSize from 0 to 18480896 while cooking SoundWave /Game/Sound/Player_Long_Honk.Player_Long_Honk.
[2018.10.05-03.39.06:271][  0]LogAIModule: Creating AISystem for world VehicleExampleMap
[2018.10.05-03.39.06:368][  0]LogEditorServer: Finished looking for orphan Actors (0.000 secs)
[2018.10.05-03.39.06:397][  0]Cmd: MAP CHECKDEP NOCLEARLOG
[2018.10.05-03.39.06:626][  0]MapCheck: Map check complete: 0 Error(s), 0 Warning(s), took 228.889ms to complete.
[2018.10.05-03.39.06:627][  0]LogFileHelpers: Loading map 'VehicleExampleMap' took 7.563
[2018.10.05-03.39.06:796][  0]LogSlate: Updating window title bar state: overlay mode, drag disabled, window buttons hidden, title bar hidden
[2018.10.05-03.39.06:808][  0]LogSlate: Updating window title bar state: overlay mode, drag disabled, window buttons hidden, title bar hidden
[2018.10.05-03.39.06:820][  0]LogSlate: Updating window title bar state: overlay mode, drag disabled, window buttons hidden, title bar hidden
[2018.10.05-03.39.06:828][  0]LogSlate: Updating window title bar state: overlay mode, drag disabled, window buttons hidden, title bar hidden
[2018.10.05-03.39.06:838][  0]LogCollectionManager: Loaded 0 collections in 0.001890 seconds
[2018.10.05-03.39.06:885][  0]LogFileCache: Scanning file cache for directory 'D:/GitHub/Rhythm_Midterm_Unreal/UnrealMidterm/Saved/Collections/' took 0.01s
[2018.10.05-03.39.06:885][  0]LogFileCache: Scanning file cache for directory 'D:/GitHub/Rhythm_Midterm_Unreal/UnrealMidterm/Content/Developers/Sol/Collections/' took 0.01s
[2018.10.05-03.39.06:885][  0]LogFileCache: Scanning file cache for directory 'D:/GitHub/Rhythm_Midterm_Unreal/UnrealMidterm/Content/Collections/' took 0.01s
[2018.10.05-03.39.06:885][  0]LogCollectionManager: Rebuilt the GUID cache for 0 collections in 0.000000 seconds
[2018.10.05-03.39.06:896][  0]LogContentBrowser: Native class hierarchy populated in 0.0103 seconds. Added 2574 classes and 606 folders.
[2018.10.05-03.39.06:904][  0]LogContentBrowser: Native class hierarchy updated for 'WidgetCarousel' in 0.0003 seconds. Added 0 classes and 0 folders.
[2018.10.05-03.39.07:010][  0]LogContentBrowser: Native class hierarchy updated for 'AddContentDialog' in 0.0003 seconds. Added 0 classes and 0 folders.
[2018.10.05-03.39.07:016][  0]LogContentBrowser: Native class hierarchy updated for 'SceneOutliner' in 0.0003 seconds. Added 1 classes and 2 folders.
[2018.10.05-03.39.07:131][  0]LogSlate: Took 0.000595 seconds to synchronously load lazily loaded font '../../../Engine/Content/Slate/Fonts/Roboto-Regular.ttf' (155K)
[2018.10.05-03.39.07:134][  0]LogSlate: Took 0.000277 seconds to synchronously load lazily loaded font '../../../Engine/Content/Slate/Fonts/Roboto-Bold.ttf' (160K)
[2018.10.05-03.39.07:141][  0]LogSlate: Took 0.000323 seconds to synchronously load lazily loaded font '../../../Engine/Content/Editor/Slate/Fonts/FontAwesome.ttf' (139K)
[2018.10.05-03.39.07:245][  0]LogRenderer: Reallocating scene render targets to support 876x384 Format 10 NumSamples 1 (Frame:1).
[2018.10.05-03.39.07:492][  0]LogContentBrowser: Native class hierarchy updated for 'HierarchicalLODOutliner' in 0.0003 seconds. Added 0 classes and 0 folders.
[2018.10.05-03.39.07:492][  0]LogLoad: (Engine Initialization) Total time: 21.31 seconds
[2018.10.05-03.39.07:492][  0]LogLoad: (Engine Initialization) Total Blueprint compile time: 0.00 seconds
[2018.10.05-03.39.07:514][  0]LogWindowsTextInputMethodSystem: Display: IME system now deactivated.
[2018.10.05-03.39.07:516][  0]LogRawInputWindows: Warning: Found device 0 devices
[2018.10.05-03.39.07:516][  0]LogRawInputWindows: Warning: Found device 0 devices
[2018.10.05-03.39.07:517][  0]LogRawInputWindows: Warning: Device was registered succesfully but not connected (Usage:4 UsagePage:1)
[2018.10.05-03.39.07:517][  0]LogRawInputWindows: Warning: Found device 1 devices
[2018.10.05-03.39.07:517][  0]LogRawInputWindows: VenderID:54c ProductID:9cc
[2018.10.05-03.39.07:517][  0]LogRawInputWindows: Device was registered succesfully and is connected (Usage:5 UsagePage:1)
[2018.10.05-03.39.07:550][  0]LogContentStreaming: Texture pool size now 1000 MB
[2018.10.05-03.39.07:582][  0]LogSlate: Took 0.000427 seconds to synchronously load lazily loaded font '../../../Engine/Content/Slate/Fonts/Roboto-Light.ttf' (167K)
[2018.10.05-03.39.07:657][  1]LogAssetRegistry: Asset discovery search completed in 13.9709 seconds
[2018.10.05-03.39.07:659][  1]LogCollectionManager: Rebuilt the object cache for 0 collections in 0.000000 seconds (found 0 objects)
[2018.10.05-03.39.07:659][  1]LogCollectionManager: Fixed up redirectors for 0 collections in 0.000064 seconds (updated 0 objects)
[2018.10.05-03.39.08:538][ 49]LogSlate: Took 0.000328 seconds to synchronously load lazily loaded font '../../../Engine/Content/Slate/Fonts/Roboto-Light.ttf' (167K)
[2018.10.05-03.39.12:623][294]LogFileCache: Retrieving MD5 hashes for directory 'D:/GitHub/Rhythm_Midterm_Unreal/UnrealMidterm/Content/' took 5.09s
[2018.10.05-03.39.16:595][532]LogSlate: FSceneViewport::OnFocusLost() reason 0
[2018.10.05-03.39.18:430][642]LogSlate: FSceneViewport::OnFocusLost() reason 0
[2018.10.05-03.39.18:591][652]LogSlate: Window 'Message Log' being destroyed
[2018.10.05-03.39.18:601][652]LogSlate: Window 'Message Log' being destroyed
[2018.10.05-03.39.19:830][725]LogSlate: FSceneViewport::OnFocusLost() reason 0
[2018.10.05-03.39.19:964][733]LogTemp: Repeating last play command: Selected Viewport
[2018.10.05-03.39.19:982][733]LogBlueprintUserMessages: Early PlayInEditor Detection: Level '/Game/VehicleBP/Maps/VehicleExampleMap.VehicleExampleMap:PersistentLevel' has LevelScriptBlueprint '/Game/VehicleBP/Maps/VehicleExampleMap.VehicleExampleMap:PersistentLevel.VehicleExampleMap' with GeneratedClass '/Game/VehicleBP/Maps/VehicleExampleMap.VehicleExampleMap_C' with ClassGeneratedBy '/Game/VehicleBP/Maps/VehicleExampleMap.VehicleExampleMap:PersistentLevel.VehicleExampleMap'
[2018.10.05-03.39.19:982][733]LogPlayLevel: PlayLevel: No blueprints needed recompiling
[2018.10.05-03.39.19:996][733]PIE: New page: PIE session: VehicleExampleMap (Oct 4, 2018, 1:39:19 PM)
[2018.10.05-03.39.19:996][733]LogPlayLevel: Creating play world package: /Game/VehicleBP/Maps/UEDPIE_0_VehicleExampleMap
[2018.10.05-03.39.20:017][733]LogPlayLevel: PIE: StaticDuplicateObject took: (0.020856s)
[2018.10.05-03.39.20:018][733]LogAIModule: Creating AISystem for world VehicleExampleMap
[2018.10.05-03.39.20:018][733]LogPlayLevel: PIE: World Init took: (0.001060s)
[2018.10.05-03.39.20:018][733]LogPlayLevel: PIE: Created PIE world by copying editor world from /Game/VehicleBP/Maps/VehicleExampleMap.VehicleExampleMap to /Game/VehicleBP/Maps/UEDPIE_0_VehicleExampleMap.VehicleExampleMap (0.022095s)
[2018.10.05-03.39.20:074][733]LogInit: XAudio2 using '扬声器/听筒 (Realtek Audio)' : 6 channels at 48 kHz using 32 bits per sample (channel mask 0x3f)
[2018.10.05-03.39.20:261][733]LogInit: FAudioDevice initialized.
[2018.10.05-03.39.20:307][733]LogLoad: Game class is 'GameMode_Rhythm_Game_C'
[2018.10.05-03.39.20:312][733]LogWorld: Bringing World /Game/VehicleBP/Maps/UEDPIE_0_VehicleExampleMap.VehicleExampleMap up for play (max tick rate 60) at 2018.10.04-20.39.20
[2018.10.05-03.39.20:313][733]LogWorld: Bringing up level for play took: 0.001114
[2018.10.05-03.39.20:333][733]LogContentBrowser: Native class hierarchy updated for 'MovieSceneCapture' in 0.0003 seconds. Added 10 classes and 0 folders.
[2018.10.05-03.39.20:383][733]LogBlueprintUserMessages: [BP_MainPlayer_3] Mute
[2018.10.05-03.39.20:383][733]PIE: Play in editor start time for /Game/VehicleBP/Maps/UEDPIE_0_VehicleExampleMap 1.236
[2018.10.05-03.39.20:383][733]LogBlueprintUserMessages: Late PlayInEditor Detection: Level '/Game/VehicleBP/Maps/VehicleExampleMap.VehicleExampleMap:PersistentLevel' has LevelScriptBlueprint '/Game/VehicleBP/Maps/VehicleExampleMap.VehicleExampleMap:PersistentLevel.VehicleExampleMap' with GeneratedClass '/Game/VehicleBP/Maps/VehicleExampleMap.VehicleExampleMap_C' with ClassGeneratedBy '/Game/VehicleBP/Maps/VehicleExampleMap.VehicleExampleMap:PersistentLevel.VehicleExampleMap'
[2018.10.05-03.39.23:755][933]LogBlueprintUserMessages: [BP_MainPlayer_3] honk
[2018.10.05-03.39.23:852][939]LogBlueprintUserMessages: [BP_MainPlayer_3] Mute
[2018.10.05-03.39.24:302][966]LogBlueprintUserMessages: [BP_MainPlayer_3] honk
[2018.10.05-03.39.24:419][973]LogBlueprintUserMessages: [BP_MainPlayer_3] Mute
[2018.10.05-03.39.24:801][996]LogBlueprintUserMessages: [BP_MainPlayer_3] honk
[2018.10.05-03.39.24:918][  3]LogBlueprintUserMessages: [BP_MainPlayer_3] Mute
[2018.10.05-03.39.25:618][ 45]LogBlueprintUserMessages: [BP_MainPlayer_3] honk
[2018.10.05-03.39.25:719][ 51]LogBlueprintUserMessages: [BP_MainPlayer_3] Mute
[2018.10.05-03.39.25:985][ 67]LogBlueprintUserMessages: [BP_MainPlayer_3] honk
[2018.10.05-03.39.26:085][ 73]LogBlueprintUserMessages: [BP_MainPlayer_3] Mute
[2018.10.05-03.39.26:402][ 92]LogBlueprintUserMessages: [BP_MainPlayer_3] honk
[2018.10.05-03.39.26:502][ 98]LogBlueprintUserMessages: [BP_MainPlayer_3] Mute
[2018.10.05-03.39.26:886][121]LogBlueprintUserMessages: [BP_MainPlayer_3] honk
[2018.10.05-03.39.27:003][128]LogBlueprintUserMessages: [BP_MainPlayer_3] Mute
[2018.10.05-03.39.27:385][151]LogBlueprintUserMessages: [BP_MainPlayer_3] honk
[2018.10.05-03.39.27:502][158]LogBlueprintUserMessages: [BP_MainPlayer_3] Mute
[2018.10.05-03.39.27:936][184]LogBlueprintUserMessages: [BP_MainPlayer_3] honk
[2018.10.05-03.39.28:052][191]LogBlueprintUserMessages: [BP_MainPlayer_3] Mute
[2018.10.05-03.39.28:469][216]LogBlueprintUserMessages: [BP_MainPlayer_3] honk
[2018.10.05-03.39.28:586][223]LogBlueprintUserMessages: [BP_MainPlayer_3] Mute
[2018.10.05-03.39.30:752][353]LogBlueprintUserMessages: [BP_MainPlayer_3] honk
[2018.10.05-03.39.30:870][360]LogBlueprintUserMessages: [BP_MainPlayer_3] Mute
[2018.10.05-03.39.32:469][456]LogBlueprintUserMessages: [BP_MainPlayer_3] honk
[2018.10.05-03.39.32:553][461]LogBlueprintUserMessages: [BP_MainPlayer_3] Mute
[2018.10.05-03.39.34:036][550]LogBlueprintUserMessages: [BP_MainPlayer_3] honk
[2018.10.05-03.39.34:154][557]LogBlueprintUserMessages: [BP_MainPlayer_3] Mute
[2018.10.05-03.39.35:086][613]LogBlueprintUserMessages: [BP_MainPlayer_3] honk
[2018.10.05-03.39.35:203][620]LogBlueprintUserMessages: [BP_MainPlayer_3] Mute
[2018.10.05-03.39.36:171][678]LogBlueprintUserMessages: [BP_MainPlayer_3] honk
[2018.10.05-03.39.36:271][684]LogBlueprintUserMessages: [BP_MainPlayer_3] Mute
[2018.10.05-03.39.41:271][984]LogBlueprintUserMessages: [BP_MainPlayer_3] honk
[2018.10.05-03.39.41:371][990]LogBlueprintUserMessages: [BP_MainPlayer_3] Mute
[2018.10.05-03.39.45:622][245]LogBlueprintUserMessages: [BP_MainPlayer_3] honk
[2018.10.05-03.39.45:689][249]LogBlueprintUserMessages: [BP_MainPlayer_3] Mute
[2018.10.05-03.39.49:973][506]LogBlueprintUserMessages: [BP_MainPlayer_3] honk
[2018.10.05-03.39.50:040][510]LogBlueprintUserMessages: [BP_MainPlayer_3] Mute
[2018.10.05-03.39.57:557][961]LogBlueprintUserMessages: [BP_MainPlayer_3] honk
[2018.10.05-03.39.57:640][966]LogBlueprintUserMessages: [BP_MainPlayer_3] Mute
[2018.10.05-03.39.57:824][977]LogBlueprintUserMessages: [BP_MainPlayer_3] honk
[2018.10.05-03.39.57:907][982]LogBlueprintUserMessages: [BP_MainPlayer_3] Mute
[2018.10.05-03.40.07:108][534]LogBlueprintUserMessages: [BP_MainPlayer_3] honk
[2018.10.05-03.40.07:208][540]LogBlueprintUserMessages: [BP_MainPlayer_3] Mute
[2018.10.05-03.40.07:360][549]LogBlueprintUserMessages: [BP_MainPlayer_3] honk
[2018.10.05-03.40.07:458][555]LogBlueprintUserMessages: [BP_MainPlayer_3] Mute
[2018.10.05-03.40.15:660][ 47]LogBlueprintUserMessages: [BP_MainPlayer_3] honk
[2018.10.05-03.40.15:812][ 56]LogBlueprintUserMessages: [BP_MainPlayer_3] Mute
[2018.10.05-03.40.15:894][ 61]LogBlueprintUserMessages: [BP_MainPlayer_3] honk
[2018.10.05-03.40.15:993][ 67]LogBlueprintUserMessages: [BP_MainPlayer_3] Mute
[2018.10.05-03.40.16:112][ 74]LogBlueprintUserMessages: [BP_MainPlayer_3] honk
[2018.10.05-03.40.16:227][ 81]LogBlueprintUserMessages: [BP_MainPlayer_3] Mute
[2018.10.05-03.40.16:343][ 88]LogBlueprintUserMessages: [BP_MainPlayer_3] honk
[2018.10.05-03.40.16:478][ 96]LogBlueprintUserMessages: [BP_MainPlayer_3] Mute
[2018.10.05-03.40.17:747][172]LogBlueprintUserMessages: Early EndPlayMap Detection: Level '/Game/VehicleBP/Maps/VehicleExampleMap.VehicleExampleMap:PersistentLevel' has LevelScriptBlueprint '/Game/VehicleBP/Maps/VehicleExampleMap.VehicleExampleMap:PersistentLevel.VehicleExampleMap' with GeneratedClass '/Game/VehicleBP/Maps/VehicleExampleMap.VehicleExampleMap_C' with ClassGeneratedBy '/Game/VehicleBP/Maps/VehicleExampleMap.VehicleExampleMap:PersistentLevel.VehicleExampleMap'
[2018.10.05-03.40.17:748][172]LogSlate: Updating window title bar state: overlay mode, drag disabled, window buttons hidden, title bar hidden
[2018.10.05-03.40.17:783][172]LogPlayLevel: Display: Shutting down PIE online subsystems
[2018.10.05-03.40.17:783][172]LogBlueprintUserMessages: Late EndPlayMap Detection: Level '/Game/VehicleBP/Maps/VehicleExampleMap.VehicleExampleMap:PersistentLevel' has LevelScriptBlueprint '/Game/VehicleBP/Maps/VehicleExampleMap.VehicleExampleMap:PersistentLevel.VehicleExampleMap' with GeneratedClass '/Game/VehicleBP/Maps/VehicleExampleMap.VehicleExampleMap_C' with ClassGeneratedBy '/Game/VehicleBP/Maps/VehicleExampleMap.VehicleExampleMap:PersistentLevel.VehicleExampleMap'
[2018.10.05-03.40.17:826][172]LogSlate: Updating window title bar state: overlay mode, drag disabled, window buttons hidden, title bar hidden
[2018.10.05-03.40.17:852][173]LogPlayLevel: Display: Destroying online subsystem :Context_3
[2018.10.05-03.40.20:846][350]LogSlate: FSceneViewport::OnFocusLost() reason 0
[2018.10.05-03.40.24:027][533]LogAssetEditorManager: Opening Asset editor for Blueprint /Game/MidtermBP/BP_MainPlayer.BP_MainPlayer
[2018.10.05-03.40.24:616][533]LogContentBrowser: Native class hierarchy updated for 'BlueprintGraph' in 0.0006 seconds. Added 116 classes and 0 folders.
[2018.10.05-03.40.25:573][533]LogSlate: Took 0.000287 seconds to synchronously load lazily loaded font '../../../Engine/Content/Slate/Fonts/Roboto-BoldCondensed.ttf' (158K)
[2018.10.05-03.40.25:676][534]LogSlate: Took 0.000418 seconds to synchronously load lazily loaded font '../../../Engine/Content/Slate/Fonts/Roboto-Italic.ttf' (157K)
[2018.10.05-03.40.42:910][554]Cmd: OBJ SAVEPACKAGE PACKAGE="/Game/MidtermBP/BP_MainPlayer" FILE="../../../../../../GitHub/Rhythm_Midterm_Unreal/UnrealMidterm/Content/MidtermBP/BP_MainPlayer.uasset" SILENT=true
[2018.10.05-03.40.42:970][554]LogSavePackage: Moving '../../../../../../GitHub/Rhythm_Midterm_Unreal/UnrealMidterm/Saved/BP_MainPlayerB6D77DBE44C1317393B75F81D267F13A.tmp' to '../../../../../../GitHub/Rhythm_Midterm_Unreal/UnrealMidterm/Content/MidtermBP/BP_MainPlayer.uasset'
[2018.10.05-03.40.54:873][260]BlueprintLog: New page: Compile BP_MainPlayer
[2018.10.05-03.40.55:599][285]Cmd: OBJ SAVEPACKAGE PACKAGE="/Game/MidtermBP/BP_MainPlayer" FILE="../../../../../../GitHub/Rhythm_Midterm_Unreal/UnrealMidterm/Content/MidtermBP/BP_MainPlayer.uasset" SILENT=true
[2018.10.05-03.40.55:656][285]LogSavePackage: Moving '../../../../../../GitHub/Rhythm_Midterm_Unreal/UnrealMidterm/Saved/BP_MainPlayer04ACFEE640FA0220290E53810DCDF9D6.tmp' to '../../../../../../GitHub/Rhythm_Midterm_Unreal/UnrealMidterm/Content/MidtermBP/BP_MainPlayer.uasset'
[2018.10.05-03.41.22:287][878]LogSelectionDetails: Warning: NavigateToFunctionSource:  Unable to find symbols for 'UGameplayStatics::SetBaseSoundMix' [找不到元素。]
[2018.10.05-03.42.17:823][761]LogTemp: Repeating last play command: Selected Viewport
[2018.10.05-03.42.17:849][761]LogBlueprintUserMessages: Early PlayInEditor Detection: Level '/Game/VehicleBP/Maps/VehicleExampleMap.VehicleExampleMap:PersistentLevel' has LevelScriptBlueprint '/Game/VehicleBP/Maps/VehicleExampleMap.VehicleExampleMap:PersistentLevel.VehicleExampleMap' with GeneratedClass '/Game/VehicleBP/Maps/VehicleExampleMap.VehicleExampleMap_C' with ClassGeneratedBy '/Game/VehicleBP/Maps/VehicleExampleMap.VehicleExampleMap:PersistentLevel.VehicleExampleMap'
[2018.10.05-03.42.17:849][761]LogPlayLevel: PlayLevel: No blueprints needed recompiling
[2018.10.05-03.42.17:849][761]PIE: New page: PIE session: VehicleExampleMap (Oct 4, 2018, 1:42:17 PM)
[2018.10.05-03.42.17:849][761]LogPlayLevel: Creating play world package: /Game/VehicleBP/Maps/UEDPIE_0_VehicleExampleMap
[2018.10.05-03.42.17:865][761]LogPlayLevel: PIE: StaticDuplicateObject took: (0.016333s)
[2018.10.05-03.42.17:866][761]LogAIModule: Creating AISystem for world VehicleExampleMap
[2018.10.05-03.42.17:867][761]LogPlayLevel: PIE: World Init took: (0.001081s)
[2018.10.05-03.42.17:867][761]LogPlayLevel: PIE: Created PIE world by copying editor world from /Game/VehicleBP/Maps/VehicleExampleMap.VehicleExampleMap to /Game/VehicleBP/Maps/UEDPIE_0_VehicleExampleMap.VehicleExampleMap (0.017634s)
[2018.10.05-03.42.17:990][761]LogInit: XAudio2 using '扬声器/听筒 (Realtek Audio)' : 6 channels at 48 kHz using 32 bits per sample (channel mask 0x3f)
[2018.10.05-03.42.18:165][761]LogInit: FAudioDevice initialized.
[2018.10.05-03.42.18:200][761]LogLoad: Game class is 'GameMode_Rhythm_Game_C'
[2018.10.05-03.42.18:207][761]LogWorld: Bringing World /Game/VehicleBP/Maps/UEDPIE_0_VehicleExampleMap.VehicleExampleMap up for play (max tick rate 60) at 2018.10.04-20.42.18
[2018.10.05-03.42.18:208][761]LogWorld: Bringing up level for play took: 0.000905
[2018.10.05-03.42.18:220][761]LogBlueprintUserMessages: [BP_MainPlayer_3] Mute
[2018.10.05-03.42.18:220][761]PIE: Play in editor start time for /Game/VehicleBP/Maps/UEDPIE_0_VehicleExampleMap 1.073
[2018.10.05-03.42.18:221][761]LogBlueprintUserMessages: Late PlayInEditor Detection: Level '/Game/VehicleBP/Maps/VehicleExampleMap.VehicleExampleMap:PersistentLevel' has LevelScriptBlueprint '/Game/VehicleBP/Maps/VehicleExampleMap.VehicleExampleMap:PersistentLevel.VehicleExampleMap' with GeneratedClass '/Game/VehicleBP/Maps/VehicleExampleMap.VehicleExampleMap_C' with ClassGeneratedBy '/Game/VehicleBP/Maps/VehicleExampleMap.VehicleExampleMap:PersistentLevel.VehicleExampleMap'
[2018.10.05-03.42.23:164][ 56]LogBlueprintUserMessages: [BP_MainPlayer_3] honk
[2018.10.05-03.42.23:331][ 66]LogBlueprintUserMessages: [BP_MainPlayer_3] Mute
[2018.10.05-03.42.24:981][165]LogBlueprintUserMessages: [BP_MainPlayer_3] honk
[2018.10.05-03.42.25:381][189]LogBlueprintUserMessages: [BP_MainPlayer_3] Mute
[2018.10.05-03.42.28:065][350]LogBlueprintUserMessages: [BP_MainPlayer_3] honk
[2018.10.05-03.42.28:451][373]LogBlueprintUserMessages: [BP_MainPlayer_3] Mute
[2018.10.05-03.42.28:748][391]LogBlueprintUserMessages: [BP_MainPlayer_3] honk
[2018.10.05-03.42.29:083][411]LogBlueprintUserMessages: [BP_MainPlayer_3] Mute
[2018.10.05-03.42.29:433][432]LogBlueprintUserMessages: [BP_MainPlayer_3] honk
[2018.10.05-03.42.29:717][449]LogBlueprintUserMessages: [BP_MainPlayer_3] Mute
[2018.10.05-03.42.30:048][469]LogBlueprintUserMessages: [BP_MainPlayer_3] honk
[2018.10.05-03.42.30:249][481]LogBlueprintUserMessages: [BP_MainPlayer_3] Mute
[2018.10.05-03.42.30:533][498]LogBlueprintUserMessages: [BP_MainPlayer_3] honk
[2018.10.05-03.42.30:683][507]LogBlueprintUserMessages: [BP_MainPlayer_3] Mute
[2018.10.05-03.42.31:617][563]LogBlueprintUserMessages: Early EndPlayMap Detection: Level '/Game/VehicleBP/Maps/VehicleExampleMap.VehicleExampleMap:PersistentLevel' has LevelScriptBlueprint '/Game/VehicleBP/Maps/VehicleExampleMap.VehicleExampleMap:PersistentLevel.VehicleExampleMap' with GeneratedClass '/Game/VehicleBP/Maps/VehicleExampleMap.VehicleExampleMap_C' with ClassGeneratedBy '/Game/VehicleBP/Maps/VehicleExampleMap.VehicleExampleMap:PersistentLevel.VehicleExampleMap'
[2018.10.05-03.42.31:618][563]LogSlate: Updating window title bar state: overlay mode, drag disabled, window buttons hidden, title bar hidden
[2018.10.05-03.42.31:657][563]LogPlayLevel: Display: Shutting down PIE online subsystems
[2018.10.05-03.42.31:657][563]LogBlueprintUserMessages: Late EndPlayMap Detection: Level '/Game/VehicleBP/Maps/VehicleExampleMap.VehicleExampleMap:PersistentLevel' has LevelScriptBlueprint '/Game/VehicleBP/Maps/VehicleExampleMap.VehicleExampleMap:PersistentLevel.VehicleExampleMap' with GeneratedClass '/Game/VehicleBP/Maps/VehicleExampleMap.VehicleExampleMap_C' with ClassGeneratedBy '/Game/VehicleBP/Maps/VehicleExampleMap.VehicleExampleMap:PersistentLevel.VehicleExampleMap'
[2018.10.05-03.42.31:703][563]LogSlate: Updating window title bar state: overlay mode, drag disabled, window buttons hidden, title bar hidden
[2018.10.05-03.42.31:729][564]LogPlayLevel: Display: Destroying online subsystem :Context_6
[2018.10.05-03.42.59:990][947]LogSlate: FSceneViewport::OnFocusLost() reason 0
[2018.10.05-03.43.18:673][ 25]Cmd: OBJ SAVEPACKAGE PACKAGE="/Game/MidtermBP/BP_MainPlayer" FILE="../../../../../../GitHub/Rhythm_Midterm_Unreal/UnrealMidterm/Content/MidtermBP/BP_MainPlayer.uasset" SILENT=true
[2018.10.05-03.43.19:045][ 25]LogSavePackage: Moving '../../../../../../GitHub/Rhythm_Midterm_Unreal/UnrealMidterm/Saved/BP_MainPlayer2026A46D42BD8E1415EDB79FFE8F179F.tmp' to '../../../../../../GitHub/Rhythm_Midterm_Unreal/UnrealMidterm/Content/MidtermBP/BP_MainPlayer.uasset'
[2018.10.05-03.43.35:153][990]BlueprintLog: New page: Compile BP_MainPlayer
[2018.10.05-03.43.35:913][ 20]Cmd: OBJ SAVEPACKAGE PACKAGE="/Game/MidtermBP/BP_MainPlayer" FILE="../../../../../../GitHub/Rhythm_Midterm_Unreal/UnrealMidterm/Content/MidtermBP/BP_MainPlayer.uasset" SILENT=true
[2018.10.05-03.43.35:969][ 20]LogSavePackage: Moving '../../../../../../GitHub/Rhythm_Midterm_Unreal/UnrealMidterm/Saved/BP_MainPlayerDA0394464AAF4D5723890C90817D24D0.tmp' to '../../../../../../GitHub/Rhythm_Midterm_Unreal/UnrealMidterm/Content/MidtermBP/BP_MainPlayer.uasset'
[2018.10.05-03.44.19:638][612]BlueprintLog: New page: Compile BP_MainPlayer
[2018.10.05-03.44.20:299][634]Cmd: OBJ SAVEPACKAGE PACKAGE="/Game/MidtermBP/BP_MainPlayer" FILE="../../../../../../GitHub/Rhythm_Midterm_Unreal/UnrealMidterm/Content/MidtermBP/BP_MainPlayer.uasset" SILENT=true
[2018.10.05-03.44.20:361][634]LogSavePackage: Moving '../../../../../../GitHub/Rhythm_Midterm_Unreal/UnrealMidterm/Saved/BP_MainPlayer2149A29A40276EE9FF337E8205649843.tmp' to '../../../../../../GitHub/Rhythm_Midterm_Unreal/UnrealMidterm/Content/MidtermBP/BP_MainPlayer.uasset'
[2018.10.05-03.44.24:941][904]LogTemp: Repeating last play command: Selected Viewport
[2018.10.05-03.44.24:970][904]LogBlueprintUserMessages: Early PlayInEditor Detection: Level '/Game/VehicleBP/Maps/VehicleExampleMap.VehicleExampleMap:PersistentLevel' has LevelScriptBlueprint '/Game/VehicleBP/Maps/VehicleExampleMap.VehicleExampleMap:PersistentLevel.VehicleExampleMap' with GeneratedClass '/Game/VehicleBP/Maps/VehicleExampleMap.VehicleExampleMap_C' with ClassGeneratedBy '/Game/VehicleBP/Maps/VehicleExampleMap.VehicleExampleMap:PersistentLevel.VehicleExampleMap'
[2018.10.05-03.44.24:970][904]LogPlayLevel: PlayLevel: No blueprints needed recompiling
[2018.10.05-03.44.24:970][904]PIE: New page: PIE session: VehicleExampleMap (Oct 4, 2018, 1:44:24 PM)
[2018.10.05-03.44.24:970][904]LogPlayLevel: Creating play world package: /Game/VehicleBP/Maps/UEDPIE_0_VehicleExampleMap
[2018.10.05-03.44.24:985][904]LogPlayLevel: PIE: StaticDuplicateObject took: (0.014500s)
[2018.10.05-03.44.24:986][904]LogAIModule: Creating AISystem for world VehicleExampleMap
[2018.10.05-03.44.24:986][904]LogPlayLevel: PIE: World Init took: (0.001308s)
[2018.10.05-03.44.24:986][904]LogPlayLevel: PIE: Created PIE world by copying editor world from /Game/VehicleBP/Maps/VehicleExampleMap.VehicleExampleMap to /Game/VehicleBP/Maps/UEDPIE_0_VehicleExampleMap.VehicleExampleMap (0.016030s)
[2018.10.05-03.44.25:095][904]LogInit: XAudio2 using '扬声器/听筒 (Realtek Audio)' : 6 channels at 48 kHz using 32 bits per sample (channel mask 0x3f)
[2018.10.05-03.44.25:289][904]LogInit: FAudioDevice initialized.
[2018.10.05-03.44.25:321][904]LogLoad: Game class is 'GameMode_Rhythm_Game_C'
[2018.10.05-03.44.25:328][904]LogWorld: Bringing World /Game/VehicleBP/Maps/UEDPIE_0_VehicleExampleMap.VehicleExampleMap up for play (max tick rate 60) at 2018.10.04-20.44.25
[2018.10.05-03.44.25:328][904]LogWorld: Bringing up level for play took: 0.000805
[2018.10.05-03.44.25:341][904]LogBlueprintUserMessages: [BP_MainPlayer_3] Mute
[2018.10.05-03.44.25:341][904]PIE: Play in editor start time for /Game/VehicleBP/Maps/UEDPIE_0_VehicleExampleMap 0.194
[2018.10.05-03.44.25:341][904]LogBlueprintUserMessages: Late PlayInEditor Detection: Level '/Game/VehicleBP/Maps/VehicleExampleMap.VehicleExampleMap:PersistentLevel' has LevelScriptBlueprint '/Game/VehicleBP/Maps/VehicleExampleMap.VehicleExampleMap:PersistentLevel.VehicleExampleMap' with GeneratedClass '/Game/VehicleBP/Maps/VehicleExampleMap.VehicleExampleMap_C' with ClassGeneratedBy '/Game/VehicleBP/Maps/VehicleExampleMap.VehicleExampleMap:PersistentLevel.VehicleExampleMap'
[2018.10.05-03.44.40:654][822]LogBlueprintUserMessages: [BP_MainPlayer_3] honk
[2018.10.05-03.44.41:121][850]LogBlueprintUserMessages: [BP_MainPlayer_3] Mute
[2018.10.05-03.44.44:573][ 57]LogBlueprintUserMessages: Early EndPlayMap Detection: Level '/Game/VehicleBP/Maps/VehicleExampleMap.VehicleExampleMap:PersistentLevel' has LevelScriptBlueprint '/Game/VehicleBP/Maps/VehicleExampleMap.VehicleExampleMap:PersistentLevel.VehicleExampleMap' with GeneratedClass '/Game/VehicleBP/Maps/VehicleExampleMap.VehicleExampleMap_C' with ClassGeneratedBy '/Game/VehicleBP/Maps/VehicleExampleMap.VehicleExampleMap:PersistentLevel.VehicleExampleMap'
[2018.10.05-03.44.44:573][ 57]LogSlate: Updating window title bar state: overlay mode, drag disabled, window buttons hidden, title bar hidden
[2018.10.05-03.44.44:612][ 57]LogPlayLevel: Display: Shutting down PIE online subsystems
[2018.10.05-03.44.44:612][ 57]LogBlueprintUserMessages: Late EndPlayMap Detection: Level '/Game/VehicleBP/Maps/VehicleExampleMap.VehicleExampleMap:PersistentLevel' has LevelScriptBlueprint '/Game/VehicleBP/Maps/VehicleExampleMap.VehicleExampleMap:PersistentLevel.VehicleExampleMap' with GeneratedClass '/Game/VehicleBP/Maps/VehicleExampleMap.VehicleExampleMap_C' with ClassGeneratedBy '/Game/VehicleBP/Maps/VehicleExampleMap.VehicleExampleMap:PersistentLevel.VehicleExampleMap'
[2018.10.05-03.44.44:665][ 57]LogSlate: Updating window title bar state: overlay mode, drag disabled, window buttons hidden, title bar hidden
[2018.10.05-03.44.44:694][ 58]LogPlayLevel: Display: Destroying online subsystem :Context_7
[2018.10.05-03.44.47:158][205]LogSlate: FSceneViewport::OnFocusLost() reason 0
[2018.10.05-03.44.47:275][212]LogTemp: Repeating last play command: Selected Viewport
[2018.10.05-03.44.47:293][212]LogBlueprintUserMessages: Early PlayInEditor Detection: Level '/Game/VehicleBP/Maps/VehicleExampleMap.VehicleExampleMap:PersistentLevel' has LevelScriptBlueprint '/Game/VehicleBP/Maps/VehicleExampleMap.VehicleExampleMap:PersistentLevel.VehicleExampleMap' with GeneratedClass '/Game/VehicleBP/Maps/VehicleExampleMap.VehicleExampleMap_C' with ClassGeneratedBy '/Game/VehicleBP/Maps/VehicleExampleMap.VehicleExampleMap:PersistentLevel.VehicleExampleMap'
[2018.10.05-03.44.47:293][212]LogPlayLevel: PlayLevel: No blueprints needed recompiling
[2018.10.05-03.44.47:293][212]PIE: New page: PIE session: VehicleExampleMap (Oct 4, 2018, 1:44:47 PM)
[2018.10.05-03.44.47:293][212]LogPlayLevel: Creating play world package: /Game/VehicleBP/Maps/UEDPIE_0_VehicleExampleMap
[2018.10.05-03.44.47:304][212]LogPlayLevel: PIE: StaticDuplicateObject took: (0.010277s)
[2018.10.05-03.44.47:304][212]LogAIModule: Creating AISystem for world VehicleExampleMap
[2018.10.05-03.44.47:305][212]LogPlayLevel: PIE: World Init took: (0.001028s)
[2018.10.05-03.44.47:305][212]LogPlayLevel: PIE: Created PIE world by copying editor world from /Game/VehicleBP/Maps/VehicleExampleMap.VehicleExampleMap to /Game/VehicleBP/Maps/UEDPIE_0_VehicleExampleMap.VehicleExampleMap (0.011523s)
[2018.10.05-03.44.47:381][212]LogInit: XAudio2 using '扬声器/听筒 (Realtek Audio)' : 6 channels at 48 kHz using 32 bits per sample (channel mask 0x3f)
[2018.10.05-03.44.47:557][212]LogInit: FAudioDevice initialized.
[2018.10.05-03.44.47:592][212]LogLoad: Game class is 'GameMode_Rhythm_Game_C'
[2018.10.05-03.44.47:600][212]LogWorld: Bringing World /Game/VehicleBP/Maps/UEDPIE_0_VehicleExampleMap.VehicleExampleMap up for play (max tick rate 60) at 2018.10.04-20.44.47
[2018.10.05-03.44.47:600][212]LogWorld: Bringing up level for play took: 0.000725
[2018.10.05-03.44.47:614][212]LogBlueprintUserMessages: [BP_MainPlayer_3] Mute
[2018.10.05-03.44.47:615][212]PIE: Play in editor start time for /Game/VehicleBP/Maps/UEDPIE_0_VehicleExampleMap 0.468
[2018.10.05-03.44.47:615][212]LogBlueprintUserMessages: Late PlayInEditor Detection: Level '/Game/VehicleBP/Maps/VehicleExampleMap.VehicleExampleMap:PersistentLevel' has LevelScriptBlueprint '/Game/VehicleBP/Maps/VehicleExampleMap.VehicleExampleMap:PersistentLevel.VehicleExampleMap' with GeneratedClass '/Game/VehicleBP/Maps/VehicleExampleMap.VehicleExampleMap_C' with ClassGeneratedBy '/Game/VehicleBP/Maps/VehicleExampleMap.VehicleExampleMap:PersistentLevel.VehicleExampleMap'
[2018.10.05-03.44.49:538][327]LogBlueprintUserMessages: [BP_MainPlayer_3] honk
[2018.10.05-03.44.50:806][403]LogBlueprintUserMessages: [BP_MainPlayer_3] Mute
[2018.10.05-03.44.51:539][447]LogBlueprintUserMessages: [BP_MainPlayer_3] honk
[2018.10.05-03.44.52:106][481]LogBlueprintUserMessages: [BP_MainPlayer_3] Mute
[2018.10.05-03.44.52:973][533]LogBlueprintUserMessages: [BP_MainPlayer_3] honk
[2018.10.05-03.44.53:373][557]LogBlueprintUserMessages: [BP_MainPlayer_3] Mute
[2018.10.05-03.44.53:989][594]LogBlueprintUserMessages: [BP_MainPlayer_3] honk
[2018.10.05-03.44.54:240][609]LogBlueprintUserMessages: [BP_MainPlayer_3] Mute
[2018.10.05-03.44.54:673][635]LogBlueprintUserMessages: [BP_MainPlayer_3] honk
[2018.10.05-03.44.54:740][639]LogBlueprintUserMessages: [BP_MainPlayer_3] Mute
[2018.10.05-03.44.55:123][662]LogBlueprintUserMessages: [BP_MainPlayer_3] honk
[2018.10.05-03.44.55:557][688]LogBlueprintUserMessages: [BP_MainPlayer_3] Mute
[2018.10.05-03.44.56:991][774]LogBlueprintUserMessages: Early EndPlayMap Detection: Level '/Game/VehicleBP/Maps/VehicleExampleMap.VehicleExampleMap:PersistentLevel' has LevelScriptBlueprint '/Game/VehicleBP/Maps/VehicleExampleMap.VehicleExampleMap:PersistentLevel.VehicleExampleMap' with GeneratedClass '/Game/VehicleBP/Maps/VehicleExampleMap.VehicleExampleMap_C' with ClassGeneratedBy '/Game/VehicleBP/Maps/VehicleExampleMap.VehicleExampleMap:PersistentLevel.VehicleExampleMap'
[2018.10.05-03.44.56:992][774]LogSlate: Updating window title bar state: overlay mode, drag disabled, window buttons hidden, title bar hidden
[2018.10.05-03.44.57:035][774]LogPlayLevel: Display: Shutting down PIE online subsystems
[2018.10.05-03.44.57:035][774]LogBlueprintUserMessages: Late EndPlayMap Detection: Level '/Game/VehicleBP/Maps/VehicleExampleMap.VehicleExampleMap:PersistentLevel' has LevelScriptBlueprint '/Game/VehicleBP/Maps/VehicleExampleMap.VehicleExampleMap:PersistentLevel.VehicleExampleMap' with GeneratedClass '/Game/VehicleBP/Maps/VehicleExampleMap.VehicleExampleMap_C' with ClassGeneratedBy '/Game/VehicleBP/Maps/VehicleExampleMap.VehicleExampleMap:PersistentLevel.VehicleExampleMap'
[2018.10.05-03.44.57:096][774]LogSlate: Updating window title bar state: overlay mode, drag disabled, window buttons hidden, title bar hidden
[2018.10.05-03.44.57:124][775]LogPlayLevel: Display: Destroying online subsystem :Context_8
[2018.10.05-03.44.58:052][830]LogSlate: FSceneViewport::OnFocusLost() reason 0
[2018.10.05-03.44.58:184][838]LogTemp: Repeating last play command: Selected Viewport
[2018.10.05-03.44.58:207][838]LogBlueprintUserMessages: Early PlayInEditor Detection: Level '/Game/VehicleBP/Maps/VehicleExampleMap.VehicleExampleMap:PersistentLevel' has LevelScriptBlueprint '/Game/VehicleBP/Maps/VehicleExampleMap.VehicleExampleMap:PersistentLevel.VehicleExampleMap' with GeneratedClass '/Game/VehicleBP/Maps/VehicleExampleMap.VehicleExampleMap_C' with ClassGeneratedBy '/Game/VehicleBP/Maps/VehicleExampleMap.VehicleExampleMap:PersistentLevel.VehicleExampleMap'
[2018.10.05-03.44.58:208][838]LogPlayLevel: PlayLevel: No blueprints needed recompiling
[2018.10.05-03.44.58:208][838]PIE: New page: PIE session: VehicleExampleMap (Oct 4, 2018, 1:44:58 PM)
[2018.10.05-03.44.58:208][838]LogPlayLevel: Creating play world package: /Game/VehicleBP/Maps/UEDPIE_0_VehicleExampleMap
[2018.10.05-03.44.58:219][838]LogPlayLevel: PIE: StaticDuplicateObject took: (0.010669s)
[2018.10.05-03.44.58:219][838]LogAIModule: Creating AISystem for world VehicleExampleMap
[2018.10.05-03.44.58:220][838]LogPlayLevel: PIE: World Init took: (0.001050s)
[2018.10.05-03.44.58:220][838]LogPlayLevel: PIE: Created PIE world by copying editor world from /Game/VehicleBP/Maps/VehicleExampleMap.VehicleExampleMap to /Game/VehicleBP/Maps/UEDPIE_0_VehicleExampleMap.VehicleExampleMap (0.011928s)
[2018.10.05-03.44.58:294][838]LogInit: XAudio2 using '扬声器/听筒 (Realtek Audio)' : 6 channels at 48 kHz using 32 bits per sample (channel mask 0x3f)
[2018.10.05-03.44.58:489][838]LogInit: FAudioDevice initialized.
[2018.10.05-03.44.58:520][838]LogLoad: Game class is 'GameMode_Rhythm_Game_C'
[2018.10.05-03.44.58:526][838]LogWorld: Bringing World /Game/VehicleBP/Maps/UEDPIE_0_VehicleExampleMap.VehicleExampleMap up for play (max tick rate 60) at 2018.10.04-20.44.58
[2018.10.05-03.44.58:526][838]LogWorld: Bringing up level for play took: 0.000847
[2018.10.05-03.44.58:539][838]LogBlueprintUserMessages: [BP_MainPlayer_3] Mute
[2018.10.05-03.44.58:540][838]PIE: Play in editor start time for /Game/VehicleBP/Maps/UEDPIE_0_VehicleExampleMap -0.607
[2018.10.05-03.44.58:540][838]LogBlueprintUserMessages: Late PlayInEditor Detection: Level '/Game/VehicleBP/Maps/VehicleExampleMap.VehicleExampleMap:PersistentLevel' has LevelScriptBlueprint '/Game/VehicleBP/Maps/VehicleExampleMap.VehicleExampleMap:PersistentLevel.VehicleExampleMap' with GeneratedClass '/Game/VehicleBP/Maps/VehicleExampleMap.VehicleExampleMap_C' with ClassGeneratedBy '/Game/VehicleBP/Maps/VehicleExampleMap.VehicleExampleMap:PersistentLevel.VehicleExampleMap'
[2018.10.05-03.44.59:243][880]LogBlueprintUserMessages: [BP_MainPlayer_3] honk
[2018.10.05-03.44.59:344][886]LogBlueprintUserMessages: [BP_MainPlayer_3] Mute
[2018.10.05-03.44.59:927][921]LogBlueprintUserMessages: [BP_MainPlayer_3] honk
[2018.10.05-03.44.59:977][924]LogBlueprintUserMessages: [BP_MainPlayer_3] Mute
[2018.10.05-03.45.00:444][952]LogBlueprintUserMessages: [BP_MainPlayer_3] honk
[2018.10.05-03.45.00:477][954]LogBlueprintUserMessages: [BP_MainPlayer_3] Mute
[2018.10.05-03.45.00:961][983]LogBlueprintUserMessages: [BP_MainPlayer_3] honk
[2018.10.05-03.45.01:011][986]LogBlueprintUserMessages: [BP_MainPlayer_3] Mute
[2018.10.05-03.45.01:461][ 13]LogBlueprintUserMessages: [BP_MainPlayer_3] honk
[2018.10.05-03.45.01:511][ 16]LogBlueprintUserMessages: [BP_MainPlayer_3] Mute
[2018.10.05-03.45.01:928][ 41]LogBlueprintUserMessages: [BP_MainPlayer_3] honk
[2018.10.05-03.45.01:994][ 45]LogBlueprintUserMessages: [BP_MainPlayer_3] Mute
[2018.10.05-03.45.02:480][ 74]LogBlueprintUserMessages: Early EndPlayMap Detection: Level '/Game/VehicleBP/Maps/VehicleExampleMap.VehicleExampleMap:PersistentLevel' has LevelScriptBlueprint '/Game/VehicleBP/Maps/VehicleExampleMap.VehicleExampleMap:PersistentLevel.VehicleExampleMap' with GeneratedClass '/Game/VehicleBP/Maps/VehicleExampleMap.VehicleExampleMap_C' with ClassGeneratedBy '/Game/VehicleBP/Maps/VehicleExampleMap.VehicleExampleMap:PersistentLevel.VehicleExampleMap'
[2018.10.05-03.45.02:480][ 74]LogSlate: Updating window title bar state: overlay mode, drag disabled, window buttons hidden, title bar hidden
[2018.10.05-03.45.02:525][ 74]LogPlayLevel: Display: Shutting down PIE online subsystems
[2018.10.05-03.45.02:525][ 74]LogBlueprintUserMessages: Late EndPlayMap Detection: Level '/Game/VehicleBP/Maps/VehicleExampleMap.VehicleExampleMap:PersistentLevel' has LevelScriptBlueprint '/Game/VehicleBP/Maps/VehicleExampleMap.VehicleExampleMap:PersistentLevel.VehicleExampleMap' with GeneratedClass '/Game/VehicleBP/Maps/VehicleExampleMap.VehicleExampleMap_C' with ClassGeneratedBy '/Game/VehicleBP/Maps/VehicleExampleMap.VehicleExampleMap:PersistentLevel.VehicleExampleMap'
[2018.10.05-03.45.02:577][ 74]LogSlate: Updating window title bar state: overlay mode, drag disabled, window buttons hidden, title bar hidden
[2018.10.05-03.45.02:606][ 75]LogPlayLevel: Display: Destroying online subsystem :Context_9
[2018.10.05-03.45.03:298][116]LogSlate: FSceneViewport::OnFocusLost() reason 0
[2018.10.05-03.45.11:748][620]BlueprintLog: New page: Compile BP_MainPlayer
[2018.10.05-03.45.25:799][442]Cmd: OBJ SAVEPACKAGE PACKAGE="/Game/MidtermBP/BP_MainPlayer" FILE="../../../../../../GitHub/Rhythm_Midterm_Unreal/UnrealMidterm/Content/MidtermBP/BP_MainPlayer.uasset" SILENT=true
[2018.10.05-03.45.25:857][442]LogSavePackage: Moving '../../../../../../GitHub/Rhythm_Midterm_Unreal/UnrealMidterm/Saved/BP_MainPlayerB568FD5E4FA7A4BEF2DA46837613B156.tmp' to '../../../../../../GitHub/Rhythm_Midterm_Unreal/UnrealMidterm/Content/MidtermBP/BP_MainPlayer.uasset'
[2018.10.05-03.45.40:227][279]LogSavePackage: Moving '../../../../../../GitHub/Rhythm_Midterm_Unreal/UnrealMidterm/Saved/VehicleExampleMapDF95A3344397C09F124B9293C6FCB3D9.tmp' to '../../../../../../GitHub/Rhythm_Midterm_Unreal/UnrealMidterm/Content/VehicleBP/Maps/VehicleExampleMap.umap'
[2018.10.05-03.45.40:309][279]LogSavePackage: Moving '../../../../../../GitHub/Rhythm_Midterm_Unreal/UnrealMidterm/Saved/VehicleExampleMap_BuiltData8B3A794140BCE6374AF8E3B32385C20C.tmp' to '../../../../../../GitHub/Rhythm_Midterm_Unreal/UnrealMidterm/Content/VehicleBP/Maps/VehicleExampleMap_BuiltData.uasset'
[2018.10.05-03.52.06:392][654]LogWindowsTextInputMethodSystem: Display: IME system now deactivated.
[2018.10.05-03.52.06:394][654]LogWindowsTextInputMethodSystem: Display: IME system now activated using TSF (微软拼音).
[2018.10.05-03.52.07:909][734]LogSlate: Window 'UnrealMidterm - Unreal Editor' being destroyed
[2018.10.05-03.52.08:132][735]Cmd: QUIT_EDITOR
[2018.10.05-03.52.08:747][735]LogWindowsTextInputMethodSystem: Display: IME system now activated using TSF (微软拼音).
[2018.10.05-03.52.08:761][735]LogExit: Preparing to exit.
[2018.10.05-03.52.09:108][735]LogExit: Editor shut down
[2018.10.05-03.52.09:109][735]LogExit: Transaction tracking system shut down
[2018.10.05-03.52.09:614][735]LogExit: Object subsystem successfully closed.
[2018.10.05-03.52.09:636][735]LogShaderCompilers: Display: Shaders left to compile 0
[2018.10.05-03.52.09:639][735]LogD3D11RHI: Shutdown
[2018.10.05-03.52.09:639][735]LogD3D11RHI: CleanupD3DDevice
[2018.10.05-03.52.09:640][735]LogD3D11RHI: ~FD3D11DynamicRHI
[2018.10.05-03.52.09:706][735]LogModuleManager: Shutting down and abandoning module BlueprintGraph (618)
[2018.10.05-03.52.09:706][735]LogModuleManager: Shutting down and abandoning module MovieSceneCapture (616)
[2018.10.05-03.52.09:706][735]LogModuleManager: Shutting down and abandoning module Voice (614)
[2018.10.05-03.52.09:706][735]LogModuleManager: Shutting down and abandoning module HierarchicalLODOutliner (612)
[2018.10.05-03.52.09:706][735]LogModuleManager: Shutting down and abandoning module SceneOutliner (610)
[2018.10.05-03.52.09:706][735]LogModuleManager: Shutting down and abandoning module AddContentDialog (608)
[2018.10.05-03.52.09:706][735]LogModuleManager: Shutting down and abandoning module WidgetCarousel (607)
[2018.10.05-03.52.09:706][735]LogModuleManager: Shutting down and abandoning module EditorWidgets (604)
[2018.10.05-03.52.09:706][735]LogModuleManager: Shutting down and abandoning module CollectionManager (602)
[2018.10.05-03.52.09:707][735]LogModuleManager: Shutting down and abandoning module StatsViewer (600)
[2018.10.05-03.52.09:707][735]LogModuleManager: Shutting down and abandoning module FoliageEdit (598)
[2018.10.05-03.52.09:707][735]LogModuleManager: Shutting down and abandoning module LandscapeEditor (596)
[2018.10.05-03.52.09:707][735]LogModuleManager: Shutting down and abandoning module MeshPaintMode (594)
[2018.10.05-03.52.09:707][735]LogModuleManager: Shutting down and abandoning module SceneDepthPickerMode (592)
[2018.10.05-03.52.09:707][735]LogModuleManager: Shutting down and abandoning module ActorPickerMode (590)
[2018.10.05-03.52.09:707][735]LogModuleManager: Shutting down and abandoning module GeometryMode (588)
[2018.10.05-03.52.09:707][735]LogModuleManager: Shutting down and abandoning module TextureAlignMode (586)
[2018.10.05-03.52.09:707][735]LogModuleManager: Shutting down and abandoning module BspMode (584)
[2018.10.05-03.52.09:707][735]LogModuleManager: Shutting down and abandoning module PIEPreviewDeviceProfileSelector (582)
[2018.10.05-03.52.09:707][735]LogModuleManager: Shutting down and abandoning module SequenceRecorderSections (580)
[2018.10.05-03.52.09:707][735]LogModuleManager: Shutting down and abandoning module AutomationWorker (578)
[2018.10.05-03.52.09:707][735]LogModuleManager: Shutting down and abandoning module AudioCaptureEditor (576)
[2018.10.05-03.52.09:707][735]LogModuleManager: Shutting down and abandoning module SequenceRecorder (575)
[2018.10.05-03.52.09:707][735]LogModuleManager: Shutting down and abandoning module MatineeToLevelSequence (572)
[2018.10.05-03.52.09:707][735]LogModuleManager: Shutting down and abandoning module LevelSequenceEditor (570)
[2018.10.05-03.52.09:707][735]LogModuleManager: Shutting down and abandoning module PlacementMode (569)
[2018.10.05-03.52.09:707][735]LogModuleManager: Shutting down and abandoning module MaterialEditor (568)
[2018.10.05-03.52.09:707][735]LogModuleManager: Shutting down and abandoning module WmfMediaFactory (564)
[2018.10.05-03.52.09:707][735]LogModuleManager: Shutting down and abandoning module WmfMediaEditor (562)
[2018.10.05-03.52.09:707][735]LogModuleManager: Shutting down and abandoning module MediaPlayerEditor (560)
[2018.10.05-03.52.09:707][735]LogModuleManager: Shutting down and abandoning module OpenExrWrapper (558)
[2018.10.05-03.52.09:707][735]LogModuleManager: Shutting down and abandoning module ImgMediaFactory (556)
[2018.10.05-03.52.09:707][735]LogModuleManager: Shutting down and abandoning module ImgMediaEditor (554)
[2018.10.05-03.52.09:707][735]LogModuleManager: Shutting down and abandoning module AvfMediaFactory (552)
[2018.10.05-03.52.09:707][735]LogModuleManager: Shutting down and abandoning module AvfMediaEditor (550)
[2018.10.05-03.52.09:707][735]LogModuleManager: Shutting down and abandoning module AndroidMediaFactory (548)
[2018.10.05-03.52.09:707][735]LogModuleManager: Shutting down and abandoning module AndroidMediaEditor (546)
[2018.10.05-03.52.09:707][735]LogModuleManager: Shutting down and abandoning module MagicLeapCameraPreviewFactory (544)
[2018.10.05-03.52.09:707][735]LogModuleManager: Shutting down and abandoning module MagicLeapMediaFactory (542)
[2018.10.05-03.52.09:707][735]LogModuleManager: Shutting down and abandoning module MagicLeapMediaEditor (540)
[2018.10.05-03.52.09:707][735]LogModuleManager: Shutting down and abandoning module CharacterAI (538)
[2018.10.05-03.52.09:708][735]LogModuleManager: Shutting down and abandoning module SmartSnapping (536)
[2018.10.05-03.52.09:708][735]LogModuleManager: Shutting down and abandoning module SessionServices (534)
[2018.10.05-03.52.09:708][735]LogModuleManager: Shutting down and abandoning module ViewportSnapping (532)
[2018.10.05-03.52.09:708][735]LogModuleManager: Shutting down and abandoning module ViewportInteraction (530)
[2018.10.05-03.52.09:708][735]LogModuleManager: Shutting down and abandoning module ClothPainter (528)
[2018.10.05-03.52.09:708][735]LogModuleManager: Shutting down and abandoning module SkeletalMeshEditor (527)
[2018.10.05-03.52.09:708][735]LogModuleManager: Shutting down and abandoning module LogVisualizer (524)
[2018.10.05-03.52.09:708][735]LogModuleManager: Shutting down and abandoning module IntroTutorials (522)
[2018.10.05-03.52.09:708][735]LogModuleManager: Shutting down and abandoning module GameProjectGeneration (521)
[2018.10.05-03.52.09:708][735]LogModuleManager: Shutting down and abandoning module LuminPlatformEditor (518)
[2018.10.05-03.52.09:708][735]LogModuleManager: Shutting down and abandoning module IOSPlatformEditor (516)
[2018.10.05-03.52.09:708][735]LogModuleManager: Shutting down and abandoning module HTML5PlatformEditor (514)
[2018.10.05-03.52.09:708][735]LogModuleManager: Shutting down and abandoning module AndroidPlatformEditor (512)
[2018.10.05-03.52.09:708][735]LogModuleManager: Shutting down and abandoning module AndroidDeviceDetection (511)
[2018.10.05-03.52.09:865][735]LogModuleManager: Shutting down and abandoning module WindowsPlatformEditor (508)
[2018.10.05-03.52.09:865][735]LogModuleManager: Shutting down and abandoning module LuminRuntimeSettings (506)
[2018.10.05-03.52.09:865][735]LogModuleManager: Shutting down and abandoning module IOSRuntimeSettings (504)
[2018.10.05-03.52.09:865][735]LogModuleManager: Shutting down and abandoning module AndroidRuntimeSettings (502)
[2018.10.05-03.52.09:865][735]LogModuleManager: Shutting down and abandoning module InputBindingEditor (500)
[2018.10.05-03.52.09:865][735]LogModuleManager: Shutting down and abandoning module MergeActors (498)
[2018.10.05-03.52.09:865][735]LogModuleManager: Shutting down and abandoning module LocalizationDashboard (496)
[2018.10.05-03.52.09:865][735]LogModuleManager: Shutting down and abandoning module LocalizationService (495)
[2018.10.05-03.52.09:866][735]LogModuleManager: Shutting down and abandoning module HardwareTargeting (492)
[2018.10.05-03.52.09:866][735]LogModuleManager: Shutting down and abandoning module DeviceProfileEditor (490)
[2018.10.05-03.52.09:866][735]LogModuleManager: Shutting down and abandoning module UndoHistory (488)
[2018.10.05-03.52.09:866][735]LogModuleManager: Shutting down and abandoning module XmlParser (486)
[2018.10.05-03.52.09:866][735]LogModuleManager: Shutting down and abandoning module Blutility (484)
[2018.10.05-03.52.09:866][735]LogModuleManager: Shutting down and abandoning module ProjectSettingsViewer (482)
[2018.10.05-03.52.09:866][735]LogModuleManager: Shutting down and abandoning module ProjectTargetPlatformEditor (481)
[2018.10.05-03.52.09:866][735]LogModuleManager: Shutting down and abandoning module EditorSettingsViewer (478)
[2018.10.05-03.52.09:866][735]LogModuleManager: Shutting down and abandoning module SettingsEditor (476)
[2018.10.05-03.52.09:866][735]LogModuleManager: Shutting down and abandoning module ProjectLauncher (474)
[2018.10.05-03.52.09:866][735]LogModuleManager: Shutting down and abandoning module SessionFrontend (472)
[2018.10.05-03.52.09:866][735]LogModuleManager: Shutting down and abandoning module ProfilerClient (470)
[2018.10.05-03.52.09:866][735]LogModuleManager: Shutting down and abandoning module DeviceManager (468)
[2018.10.05-03.52.09:866][735]LogModuleManager: Shutting down and abandoning module TargetDeviceServices (467)
[2018.10.05-03.52.09:921][735]LogModuleManager: Shutting down and abandoning module AutomationController (464)
[2018.10.05-03.52.09:921][735]LogModuleManager: Shutting down and abandoning module AutomationWindow (462)
[2018.10.05-03.52.09:921][735]LogModuleManager: Shutting down and abandoning module Layers (460)
[2018.10.05-03.52.09:921][735]LogModuleManager: Shutting down and abandoning module ComponentVisualizers (458)
[2018.10.05-03.52.09:921][735]LogModuleManager: Shutting down and abandoning module DetailCustomizations (456)
[2018.10.05-03.52.09:921][735]LogModuleManager: Shutting down and abandoning module PackagesDialog (454)
[2018.10.05-03.52.09:921][735]LogModuleManager: Shutting down and abandoning module Persona (452)
[2018.10.05-03.52.09:921][735]LogModuleManager: Shutting down and abandoning module AdvancedPreviewScene (451)
[2018.10.05-03.52.09:921][735]LogModuleManager: Shutting down and abandoning module AnimGraph (449)
[2018.10.05-03.52.09:921][735]LogModuleManager: Shutting down and abandoning module Kismet (446)
[2018.10.05-03.52.09:927][735]LogModuleManager: Shutting down and abandoning module GraphEditor (444)
[2018.10.05-03.52.09:927][735]LogModuleManager: Shutting down and abandoning module ClassViewer (442)
[2018.10.05-03.52.09:927][735]LogModuleManager: Shutting down and abandoning module Toolbox (440)
[2018.10.05-03.52.09:927][735]LogModuleManager: Shutting down and abandoning module ModuleUI (438)
[2018.10.05-03.52.09:927][735]LogModuleManager: Shutting down and abandoning module MovieSceneTools (436)
[2018.10.05-03.52.09:927][735]LogModuleManager: Shutting down and abandoning module OutputLog (434)
[2018.10.05-03.52.09:927][735]LogModuleManager: Shutting down and abandoning module GammaUI (432)
[2018.10.05-03.52.09:927][735]LogModuleManager: Shutting down and abandoning module Documentation (430)
[2018.10.05-03.52.09:927][735]LogModuleManager: Shutting down and abandoning module MovieSceneTracks (428)
[2018.10.05-03.52.09:927][735]LogModuleManager: Shutting down and abandoning module MovieScene (426)
[2018.10.05-03.52.09:927][735]LogModuleManager: Shutting down and abandoning module StreamingPauseRendering (424)
[2018.10.05-03.52.09:927][735]LogModuleManager: Shutting down and abandoning module LauncherPlatform (422)
[2018.10.05-03.52.09:927][735]LogModuleManager: Shutting down and abandoning module AnalyticsET (420)
[2018.10.05-03.52.09:927][735]LogModuleManager: Shutting down and abandoning module PortalServices (418)
[2018.10.05-03.52.09:927][735]LogModuleManager: Shutting down and abandoning module PortalRpc (416)
[2018.10.05-03.52.09:927][735]LogModuleManager: Shutting down and abandoning module MessagingRpc (414)
[2018.10.05-03.52.09:927][735]LogModuleManager: Shutting down and abandoning module AIModule (412)
[2018.10.05-03.52.09:927][735]LogModuleManager: Shutting down and abandoning module GameplayDebugger (411)
[2018.10.05-03.52.09:927][735]LogModuleManager: Shutting down and abandoning module AITestSuite (409)
[2018.10.05-03.52.09:927][735]LogModuleManager: Shutting down and abandoning module NavigationSystem (407)
[2018.10.05-03.52.09:927][735]LogModuleManager: Shutting down and abandoning module DesktopPlatform (404)
[2018.10.05-03.52.09:927][735]LogModuleManager: Shutting down and abandoning module ProfilerService (402)
[2018.10.05-03.52.10:026][735]LogModuleManager: Shutting down and abandoning module TaskGraph (400)
[2018.10.05-03.52.10:026][735]LogModuleManager: Shutting down and abandoning module SteamVRController (398)
[2018.10.05-03.52.10:026][735]LogModuleManager: Shutting down and abandoning module ProceduralMeshComponentEditor (396)
[2018.10.05-03.52.10:026][735]LogModuleManager: Shutting down and abandoning module ProceduralMeshComponent (394)
[2018.10.05-03.52.10:026][735]LogModuleManager: Shutting down and abandoning module OculusInput (392)
[2018.10.05-03.52.10:026][735]LogModuleManager: Shutting down and abandoning module MobilePatchingUtils (390)
[2018.10.05-03.52.10:026][735]LogModuleManager: Shutting down and abandoning module EditableMesh (388)
[2018.10.05-03.52.10:026][735]LogModuleManager: Shutting down and abandoning module CustomMeshComponent (386)
[2018.10.05-03.52.10:026][735]LogModuleManager: Shutting down and abandoning module CableComponent (384)
[2018.10.05-03.52.10:026][735]LogModuleManager: Shutting down and abandoning module AudioCapture (382)
[2018.10.05-03.52.10:026][735]LogModuleManager: Shutting down and abandoning module ArchVisCharacter (380)
[2018.10.05-03.52.10:026][735]LogModuleManager: Shutting down and abandoning module AndroidPermission (378)
[2018.10.05-03.52.10:026][735]LogModuleManager: Shutting down and abandoning module NUTUnrealEngine4 (376)
[2018.10.05-03.52.10:026][735]LogModuleManager: Shutting down and abandoning module NetcodeUnitTest (374)
[2018.10.05-03.52.10:026][735]LogModuleManager: Shutting down and abandoning module MediaCompositingEditor (372)
[2018.10.05-03.52.10:026][735]LogModuleManager: Shutting down and abandoning module MediaCompositing (370)
[2018.10.05-03.52.10:026][735]LogModuleManager: Shutting down and abandoning module LinearTimecode (368)
[2018.10.05-03.52.10:026][735]LogModuleManager: Shutting down and abandoning module ImgMedia (366)
[2018.10.05-03.52.10:031][735]LogModuleManager: Shutting down and abandoning module RawInput (364)
[2018.10.05-03.52.10:031][735]LogModuleManager: Shutting down and abandoning module HTML5Networking (362)
[2018.10.05-03.52.10:031][735]LogModuleManager: Shutting down and abandoning module GeometryCacheTracks (360)
[2018.10.05-03.52.10:031][735]LogModuleManager: Shutting down and abandoning module GeometryCacheSequencer (358)
[2018.10.05-03.52.10:031][735]LogModuleManager: Shutting down and abandoning module BackChannel (356)
[2018.10.05-03.52.10:031][735]LogModuleManager: Shutting down and abandoning module AppleVision (354)
[2018.10.05-03.52.10:031][735]LogModuleManager: Shutting down and abandoning module AppleImageUtils (352)
[2018.10.05-03.52.10:031][735]LogModuleManager: Shutting down and abandoning module AlembicImporter (350)
[2018.10.05-03.52.10:031][735]LogModuleManager: Shutting down and abandoning module AlembicLibrary (349)
[2018.10.05-03.52.10:031][735]LogModuleManager: Shutting down and abandoning module GeometryCache (348)
[2018.10.05-03.52.10:031][735]LogModuleManager: Shutting down and abandoning module GeometryCacheEd (347)
[2018.10.05-03.52.10:031][735]LogModuleManager: Shutting down and abandoning module DatasmithContentEditor (342)
[2018.10.05-03.52.10:031][735]LogModuleManager: Shutting down and abandoning module DatasmithContent (340)
[2018.10.05-03.52.10:032][735]LogModuleManager: Shutting down and abandoning module SpeedTreeImporter (338)
[2018.10.05-03.52.10:032][735]LogModuleManager: Shutting down and abandoning module PluginBrowser (336)
[2018.10.05-03.52.10:032][735]LogModuleManager: Shutting down and abandoning module MobileLauncherProfileWizard (334)
[2018.10.05-03.52.10:032][735]LogModuleManager: Shutting down and abandoning module PolygonModeling (332)
[2018.10.05-03.52.10:032][735]LogModuleManager: Shutting down and abandoning module MeshEditor (330)
[2018.10.05-03.52.10:033][735]LogModuleManager: Shutting down and abandoning module CryptoKeysOpenSSL (328)
[2018.10.05-03.52.10:033][735]LogModuleManager: Shutting down and abandoning module CryptoKeys (326)
[2018.10.05-03.52.10:033][735]LogModuleManager: Shutting down and abandoning module VisualStudioSourceCodeAccess (324)
[2018.10.05-03.52.10:033][735]LogModuleManager: Shutting down and abandoning module VisualStudioCodeSourceCodeAccess (322)
[2018.10.05-03.52.10:033][735]LogModuleManager: Shutting down and abandoning module UObjectPlugin (320)
[2018.10.05-03.52.10:033][735]LogModuleManager: Shutting down and abandoning module SubversionSourceControl (318)
[2018.10.05-03.52.10:033][735]LogModuleManager: Shutting down and abandoning module PerforceSourceControl (316)
[2018.10.05-03.52.10:033][735]LogModuleManager: Shutting down and abandoning module GitSourceControl (314)
[2018.10.05-03.52.10:033][735]LogModuleManager: Shutting down and abandoning module SourceControl (313)
[2018.10.05-03.52.10:033][735]LogModuleManager: Shutting down and abandoning module CLionSourceCodeAccess (310)
[2018.10.05-03.52.10:033][735]LogModuleManager: Shutting down and abandoning module LightPropagationVolumeEditor (308)
[2018.10.05-03.52.10:033][735]LogModuleManager: Shutting down and abandoning module PaperTiledImporter (306)
[2018.10.05-03.52.10:033][735]LogModuleManager: Shutting down and abandoning module PaperSpriteSheetImporter (304)
[2018.10.05-03.52.10:033][735]LogModuleManager: Shutting down and abandoning module Paper2DEditor (302)
[2018.10.05-03.52.10:033][735]LogModuleManager: Shutting down and abandoning module MeshPaint (301)
[2018.10.05-03.52.10:033][735]LogModuleManager: Shutting down and abandoning module RuntimePhysXCooking (298)
[2018.10.05-03.52.10:033][735]LogModuleManager: Shutting down and abandoning module PhysXVehiclesEditor (296)
[2018.10.05-03.52.10:033][735]LogModuleManager: Shutting down and abandoning module PhysXVehicles (294)
[2018.10.05-03.52.10:033][735]LogModuleManager: Shutting down and abandoning module OculusEditor (292)
[2018.10.05-03.52.10:033][735]LogModuleManager: Shutting down and abandoning module LocationServicesBPLibrary (290)
[2018.10.05-03.52.10:033][735]LogModuleManager: Shutting down and abandoning module ImmediatePhysicsEditor (288)
[2018.10.05-03.52.10:033][735]LogModuleManager: Shutting down and abandoning module ImmediatePhysics (286)
[2018.10.05-03.52.10:033][735]LogModuleManager: Shutting down and abandoning module ActorSequence (284)
[2018.10.05-03.52.10:033][735]LogModuleManager: Shutting down and abandoning module UdpMessaging (282)
[2018.10.05-03.52.10:135][735]LogModuleManager: Shutting down and abandoning module TcpMessaging (280)
[2018.10.05-03.52.10:236][735]LogModuleManager: Shutting down and abandoning module MagicLeapAudio (278)
[2018.10.05-03.52.10:236][735]LogModuleManager: Shutting down and abandoning module GameplayTagsEditor (276)
[2018.10.05-03.52.10:236][735]LogModuleManager: Shutting down and abandoning module FacialAnimationEditor (274)
[2018.10.05-03.52.10:236][735]LogModuleManager: Shutting down and abandoning module FacialAnimation (272)
[2018.10.05-03.52.10:236][735]LogModuleManager: Shutting down and abandoning module DataValidation (270)
[2018.10.05-03.52.10:236][735]LogModuleManager: Shutting down and abandoning module AssetManagerEditor (268)
[2018.10.05-03.52.10:236][735]LogModuleManager: Shutting down and abandoning module LevelEditor (267)
[2018.10.05-03.52.10:236][735]LogModuleManager: Shutting down and abandoning module PixelInspectorModule (266)
[2018.10.05-03.52.10:236][735]LogModuleManager: Shutting down and abandoning module CommonMenuExtensions (264)
[2018.10.05-03.52.10:237][735]LogModuleManager: Shutting down and abandoning module MainFrame (262)
[2018.10.05-03.52.10:237][735]LogModuleManager: Shutting down and abandoning module HotReload (261)
[2018.10.05-03.52.10:238][735]LogModuleManager: Shutting down and abandoning module ContentBrowser (257)
[2018.10.05-03.52.10:239][735]LogModuleManager: Shutting down and abandoning module TreeMap (255)
[2018.10.05-03.52.10:239][735]LogModuleManager: Shutting down and abandoning module LightPropagationVolumeRuntime (252)
[2018.10.05-03.52.10:239][735]LogModuleManager: Shutting down and abandoning module AISupportModule (250)
[2018.10.05-03.52.10:239][735]LogModuleManager: Shutting down and abandoning module Paper2D (248)
[2018.10.05-03.52.10:239][735]LogModuleManager: Shutting down and abandoning module WindowsMoviePlayer (246)
[2018.10.05-03.52.10:239][735]LogModuleManager: Shutting down and abandoning module WmfMedia (244)
[2018.10.05-03.52.10:240][735]LogModuleManager: Shutting down and abandoning module Media (243)
[2018.10.05-03.52.10:246][735]LogModuleManager: Shutting down and abandoning module PacketHandler (240)
[2018.10.05-03.52.10:246][735]LogModuleManager: Shutting down and abandoning module ClothingSystemEditor (238)
[2018.10.05-03.52.10:246][735]LogModuleManager: Shutting down and abandoning module ClothingSystemRuntime (236)
[2018.10.05-03.52.10:246][735]LogModuleManager: Shutting down and abandoning module MediaAssets (234)
[2018.10.05-03.52.10:246][735]LogModuleManager: Shutting down and abandoning module Overlay (232)
[2018.10.05-03.52.10:246][735]LogModuleManager: Shutting down and abandoning module OverlayEditor (231)
[2018.10.05-03.52.10:246][735]LogModuleManager: Shutting down and abandoning module VREditor (228)
[2018.10.05-03.52.10:246][735]LogModuleManager: Shutting down and abandoning module StringTableEditor (226)
[2018.10.05-03.52.10:246][735]LogModuleManager: Shutting down and abandoning module GameplayTasksEditor (224)
[2018.10.05-03.52.10:247][735]LogModuleManager: Shutting down and abandoning module BehaviorTreeEditor (222)
[2018.10.05-03.52.10:247][735]LogModuleManager: Shutting down and abandoning module FunctionalTesting (220)
[2018.10.05-03.52.10:247][735]LogModuleManager: Shutting down and abandoning module CollisionAnalyzer (218)
[2018.10.05-03.52.10:247][735]LogModuleManager: Shutting down and abandoning module WorkspaceMenuStructure (217)
[2018.10.05-03.52.10:247][735]LogModuleManager: Shutting down and abandoning module UMG (214)
[2018.10.05-03.52.10:247][735]LogModuleManager: Shutting down and abandoning module UMGEditor (213)
[2018.10.05-03.52.10:247][735]LogModuleManager: Shutting down and abandoning module Sequencer (212)
[2018.10.05-03.52.10:247][735]LogModuleManager: Shutting down and abandoning module MessageLog (209)
[2018.10.05-03.52.10:247][735]LogModuleManager: Shutting down and abandoning module SlateReflector (204)
[2018.10.05-03.52.10:247][735]LogModuleManager: Shutting down and abandoning module Slate (202)
[2018.10.05-03.52.10:247][735]LogModuleManager: Shutting down and abandoning module EditorStyle (200)
[2018.10.05-03.52.10:248][735]LogModuleManager: Shutting down and abandoning module MRMesh (198)
[2018.10.05-03.52.10:249][735]LogModuleManager: Shutting down and abandoning module SourceCodeAccess (196)
[2018.10.05-03.52.10:249][735]LogModuleManager: Shutting down and abandoning module HeadMountedDisplay (194)
[2018.10.05-03.52.10:249][735]LogModuleManager: Shutting down and abandoning module XAudio2 (192)
[2018.10.05-03.52.10:249][735]LogModuleManager: Shutting down and abandoning module Networking (190)
[2018.10.05-03.52.10:249][735]LogModuleManager: Shutting down and abandoning module Core (188)
[2018.10.05-03.52.10:249][735]LogModuleManager: Shutting down and abandoning module LevelSequence (186)
[2018.10.05-03.52.10:249][735]LogModuleManager: Shutting down and abandoning module KismetCompiler (184)
[2018.10.05-03.52.10:249][735]LogModuleManager: Shutting down and abandoning module MeshUtilities (182)
[2018.10.05-03.52.10:249][735]LogModuleManager: Shutting down and abandoning module MeshMergeUtilities (181)
[2018.10.05-03.52.10:249][735]LogModuleManager: Shutting down and abandoning module MeshReductionInterface (180)
[2018.10.05-03.52.10:249][735]LogModuleManager: Shutting down and abandoning module SimplygonSwarm (179)
[2018.10.05-03.52.10:249][735]LogModuleManager: Shutting down and abandoning module ProxyLODMeshReduction (177)
[2018.10.05-03.52.10:249][735]LogModuleManager: Shutting down and abandoning module SimplygonMeshReduction (175)
[2018.10.05-03.52.10:249][735]LogModuleManager: Shutting down and abandoning module QuadricMeshReduction (173)
[2018.10.05-03.52.10:249][735]LogModuleManager: Shutting down and abandoning module MaterialBaking (169)
[2018.10.05-03.52.10:249][735]LogModuleManager: Shutting down and abandoning module DirectoryWatcher (165)
[2018.10.05-03.52.10:249][735]LogModuleManager: Shutting down and abandoning module DerivedDataCache (162)
[2018.10.05-03.52.10:304][735]LogDerivedDataCache: Shutdown
[2018.10.05-03.52.10:304][735]LogModuleManager: Shutting down and abandoning module XGEController (160)
[2018.10.05-03.52.10:304][735]LogModuleManager: Shutting down and abandoning module TargetPlatform (158)
[2018.10.05-03.52.10:304][735]LogModuleManager: Shutting down and abandoning module VulkanShaderFormat (157)
[2018.10.05-03.52.10:304][735]LogModuleManager: Shutting down and abandoning module ShaderFormatVectorVM (155)
[2018.10.05-03.52.10:304][735]LogModuleManager: Shutting down and abandoning module ShaderFormatOpenGL (153)
[2018.10.05-03.52.10:304][735]LogModuleManager: Shutting down and abandoning module ShaderFormatD3D (151)
[2018.10.05-03.52.10:305][735]LogModuleManager: Shutting down and abandoning module MetalShaderFormat (149)
[2018.10.05-03.52.10:305][735]LogModuleManager: Shutting down and abandoning module TextureFormatUncompressed (147)
[2018.10.05-03.52.10:305][735]LogModuleManager: Shutting down and abandoning module TextureFormatPVR (145)
[2018.10.05-03.52.10:305][735]LogModuleManager: Shutting down and abandoning module TextureFormatDXT (143)
[2018.10.05-03.52.10:305][735]LogModuleManager: Shutting down and abandoning module TextureFormatIntelISPCTexComp (141)
[2018.10.05-03.52.10:305][735]LogModuleManager: Shutting down and abandoning module TextureFormatASTC (139)
[2018.10.05-03.52.10:305][735]LogModuleManager: Shutting down and abandoning module ImageWrapper (138)
[2018.10.05-03.52.10:305][735]LogModuleManager: Shutting down and abandoning module TextureFormatAndroid (135)
[2018.10.05-03.52.10:305][735]LogModuleManager: Shutting down and abandoning module AudioFormatOpus (133)
[2018.10.05-03.52.10:305][735]LogModuleManager: Shutting down and abandoning module AudioFormatOgg (131)
[2018.10.05-03.52.10:305][735]LogModuleManager: Shutting down and abandoning module AudioFormatADPCM (129)
[2018.10.05-03.52.10:305][735]LogModuleManager: Shutting down and abandoning module LuminTargetPlatform (127)
[2018.10.05-03.52.10:305][735]LogModuleManager: Shutting down and abandoning module LinuxTargetPlatform (125)
[2018.10.05-03.52.10:305][735]LogModuleManager: Shutting down and abandoning module LinuxServerTargetPlatform (123)
[2018.10.05-03.52.10:305][735]LogModuleManager: Shutting down and abandoning module LinuxNoEditorTargetPlatform (121)
[2018.10.05-03.52.10:305][735]LogModuleManager: Shutting down and abandoning module LinuxClientTargetPlatform (119)
[2018.10.05-03.52.10:305][735]LogModuleManager: Shutting down and abandoning module TVOSTargetPlatform (117)
[2018.10.05-03.52.10:306][735]LogModuleManager: Shutting down and abandoning module Messaging (115)
[2018.10.05-03.52.10:306][735]LogModuleManager: Shutting down and abandoning module IOSTargetPlatform (113)
[2018.10.05-03.52.10:309][735]LogModuleManager: Shutting down and abandoning module HTML5TargetPlatform (111)
[2018.10.05-03.52.10:309][735]LogModuleManager: Shutting down and abandoning module AndroidTargetPlatform (109)
[2018.10.05-03.52.10:316][735]LogModuleManager: Shutting down and abandoning module WindowsTargetPlatform (107)
[2018.10.05-03.52.10:316][735]LogModuleManager: Shutting down and abandoning module WindowsServerTargetPlatform (105)
[2018.10.05-03.52.10:316][735]LogModuleManager: Shutting down and abandoning module WindowsNoEditorTargetPlatform (103)
[2018.10.05-03.52.10:316][735]LogModuleManager: Shutting down and abandoning module WindowsClientTargetPlatform (101)
[2018.10.05-03.52.10:316][735]LogModuleManager: Shutting down and abandoning module MacTargetPlatform (99)
[2018.10.05-03.52.10:316][735]LogModuleManager: Shutting down and abandoning module MacServerTargetPlatform (97)
[2018.10.05-03.52.10:316][735]LogModuleManager: Shutting down and abandoning module MacNoEditorTargetPlatform (95)
[2018.10.05-03.52.10:317][735]LogModuleManager: Shutting down and abandoning module MacClientTargetPlatform (93)
[2018.10.05-03.52.10:317][735]LogModuleManager: Shutting down and abandoning module AllDesktopTargetPlatform (91)
[2018.10.05-03.52.10:317][735]LogModuleManager: Shutting down and abandoning module InputCore (88)
[2018.10.05-03.52.10:317][735]LogModuleManager: Shutting down and abandoning module Settings (86)
[2018.10.05-03.52.10:317][735]LogModuleManager: Shutting down and abandoning module PhysXCooking (84)
[2018.10.05-03.52.10:317][735]LogModuleManager: Shutting down and abandoning module SteamVR (82)
[2018.10.05-03.52.10:317][735]LogModuleManager: Shutting down and abandoning module OculusHMD (80)
[2018.10.05-03.52.10:317][735]LogModuleManager: Shutting down and abandoning module ExampleDeviceProfileSelector (78)
[2018.10.05-03.52.10:317][735]LogModuleManager: Shutting down and abandoning module LauncherChunkInstaller (76)
[2018.10.05-03.52.10:317][735]LogModuleManager: Shutting down and abandoning module OnlineBlueprintSupport (74)
[2018.10.05-03.52.10:317][735]LogModuleManager: Shutting down and abandoning module OnlineSubsystem (70)
[2018.10.05-03.52.10:318][735]LogModuleManager: Shutting down and abandoning module XMPP (65)
[2018.10.05-03.52.10:318][735]LogModuleManager: Shutting down and abandoning module WebSockets (64)
[2018.10.05-03.52.10:348][735]LogModuleManager: Shutting down and abandoning module HTTP (61)
[2018.10.05-03.52.10:348][735]LogHttp: Display: Http module shutting down, but needs to wait on 1 outstanding Http requests:
[2018.10.05-03.52.10:348][735]LogHttp: Display: 	verb=[POST] url=[https://datarouter.ol.epicgames.com/datarouter/api/v1/public/data?SessionID=%7B84D13B71-4250-587A-E402-9C86B98B6450%7D&AppID=UEEditor.Rocket.Release&AppVersion=4.20.2-4302132%2B%2B%2BUE4%2BRelease-4.20&UserID=1d5837a54e3f56e3156fe79b1ffa6831%7C2a090aec5013421b835e5e79fe6c0c1c%7Cb545c502-ec5d-4a7a-b6c9-f0c0f8b976b4&AppEnvironment=datacollector-binary&UploadType=eteventstream] status=Processing
[2018.10.05-03.52.10:381][735]LogModuleManager: Shutting down and abandoning module SSL (60)
[2018.10.05-03.52.10:382][735]LogModuleManager: Shutting down and abandoning module MagicLeapEmulator (56)
[2018.10.05-03.52.10:382][735]LogModuleManager: Shutting down and abandoning module MagicLeapPrivileges (54)
[2018.10.05-03.52.10:382][735]LogModuleManager: Shutting down and abandoning module MagicLeapIdentity (52)
[2018.10.05-03.52.10:382][735]LogModuleManager: Shutting down and abandoning module MagicLeapHelperVulkan (50)
[2018.10.05-03.52.10:382][735]LogModuleManager: Shutting down and abandoning module MagicLeapHelperOpenGL (48)
[2018.10.05-03.52.10:382][735]LogModuleManager: Shutting down and abandoning module MagicLeapSecureStorage (46)
[2018.10.05-03.52.10:382][735]LogModuleManager: Shutting down and abandoning module MagicLeapGestures (44)
[2018.10.05-03.52.10:382][735]LogModuleManager: Shutting down and abandoning module MagicLeapEyeTracker (42)
[2018.10.05-03.52.10:382][735]LogModuleManager: Shutting down and abandoning module MagicLeapController (40)
[2018.10.05-03.52.10:382][735]LogSlate: Slate User Destroyed.  User Index 0, Is Virtual User: 0
[2018.10.05-03.52.10:382][735]LogModuleManager: Shutting down and abandoning module MagicLeap (38)
[2018.10.05-03.52.10:382][735]LogModuleManager: Shutting down and abandoning module AnimationModifiers (36)
[2018.10.05-03.52.10:382][735]LogModuleManager: Shutting down and abandoning module PropertyEditor (35)
[2018.10.05-03.52.10:382][735]LogModuleManager: Shutting down and abandoning module AudioEditor (32)
[2018.10.05-03.52.10:382][735]LogModuleManager: Shutting down and abandoning module TextureCompressor (30)
[2018.10.05-03.52.10:383][735]LogModuleManager: Shutting down and abandoning module ShaderCore (28)
[2018.10.05-03.52.10:383][735]LogModuleManager: Shutting down and abandoning module Landscape (26)
[2018.10.05-03.52.10:383][735]LogModuleManager: Shutting down and abandoning module SlateRHIRenderer (24)
[2018.10.05-03.52.10:383][735]LogModuleManager: Shutting down and abandoning module OpenGLDrv (22)
[2018.10.05-03.52.10:383][735]LogModuleManager: Shutting down and abandoning module D3D11RHI (20)
[2018.10.05-03.52.10:383][735]LogModuleManager: Shutting down and abandoning module AnimGraphRuntime (18)
[2018.10.05-03.52.10:383][735]LogModuleManager: Shutting down and abandoning module Renderer (16)
[2018.10.05-03.52.10:383][735]LogModuleManager: Shutting down and abandoning module Engine (14)
[2018.10.05-03.52.10:383][735]LogModuleManager: Shutting down and abandoning module CoreUObject (12)
[2018.10.05-03.52.10:383][735]LogModuleManager: Shutting down and abandoning module NetworkFile (10)
[2018.10.05-03.52.10:383][735]LogModuleManager: Shutting down and abandoning module CookedIterativeFile (8)
[2018.10.05-03.52.10:383][735]LogModuleManager: Shutting down and abandoning module StreamingFile (6)
[2018.10.05-03.52.10:383][735]LogModuleManager: Shutting down and abandoning module SandboxFile (4)
[2018.10.05-03.52.10:383][735]LogModuleManager: Shutting down and abandoning module PakFile (2)
[2018.10.05-03.52.10:393][735]LogExit: Exiting.
[2018.10.05-03.52.10:402][735]Log file closed, 10/04/18 20:52:10
