Log file open, 10/03/18 13:01:43
LogWindows: Failed to load 'aqProf.dll' (GetLastError=126)
LogWindows: File 'aqProf.dll' does not exist
LogWindows: Failed to load 'VSPerf140.dll' (GetLastError=126)
LogWindows: File 'VSPerf140.dll' does not exist
LogWindows: Failed to load 'VtuneApi.dll' (GetLastError=126)
LogWindows: File 'VtuneApi.dll' does not exist
LogWindows: Failed to load 'VtuneApi32e.dll' (GetLastError=126)
LogWindows: File 'VtuneApi32e.dll' does not exist
LogInit: Display: Running engine for game: UnrealMidterm
LogPlatformFile: Not using cached read wrapper
LogTaskGraph: Started task graph with 5 named threads and 47 total threads with 3 sets of task threads.
LogStats: Stats thread started at 0.550017
LogD3D11RHI: Loaded GFSDK_Aftermath_Lib.x64.dll
LogICUInternationalization: Display: ICU TimeZone Detection - Raw Offset: -8:00, Platform Override: ''
LogPluginManager: Mounting plugin Paper2D
LogPluginManager: Mounting plugin AISupport
LogPluginManager: Mounting plugin LightPropagationVolume
LogPluginManager: Mounting plugin CLionSourceCodeAccess
LogPluginManager: Mounting plugin CodeLiteSourceCodeAccess
LogPluginManager: Mounting plugin GitSourceControl
LogPluginManager: Mounting plugin KDevelopSourceCodeAccess
LogPluginManager: Mounting plugin NullSourceCodeAccess
LogPluginManager: Mounting plugin PerforceSourceControl
LogPluginManager: Mounting plugin SubversionSourceControl
LogPluginManager: Mounting plugin UObjectPlugin
LogPluginManager: Mounting plugin VisualStudioCodeSourceCodeAccess
LogPluginManager: Mounting plugin VisualStudioSourceCodeAccess
LogPluginManager: Mounting plugin XCodeSourceCodeAccess
LogPluginManager: Mounting plugin AssetManagerEditor
LogPluginManager: Mounting plugin CryptoKeys
LogPluginManager: Mounting plugin DataValidation
LogPluginManager: Mounting plugin FacialAnimation
LogPluginManager: Mounting plugin GameplayTagsEditor
LogPluginManager: Mounting plugin MacGraphicsSwitching
LogPluginManager: Mounting plugin MeshEditor
LogPluginManager: Mounting plugin MobileLauncherProfileWizard
LogPluginManager: Mounting plugin PluginBrowser
LogPluginManager: Mounting plugin SpeedTreeImporter
LogPluginManager: Mounting plugin DatasmithContent
LogPluginManager: Mounting plugin AlembicImporter
LogPluginManager: Mounting plugin AppleImageUtils
LogPluginManager: Mounting plugin AppleVision
LogPluginManager: Mounting plugin BackChannel
LogPluginManager: Mounting plugin CharacterAI
LogPluginManager: Mounting plugin GeometryCache
LogPluginManager: Mounting plugin HTML5Networking
LogPluginManager: Mounting plugin ProxyLODPlugin
LogPluginManager: Mounting plugin RawInput
LogPluginManager: Mounting plugin MagicLeap
LogPluginManager: Mounting plugin MagicLeapEmulator
LogPluginManager: Mounting plugin MagicLeapMedia
LogPluginManager: Mounting plugin AndroidMedia
LogPluginManager: Mounting plugin AvfMedia
LogPluginManager: Mounting plugin ImgMedia
LogPluginManager: Mounting plugin LinearTimecode
LogPluginManager: Mounting plugin MediaCompositing
LogPluginManager: Mounting plugin MediaPlayerEditor
LogPluginManager: Mounting plugin WmfMedia
LogPluginManager: Mounting plugin TcpMessaging
LogPluginManager: Mounting plugin UdpMessaging
LogPluginManager: Mounting plugin ActorSequence
LogPluginManager: Mounting plugin LevelSequenceEditor
LogPluginManager: Mounting plugin MatineeToLevelSequence
LogPluginManager: Mounting plugin NetcodeUnitTest
LogPluginManager: Mounting plugin NUTUnrealEngine4
LogPluginManager: Mounting plugin OnlineSubsystemGooglePlay
LogPluginManager: Mounting plugin OnlineSubsystemIOS
LogPluginManager: Mounting plugin OnlineSubsystem
LogPluginManager: Mounting plugin OnlineSubsystemNull
LogPluginManager: Mounting plugin OnlineSubsystemUtils
LogPluginManager: Mounting plugin LauncherChunkInstaller
LogPluginManager: Mounting plugin AndroidDeviceProfileSelector
LogPluginManager: Mounting plugin AndroidMoviePlayer
LogPluginManager: Mounting plugin AndroidPermission
LogPluginManager: Mounting plugin AppleMoviePlayer
LogPluginManager: Mounting plugin ArchVisCharacter
LogPluginManager: Mounting plugin AudioCapture
LogPluginManager: Mounting plugin CableComponent
LogPluginManager: Mounting plugin CustomMeshComponent
LogPluginManager: Mounting plugin EditableMesh
LogPluginManager: Mounting plugin ExampleDeviceProfileSelector
LogPluginManager: Mounting plugin GoogleCloudMessaging
LogPluginManager: Mounting plugin ImmediatePhysics
LogPluginManager: Mounting plugin IOSDeviceProfileSelector
LogPluginManager: Mounting plugin LinuxDeviceProfileSelector
LogPluginManager: Mounting plugin LocationServicesBPLibrary
LogPluginManager: Mounting plugin MobilePatchingUtils
LogPluginManager: Mounting plugin OculusVR
LogPluginManager: Plugin shader directory ../../../Engine/Plugins/Runtime/Oculus/OculusVR/Shaders found
LogPluginManager: Mapping shader source directory ../../../Engine/Plugins/Runtime/Oculus/OculusVR/Shaders to virtual directory /Plugin/OculusVR
LogPluginManager: Mounting plugin PhysXVehicles
LogPluginManager: Mounting plugin ProceduralMeshComponent
LogPluginManager: Mounting plugin RuntimePhysXCooking
LogPluginManager: Mounting plugin SteamVR
LogPluginManager: Mounting plugin WindowsMoviePlayer
LogStreaming: Display: Took  0.075s to configure plugins.
LogInit: Using libcurl 7.55.1-DEV
LogInit:  - built for x86_64-pc-win32
LogInit:  - supports SSL with OpenSSL/1.0.2h
LogInit:  - supports HTTP deflate (compression) using libz 1.2.8
LogInit:  - other features:
LogInit:      CURL_VERSION_SSL
LogInit:      CURL_VERSION_LIBZ
LogInit:      CURL_VERSION_IPV6
LogInit:      CURL_VERSION_ASYNCHDNS
LogInit:      CURL_VERSION_LARGEFILE
LogInit:      CURL_VERSION_IDN
LogInit:  CurlRequestOptions (configurable via config and command line):
LogInit:  - bVerifyPeer = false  - Libcurl will NOT verify peer certificate
LogInit:  - bUseHttpProxy = false  - Libcurl will NOT use HTTP proxy
LogInit:  - bDontReuseConnections = false  - Libcurl will reuse connections
LogInit:  - CertBundlePath = nullptr  - Libcurl will use whatever was configured at build time.
LogInit:  - MaxHostConnections = 16  - Libcurl will limit the number of connections to a host
LogInit:  - LocalHostAddr = Default
LogInit:  - BufferSize = 65536
LogInit: WinSock: version 1.1 (2.2), MaxSocks=32767, MaxUdp=65467
LogInit: Build: ++UE4+Release-4.20-CL-4302132
LogInit: Engine Version: 4.20.2-4302132+++UE4+Release-4.20
LogInit: Compatible Engine Version: 4.20.0-4212847+++UE4+Release-4.20
LogInit: Net CL: 4212847
LogInit: OS: Windows 10 (), CPU: AMD Ryzen 7 1700 Eight-Core Processor          , GPU: NVIDIA GeForce GTX 1060 6GB
LogInit: Compiled (64-bit): Aug 21 2018 02:06:06
LogInit: Compiled with Visual C++: 19.13.26129.00
LogInit: Build Configuration: Development
LogInit: Branch Name: ++UE4+Release-4.20
LogInit: Command Line: -EpicPortal 
LogInit: Base Directory: D:/Program Files (x86)/Epic Games/UE_4.20/Engine/Binaries/Win64/
LogInit: Installed Engine Build: 1
LogDevObjectVersion: Number of dev versions registered: 20
LogDevObjectVersion:   Dev-Blueprints (B0D832E4-1F89-4F0D-ACCF-7EB736FD4AA2): 10
LogDevObjectVersion:   Dev-Build (E1C64328-A22C-4D53-A36C-8E866417BD8C): 0
LogDevObjectVersion:   Dev-Core (375EC13C-06E4-48FB-B500-84F0262A717E): 2
LogDevObjectVersion:   Dev-Editor (E4B068ED-F494-42E9-A231-DA0B2E46BB41): 24
LogDevObjectVersion:   Dev-Framework (CFFC743F-43B0-4480-9391-14DF171D2073): 34
LogDevObjectVersion:   Dev-Mobile (B02B49B5-BB20-44E9-A304-32B752E40360): 2
LogDevObjectVersion:   Dev-Networking (A4E4105C-59A1-49B5-A7C5-40C4547EDFEE): 0
LogDevObjectVersion:   Dev-Online (39C831C9-5AE6-47DC-9A44-9C173E1C8E7C): 0
LogDevObjectVersion:   Dev-Physics (78F01B33-EBEA-4F98-B9B4-84EACCB95AA2): 0
LogDevObjectVersion:   Dev-Platform (6631380F-2D4D-43E0-8009-CF276956A95A): 0
LogDevObjectVersion:   Dev-Rendering (12F88B9F-8875-4AFC-A67C-D90C383ABD29): 26
LogDevObjectVersion:   Dev-Sequencer (7B5AE74C-D270-4C10-A958-57980B212A5A): 9
LogDevObjectVersion:   Dev-VR (D7296918-1DD6-4BDD-9DE2-64A83CC13884): 2
LogDevObjectVersion:   Dev-LoadTimes (C2A15278-BFE7-4AFE-6C17-90FF531DF755): 1
LogDevObjectVersion:   Private-Geometry (6EACA3D4-40EC-4CC1-B786-8BED09428FC5): 3
LogDevObjectVersion:   Dev-AnimPhys (29E575DD-E0A3-4627-9D10-D276232CDCEA): 17
LogDevObjectVersion:   Dev-ReflectionCapture (6B266CEC-1EC7-4B8F-A30B-E4D90942FC07): 1
LogDevObjectVersion:   Dev-Automation (0DF73D61-A23F-47EA-B727-89E90C41499A): 1
LogDevObjectVersion:   FortniteMain (601D1886-AC64-4F84-AA16-D3DE0DEAC7D6): 12
LogDevObjectVersion:   Dev-Enterprise (9DFFBCD6-494F-0158-E221-12823C92A888): 1
LogStreaming: Display: Took  0.000s to delete old logs.
LogInit: Presizing for max 8388607 objects, including 0 objects not considered by GC, pre-allocating 0 bytes for permanent pool.
LogInit: Object subsystem initialized
[2018.10.03-20.01.44:151][  0]LogInit: Selected Device Profile: [Windows]
[2018.10.03-20.01.44:152][  0]LogInit: Applying CVar settings loaded from the selected device profile: [Windows]
[2018.10.03-20.01.44:171][  0]LogHAL: Display: Platform has ~ 16 GB [17129656320 / 17179869184 / 16], which maps to Larger [LargestMinGB=32, LargerMinGB=12, DefaultMinGB=8, SmallerMinGB=6, SmallestMinGB=0)
[2018.10.03-20.01.44:171][  0]LogInit: Setting Device Profile CVar: [[r.Vulkan.UseRealUBs:1]]
[2018.10.03-20.01.44:171][  0]LogInit: Going up to parent DeviceProfile []
[2018.10.03-20.01.44:171][  0]LogInit: Computer: DESKTOP-9R5KBFR
[2018.10.03-20.01.44:171][  0]LogInit: User: jyta
[2018.10.03-20.01.44:171][  0]LogInit: CPU Page size=4096, Cores=8
[2018.10.03-20.01.44:171][  0]LogInit: High frequency timer resolution =2.929688 MHz
[2018.10.03-20.01.44:172][  0]LogMemory: Memory total: Physical=16.0GB (16GB approx)
[2018.10.03-20.01.44:172][  0]LogMemory: Platform Memory Stats for Windows
[2018.10.03-20.01.44:172][  0]LogMemory: Process Physical Memory: 101.50 MB used, 101.50 MB peak
[2018.10.03-20.01.44:172][  0]LogMemory: Process Virtual Memory: 90.99 MB used, 90.99 MB peak
[2018.10.03-20.01.44:172][  0]LogMemory: Physical Memory: 7421.11 MB used,  8915.00 MB free, 16336.11 MB total
[2018.10.03-20.01.44:172][  0]LogMemory: Virtual Memory: 4673.22 MB used,  8915.00 MB free, 134217728.00 MB total
[2018.10.03-20.01.44:184][  0]LogInit: Using OS detected language (en-US).
[2018.10.03-20.01.44:184][  0]LogInit: Using OS detected locale (en-US).
[2018.10.03-20.01.44:185][  0]LogTextLocalizationManager: No specific localization for 'en-US' exists, so the 'en' localization will be used.
[2018.10.03-20.01.44:613][  0]LogStreaming: Display: Took  0.428s to InitEngineTextLocalization.
[2018.10.03-20.01.44:613][  0]LogInit: Setting process to per monitor DPI aware
[2018.10.03-20.01.44:640][  0]LogSlate: New Slate User Created.  User Index 0, Is Virtual User: 0
[2018.10.03-20.01.44:640][  0]LogSlate: Slate User Registered.  User Index 0, Is Virtual User: 0
[2018.10.03-20.01.44:855][  0]LogHMD: Failed to initialize OpenVR with code 110
[2018.10.03-20.01.44:855][  0]LogD3D11RHI: D3D11 adapters:
[2018.10.03-20.01.44:919][  0]LogD3D11RHI:    0. 'NVIDIA GeForce GTX 1060 6GB' (Feature Level 11_0)
[2018.10.03-20.01.44:919][  0]LogD3D11RHI:       6052/0/8168 MB DedicatedVideo/DedicatedSystem/SharedSystem, Outputs:2, VendorId:0x10de
[2018.10.03-20.01.44:921][  0]LogD3D11RHI:    1. 'Microsoft Basic Render Driver' (Feature Level 11_0)
[2018.10.03-20.01.44:921][  0]LogD3D11RHI:       0/0/8168 MB DedicatedVideo/DedicatedSystem/SharedSystem, Outputs:0, VendorId:0x1414
[2018.10.03-20.01.44:921][  0]LogD3D11RHI: Chosen D3D11 Adapter: 0
[2018.10.03-20.01.44:930][  0]LogD3D11RHI: Creating new Direct3DDevice
[2018.10.03-20.01.44:930][  0]LogD3D11RHI:     GPU DeviceId: 0x1c03 (for the marketing name, search the web for "GPU Device Id")
[2018.10.03-20.01.44:930][  0]LogWindows: EnumDisplayDevices:
[2018.10.03-20.01.44:930][  0]LogWindows:    0. 'NVIDIA GeForce GTX 1060 6GB' (P:1 D:1)
[2018.10.03-20.01.44:930][  0]LogWindows:    1. 'NVIDIA GeForce GTX 1060 6GB' (P:0 D:1)
[2018.10.03-20.01.44:931][  0]LogWindows:    2. 'NVIDIA GeForce GTX 1060 6GB' (P:0 D:0)
[2018.10.03-20.01.44:931][  0]LogWindows:    3. 'NVIDIA GeForce GTX 1060 6GB' (P:0 D:0)
[2018.10.03-20.01.44:931][  0]LogWindows: DebugString: FoundDriverCount:4 
[2018.10.03-20.01.44:931][  0]LogD3D11RHI:     Adapter Name: NVIDIA GeForce GTX 1060 6GB
[2018.10.03-20.01.44:931][  0]LogD3D11RHI:   Driver Version: 398.11 (internal:24.21.13.9811, unified:398.11)
[2018.10.03-20.01.44:931][  0]LogD3D11RHI:      Driver Date: 6-1-2018
[2018.10.03-20.01.44:931][  0]LogRHI: Texture pool is 4236 MB (70% of 6052 MB)
[2018.10.03-20.01.44:977][  0]LogD3D11RHI: Async texture creation enabled
[2018.10.03-20.01.44:994][  0]LogD3D11RHI: GPU Timing Frequency: 1000.000000 (Debug: 2 2)
[2018.10.03-20.01.45:037][  0]LogShaderCompilers: Guid format shader working directory is -43 characters bigger than the processId version (../../../../../../My Games/GitHub/Rhythm Game Midterm/Rhythm_Midterm_Unreal/UnrealMidterm/Intermediate/Shaders/WorkingDirectory/2888/).
[2018.10.03-20.01.45:038][  0]LogShaderCompilers: Cleaned the shader compiler working directory 'C:/Users/jy_ta/AppData/Local/Temp/UnrealShaderWorkingDir/3A563C5446C67D61F18DD5ADB2E70F57/'.
[2018.10.03-20.01.45:298][  0]LogTemp: Display: Loaded TP AllDesktopTargetPlatform
[2018.10.03-20.01.45:313][  0]LogTemp: Display: Loaded TP MacClientTargetPlatform
[2018.10.03-20.01.45:329][  0]LogTemp: Display: Loaded TP MacNoEditorTargetPlatform
[2018.10.03-20.01.45:345][  0]LogTemp: Display: Loaded TP MacServerTargetPlatform
[2018.10.03-20.01.45:361][  0]LogTemp: Display: Loaded TP MacTargetPlatform
[2018.10.03-20.01.45:377][  0]LogTemp: Display: Loaded TP WindowsClientTargetPlatform
[2018.10.03-20.01.45:394][  0]LogTemp: Display: Loaded TP WindowsNoEditorTargetPlatform
[2018.10.03-20.01.45:410][  0]LogTemp: Display: Loaded TP WindowsServerTargetPlatform
[2018.10.03-20.01.45:417][  0]LogTemp: Display: Loaded TP WindowsTargetPlatform
[2018.10.03-20.01.45:518][  0]LogTemp: Display: Loaded TP AndroidTargetPlatform
[2018.10.03-20.01.45:519][  0]LogTemp: Display: Loaded TP AndroidTargetPlatform
[2018.10.03-20.01.45:519][  0]LogTemp: Display: Loaded TP AndroidTargetPlatform
[2018.10.03-20.01.45:519][  0]LogTemp: Display: Loaded TP AndroidTargetPlatform
[2018.10.03-20.01.45:519][  0]LogTemp: Display: Loaded TP AndroidTargetPlatform
[2018.10.03-20.01.45:519][  0]LogTemp: Display: Loaded TP AndroidTargetPlatform
[2018.10.03-20.01.45:519][  0]LogTemp: Display: Loaded TP AndroidTargetPlatform
[2018.10.03-20.01.45:519][  0]LogTemp: Display: Loaded TP AndroidTargetPlatform
[2018.10.03-20.01.45:519][  0]LogTemp: Display: Loaded TP AndroidTargetPlatform
[2018.10.03-20.01.45:519][  0]LogTemp: Display: Loaded TP AndroidTargetPlatform
[2018.10.03-20.01.45:519][  0]LogTemp: Display: Loaded TP AndroidTargetPlatform
[2018.10.03-20.01.45:519][  0]LogTemp: Display: Loaded TP AndroidTargetPlatform
[2018.10.03-20.01.45:519][  0]LogTemp: Display: Loaded TP AndroidTargetPlatform
[2018.10.03-20.01.45:519][  0]LogTemp: Display: Loaded TP AndroidTargetPlatform
[2018.10.03-20.01.45:519][  0]LogTemp: Display: Loaded TP AndroidTargetPlatform
[2018.10.03-20.01.45:519][  0]LogTemp: Display: Loaded TP AndroidTargetPlatform
[2018.10.03-20.01.45:519][  0]LogTemp: Display: Loaded TP AndroidTargetPlatform
[2018.10.03-20.01.45:519][  0]LogTemp: Display: Loaded TP AndroidTargetPlatform
[2018.10.03-20.01.45:520][  0]LogTemp: Display: Loaded TP HTML5TargetPlatform
[2018.10.03-20.01.45:586][  0]LogTemp: Display: Loaded TP IOSTargetPlatform
[2018.10.03-20.01.45:586][  0]LogTemp: Display: Loaded TP IOSTargetPlatform
[2018.10.03-20.01.45:616][  0]LogTemp: Display: Loaded TP TVOSTargetPlatform
[2018.10.03-20.01.45:616][  0]LogTemp: Display: Loaded TP TVOSTargetPlatform
[2018.10.03-20.01.45:631][  0]LogTemp: Display: Loaded TP LinuxClientTargetPlatform
[2018.10.03-20.01.45:647][  0]LogTemp: Display: Loaded TP LinuxNoEditorTargetPlatform
[2018.10.03-20.01.45:665][  0]LogTemp: Display: Loaded TP LinuxServerTargetPlatform
[2018.10.03-20.01.45:681][  0]LogTemp: Display: Loaded TP LinuxTargetPlatform
[2018.10.03-20.01.45:692][  0]LogTemp: Display: Loaded TP LuminTargetPlatform
[2018.10.03-20.01.45:692][  0]LogTargetPlatformManager: Display: Building Assets For Windows
[2018.10.03-20.01.45:740][  0]LogXGEController: Cannot use XGE Controller as Incredibuild is not installed on this machine.
[2018.10.03-20.01.45:740][  0]LogShaderCompilers: Cannot use XGE Shader Compiler as Incredibuild is not installed on this machine.
[2018.10.03-20.01.45:740][  0]LogShaderCompilers: Display: Using Local Shader Compiler.
[2018.10.03-20.01.46:539][  0]LogDerivedDataCache: Display: Max Cache Size: 512 MB
[2018.10.03-20.01.46:590][  0]LogDerivedDataCache: Loaded boot cache 0.05s 71MB C:/Users/jy_ta/AppData/Local/UnrealEngine/4.20/DerivedDataCache/Boot.ddc.
[2018.10.03-20.01.46:591][  0]LogDerivedDataCache: Display: Loaded Boot cache: C:/Users/jy_ta/AppData/Local/UnrealEngine/4.20/DerivedDataCache/Boot.ddc
[2018.10.03-20.01.46:591][  0]LogDerivedDataCache: FDerivedDataBackendGraph:  Pak pak cache file ../../../../../../My Games/GitHub/Rhythm Game Midterm/Rhythm_Midterm_Unreal/UnrealMidterm/DerivedDataCache/DDC.ddp not found, will not use a pak cache.
[2018.10.03-20.01.46:591][  0]LogDerivedDataCache: Unable to find inner node Pak for hierarchical cache Hierarchy.
[2018.10.03-20.01.46:591][  0]LogDerivedDataCache: FDerivedDataBackendGraph:  CompressedPak pak cache file ../../../../../../My Games/GitHub/Rhythm Game Midterm/Rhythm_Midterm_Unreal/UnrealMidterm/DerivedDataCache/Compressed.ddp not found, will not use a pak cache.
[2018.10.03-20.01.46:591][  0]LogDerivedDataCache: Unable to find inner node CompressedPak for hierarchical cache Hierarchy.
[2018.10.03-20.01.46:605][  0]LogDerivedDataCache: Display: Pak cache opened for reading ../../../Engine/DerivedDataCache/Compressed.ddp.
[2018.10.03-20.01.46:618][  0]LogDerivedDataCache: Using Local data cache path C:/Users/jy_ta/AppData/Local/UnrealEngine/Common/DerivedDataCache: Writable
[2018.10.03-20.01.46:618][  0]LogDerivedDataCache: Shared data cache path not found in *engine.ini, will not use an Shared cache.
[2018.10.03-20.01.46:618][  0]LogDerivedDataCache: Unable to find inner node Shared for hierarchical cache Hierarchy.
[2018.10.03-20.01.46:639][  0]LogMaterial: Verifying Global Shaders for PCD3D_SM5
[2018.10.03-20.01.46:641][  0]LogSlate: Using FreeType 2.6.0
[2018.10.03-20.01.46:641][  0]LogSlate: SlateFontServices - WITH_FREETYPE: 1, WITH_HARFBUZZ: 1
[2018.10.03-20.01.46:720][  0]LogAssetRegistry: FAssetRegistry took 0.0271 seconds to start up
[2018.10.03-20.01.47:101][  0]LogInit: Selected Device Profile: [Windows]
[2018.10.03-20.01.47:229][  0]LogSimplygon: Simplygon DLL not present - disabling.
[2018.10.03-20.01.47:232][  0]LogMeshReduction: Using SimplygonSwarm for distributed automatic mesh merging
[2018.10.03-20.01.47:232][  0]LogMeshReduction: Using ProxyLODMeshReduction for automatic mesh merging
[2018.10.03-20.01.47:232][  0]LogMeshReduction: Using QuadricMeshReduction for automatic static mesh reduction
[2018.10.03-20.01.47:232][  0]LogMeshReduction: No automatic skeletal mesh reduction module available
[2018.10.03-20.01.47:251][  0]LogNetVersion: UnrealMidterm 1.0.0, NetCL: 4212847, EngineNetVer: 5, GameNetVer: 0 (Checksum: 243509614)
[2018.10.03-20.01.47:780][  0]LogPackageLocalizationCache: Processed 11 localized package path(s) for 2 prioritized culture(s) in 0.113758 seconds
[2018.10.03-20.01.47:790][  0]LogUObjectArray: 38425 objects as part of root set at end of initial load.
[2018.10.03-20.01.47:790][  0]LogUObjectAllocator: 6690872 out of 0 bytes used by permanent object pool.
[2018.10.03-20.01.47:790][  0]LogUObjectArray: CloseDisregardForGC: 0/0 objects in disregard for GC pool
[2018.10.03-20.01.48:651][  0]LogTcpMessaging: Initializing TcpMessaging bridge
[2018.10.03-20.01.48:665][  0]LogUdpMessaging: Initializing bridge on interface 0.0.0.0:0 to multicast group 230.0.0.1:6666.
[2018.10.03-20.01.48:815][  0]SourceControl: Source control is disabled
[2018.10.03-20.01.48:815][  0]SourceControl: Source control is disabled
[2018.10.03-20.01.48:816][  0]SourceControl: Source control is disabled
[2018.10.03-20.01.48:817][  0]SourceControl: Source control is disabled
[2018.10.03-20.01.49:047][  0]LogAndroidPermission: UAndroidPermissionCallbackProxy::GetInstance
[2018.10.03-20.01.49:095][  0]LogOcInput: OculusInput pre-init called
[2018.10.03-20.01.49:158][  0]LogEngine: Initializing Engine...
[2018.10.03-20.01.49:159][  0]LogHMD: Failed to initialize OpenVR with code 110
[2018.10.03-20.01.49:160][  0]LogStats: UGameplayTagsManager::ConstructGameplayTagTree: ImportINI prefixes -  0.000 s
[2018.10.03-20.01.49:160][  0]LogStats: UGameplayTagsManager::ConstructGameplayTagTree: Construct from data asset -  0.000 s
[2018.10.03-20.01.49:160][  0]LogStats: UGameplayTagsManager::ConstructGameplayTagTree: ImportINI -  0.000 s
[2018.10.03-20.01.49:160][  0]LogStats: UGameplayTagsManager::ConstructGameplayTagTree: GameplayTagTreeChangedEvent.Broadcast -  0.000 s
[2018.10.03-20.01.49:388][  0]LogInit: Initializing FReadOnlyCVARCache
[2018.10.03-20.01.49:398][  0]LogAIModule: Creating AISystem for world Untitled
[2018.10.03-20.01.49:404][  0]LogInit: XAudio2 using 'Headphones (High Definition Audio Device)' : 2 channels at 48 kHz using 16 bits per sample (channel mask 0x3)
[2018.10.03-20.01.49:415][  0]LogInit: FAudioDevice initialized.
[2018.10.03-20.01.49:415][  0]LogNetVersion: Set ProjectVersion to 1.0.0.0. Version Checksum will be recalculated on next use.
[2018.10.03-20.01.49:521][  0]LogDerivedDataCache: Saved boot cache 0.11s 71MB C:/Users/jy_ta/AppData/Local/UnrealEngine/4.20/DerivedDataCache/Boot.ddc.
[2018.10.03-20.01.49:525][  0]LogInit: Texture streaming: Enabled
[2018.10.03-20.01.49:540][  0]LogEngineSessionManager: EngineSessionManager initialized
[2018.10.03-20.01.49:557][  0]LogInit: Transaction tracking system initialized
[2018.10.03-20.01.49:574][  0]BlueprintLog: New page: Editor Load
[2018.10.03-20.01.49:638][  0]LocalizationService: Localization service is disabled
[2018.10.03-20.01.49:893][  0]LogCook: Display: Max memory allowance for cook 16384mb min free memory 0mb
[2018.10.03-20.01.49:893][  0]LogCook: Display: Mobile HDR setting 1
[2018.10.03-20.01.49:893][  0]LogGameplayTags: Display: UGameplayTagsManager::DoneAddingNativeTags. DelegateIsBound: 0
[2018.10.03-20.01.49:893][  0]LogStats: UGameplayTagsManager::ConstructGameplayTagTree: ImportINI prefixes -  0.000 s
[2018.10.03-20.01.49:893][  0]LogStats: UGameplayTagsManager::ConstructGameplayTagTree: Construct from data asset -  0.000 s
[2018.10.03-20.01.49:893][  0]LogStats: UGameplayTagsManager::ConstructGameplayTagTree: ImportINI -  0.000 s
[2018.10.03-20.01.49:893][  0]LogStats: UGameplayTagsManager::ConstructGameplayTagTree: GameplayTagTreeChangedEvent.Broadcast -  0.000 s
[2018.10.03-20.01.50:007][  0]LogFileCache: Scanning file cache for directory 'D:/My Games/GitHub/Rhythm Game Midterm/Rhythm_Midterm_Unreal/UnrealMidterm/Content/' took 0.02s
[2018.10.03-20.01.50:007][  0]SourceControl: Source control is disabled
[2018.10.03-20.01.50:007][  0]Cmd: MAP LOAD FILE="../../../../../../My Games/GitHub/Rhythm Game Midterm/Rhythm_Midterm_Unreal/UnrealMidterm/Content/VehicleBP/Maps/VehicleExampleMap.umap" TEMPLATE=0 SHOWPROGRESS=1 FEATURELEVEL=3
[2018.10.03-20.01.50:012][  0]LightingResults: New page: Lighting Build
[2018.10.03-20.01.50:014][  0]MapCheck: New page: Map Check
[2018.10.03-20.01.50:014][  0]LightingResults: New page: Lighting Build
[2018.10.03-20.01.50:241][  0]LogLinker: Warning: Can't find file '/Game/Level/lambert1'
[2018.10.03-20.01.50:241][  0]LogLinker: Warning: Can't find file for asset '/Game/Level/lambert1' while loading ../../../../../../My Games/GitHub/Rhythm Game Midterm/Rhythm_Midterm_Unreal/UnrealMidterm/Content/Level/Road.uasset.
[2018.10.03-20.01.50:241][  0]LoadErrors: Error: /Game/Level/Road : Can't find file for asset. /Game/Level/lambert1
[2018.10.03-20.01.50:241][  0]LogLinker: Warning: Can't find file '/Game/Level/lambert1'
[2018.10.03-20.01.50:241][  0]LogLinker: Warning: Can't find file for asset '/Game/Level/lambert1' while loading ../../../../../../My Games/GitHub/Rhythm Game Midterm/Rhythm_Midterm_Unreal/UnrealMidterm/Content/Level/Road.uasset.
[2018.10.03-20.01.50:241][  0]LoadErrors: Error: /Game/Level/Road : Can't find file for asset. /Game/Level/lambert1
[2018.10.03-20.01.50:251][  0]LogLinker: Warning: Can't find file '/Game/Level/lambert1'
[2018.10.03-20.01.50:251][  0]LoadErrors: Failed to load /Game/Level/lambert1.lambert1 Referenced by Road
[2018.10.03-20.01.50:251][  0]LogLinker: Warning: Can't find file for asset '/Game/Level/lambert1' while loading NULL.
[2018.10.03-20.01.50:252][  0]LoadErrors: Failed to load /Game/Level/lambert1.lambert1 Referenced by Road
[2018.10.03-20.01.50:252][  0]LogLinker: Warning: Can't find file '/Game/Level/lambert1'
[2018.10.03-20.01.50:252][  0]LoadErrors: Failed to load /Game/Level/lambert1.lambert1 Referenced by Road
[2018.10.03-20.01.50:252][  0]LogLinker: Warning: Can't find file for asset '/Game/Level/lambert1' while loading NULL.
[2018.10.03-20.01.50:252][  0]LoadErrors: Failed to load /Game/Level/lambert1.lambert1 Referenced by Road
[2018.10.03-20.01.50:263][  0]LogTexture: Display: Building textures: HQ_Lightmap1_2 (AutoDXT, 64X64)
[2018.10.03-20.01.50:263][  0]LogTexture: Display: Building textures: SkyOcclusion1_2 (AutoDXT, 64X32)
[2018.10.03-20.01.50:263][  0]LogTexture: Display: Building textures: SkyOcclusion1_1 (AutoDXT, 128X64)
[2018.10.03-20.01.50:263][  0]LogTexture: Display: Building textures: HQ_Lightmap1_1 (AutoDXT, 128X128)
[2018.10.03-20.01.50:263][  0]LogTexture: Display: Building textures: LQ_Lightmap_1_1 (DXT1, 128X128)
[2018.10.03-20.01.50:263][  0]LogTexture: Display: Building textures: LQ_Lightmap_1_2 (DXT1, 64X64)
[2018.10.03-20.01.50:263][  0]LogTexture: Display: Building textures: ShadowMapTexture2D_4 (G8, 64X64)
[2018.10.03-20.01.50:264][  0]LogTexture: Display: Building textures: ShadowMapTexture2D_5 (G8, 32X32)
[2018.10.03-20.01.50:264][  0]LogStaticMesh: Building static mesh Cube...
[2018.10.03-20.01.50:272][  0]LogStaticMesh: Built static mesh [0.01s] /Game/MidtermBP/Cube.Cube
[2018.10.03-20.01.50:275][  0]LogMaterial: Display: Missing cached shader map for material M_1, compiling. 
[2018.10.03-20.01.50:349][  0]LogShaderCompilers: Display: Shaders left to compile 22
[2018.10.03-20.01.50:349][  0]LogShaderCompilers: Display: Shaders left to compile 12
[2018.10.03-20.01.50:349][  0]LogShaderCompilers: Display: Shaders left to compile 2
[2018.10.03-20.01.50:349][  0]LogPhysics: Error: PHYSX: (D:\Build\++UE4+Release-4.20+PhysX_Compile\Sync\Engine\Source\ThirdParty\PhysX3\PhysX_3.4\Source\PhysXCooking\src\Cooking.cpp 198) eINVALID_PARAMETER : Cooking::cookConvexMesh: user-provided convex mesh descriptor is invalid!
[2018.10.03-20.01.50:349][  0]LogPhysics: Error: PHYSX: (D:\Build\++UE4+Release-4.20+PhysX_Compile\Sync\Engine\Source\ThirdParty\PhysX3\PhysX_3.4\Source\PhysXCooking\src\Cooking.cpp 198) eINVALID_PARAMETER : Cooking::cookConvexMesh: user-provided convex mesh descriptor is invalid!
[2018.10.03-20.01.50:349][  0]LogPhysics: Warning: Failed to cook convex: /Game/Level/Road.Road 0 (FlipX:0). The remaining elements will not get cooked.
[2018.10.03-20.01.50:350][  0]LogPhysics: Error: PHYSX: (D:\Build\++UE4+Release-4.20+PhysX_Compile\Sync\Engine\Source\ThirdParty\PhysX3\PhysX_3.4\Source\PhysXCooking\src\Cooking.cpp 198) eINVALID_PARAMETER : Cooking::cookConvexMesh: user-provided convex mesh descriptor is invalid!
[2018.10.03-20.01.50:350][  0]LogPhysics: Error: PHYSX: (D:\Build\++UE4+Release-4.20+PhysX_Compile\Sync\Engine\Source\ThirdParty\PhysX3\PhysX_3.4\Source\PhysXCooking\src\Cooking.cpp 198) eINVALID_PARAMETER : Cooking::cookConvexMesh: user-provided convex mesh descriptor is invalid!
[2018.10.03-20.01.50:350][  0]LogPhysics: Warning: Failed to cook convex: /Game/Level/Road.Road 0 (FlipX:1). The remaining elements will not get cooked.
[2018.10.03-20.01.50:367][  0]LogPhysics: Warning: Attempt to build physics data for /Game/Level/Road.Road:BodySetup_0 when we are unable to.
[2018.10.03-20.01.50:455][  0]LogAIModule: Creating AISystem for world VehicleExampleMap
[2018.10.03-20.01.50:459][  0]LogPhysics: Warning: PopulatePhysXGeometryAndTransform(Convex): ConvexElem is missing ConvexMesh
[2018.10.03-20.01.50:459][  0]LogPhysics: Warning: ForeachShape(Convex): [/Game/Level/Road.Road] ScaledElem[0] invalid
[2018.10.03-20.01.50:461][  0]LogEditorServer: Finished looking for orphan Actors (0.000 secs)
[2018.10.03-20.01.50:505][  0]Cmd: MAP CHECKDEP NOCLEARLOG
[2018.10.03-20.01.50:562][  0]MapCheck: Map check complete: 0 Error(s), 0 Warning(s), took 56.957ms to complete.
[2018.10.03-20.01.50:562][  0]LogFileHelpers: Loading map 'VehicleExampleMap' took 0.555
[2018.10.03-20.01.50:682][  0]LogSlate: Updating window title bar state: overlay mode, drag disabled, window buttons hidden, title bar hidden
[2018.10.03-20.01.50:691][  0]LogSlate: Updating window title bar state: overlay mode, drag disabled, window buttons hidden, title bar hidden
[2018.10.03-20.01.50:700][  0]LogSlate: Updating window title bar state: overlay mode, drag disabled, window buttons hidden, title bar hidden
[2018.10.03-20.01.50:710][  0]LogSlate: Updating window title bar state: overlay mode, drag disabled, window buttons hidden, title bar hidden
[2018.10.03-20.01.50:715][  0]LogCollectionManager: Loaded 0 collections in 0.000911 seconds
[2018.10.03-20.01.50:785][  0]LogFileCache: Scanning file cache for directory 'D:/My Games/GitHub/Rhythm Game Midterm/Rhythm_Midterm_Unreal/UnrealMidterm/Saved/Collections/' took 0.01s
[2018.10.03-20.01.50:785][  0]LogFileCache: Scanning file cache for directory 'D:/My Games/GitHub/Rhythm Game Midterm/Rhythm_Midterm_Unreal/UnrealMidterm/Content/Developers/jyta/Collections/' took 0.01s
[2018.10.03-20.01.50:785][  0]LogFileCache: Scanning file cache for directory 'D:/My Games/GitHub/Rhythm Game Midterm/Rhythm_Midterm_Unreal/UnrealMidterm/Content/Collections/' took 0.01s
[2018.10.03-20.01.50:785][  0]LogCollectionManager: Rebuilt the GUID cache for 0 collections in 0.000000 seconds
[2018.10.03-20.01.50:799][  0]LogContentBrowser: Native class hierarchy populated in 0.0131 seconds. Added 2575 classes and 608 folders.
[2018.10.03-20.01.50:807][  0]LogContentBrowser: Native class hierarchy updated for 'WidgetCarousel' in 0.0004 seconds. Added 0 classes and 0 folders.
[2018.10.03-20.01.50:853][  0]LogContentBrowser: Native class hierarchy updated for 'AddContentDialog' in 0.0003 seconds. Added 0 classes and 0 folders.
[2018.10.03-20.01.50:862][  0]LogContentBrowser: Native class hierarchy updated for 'WorldBrowser' in 0.0003 seconds. Added 2 classes and 3 folders.
[2018.10.03-20.01.50:933][  0]LogSlate: Took 0.000194 seconds to synchronously load lazily loaded font '../../../Engine/Content/Slate/Fonts/Roboto-Regular.ttf' (155K)
[2018.10.03-20.01.50:937][  0]LogSlate: Took 0.000221 seconds to synchronously load lazily loaded font '../../../Engine/Content/Slate/Fonts/Roboto-Bold.ttf' (160K)
[2018.10.03-20.01.50:941][  0]LogSlate: Took 0.000260 seconds to synchronously load lazily loaded font '../../../Engine/Content/Editor/Slate/Fonts/FontAwesome.ttf' (139K)
[2018.10.03-20.01.51:012][  0]LogRenderer: Reallocating scene render targets to support 1184x576 Format 10 NumSamples 1 (Frame:1).
[2018.10.03-20.01.51:117][  0]LogContentBrowser: Native class hierarchy updated for 'HierarchicalLODOutliner' in 0.0003 seconds. Added 0 classes and 0 folders.
[2018.10.03-20.01.51:118][  0]LogLoad: (Engine Initialization) Total time: 9.05 seconds
[2018.10.03-20.01.51:118][  0]LogLoad: (Engine Initialization) Total Blueprint compile time: 0.00 seconds
[2018.10.03-20.01.51:128][  0]LogWindowsTextInputMethodSystem: Display: IME system now deactivated.
[2018.10.03-20.01.51:129][  0]LogRawInputWindows: Warning: Found device 0 devices
[2018.10.03-20.01.51:129][  0]LogRawInputWindows: Warning: Found device 0 devices
[2018.10.03-20.01.51:129][  0]LogRawInputWindows: Warning: Device was registered succesfully but not connected (Usage:4 UsagePage:1)
[2018.10.03-20.01.51:129][  0]LogRawInputWindows: Warning: Found device 1 devices
[2018.10.03-20.01.51:129][  0]LogRawInputWindows: Warning: Device was registered succesfully but not connected (Usage:5 UsagePage:1)
[2018.10.03-20.01.51:160][  0]LogContentStreaming: Texture pool size now 1000 MB
[2018.10.03-20.01.56:183][598]LogFileCache: Retrieving MD5 hashes for directory 'D:/My Games/GitHub/Rhythm Game Midterm/Rhythm_Midterm_Unreal/UnrealMidterm/Content/' took 5.04s
[2018.10.03-20.02.03:361][459]LogAssetRegistry: Asset discovery search completed in 16.6631 seconds
[2018.10.03-20.02.03:363][459]LogCollectionManager: Rebuilt the object cache for 0 collections in 0.000000 seconds (found 0 objects)
[2018.10.03-20.02.03:363][459]LogCollectionManager: Fixed up redirectors for 0 collections in 0.000042 seconds (updated 0 objects)
[2018.10.03-20.02.37:313][863]LogSlate: FSceneViewport::OnFocusLost() reason 0
[2018.10.03-20.02.43:801][566]LogTemp: Repeating last play command: Selected Viewport
[2018.10.03-20.02.43:821][566]LogBlueprintUserMessages: Early PlayInEditor Detection: Level '/Game/VehicleBP/Maps/VehicleExampleMap.VehicleExampleMap:PersistentLevel' has LevelScriptBlueprint '/Game/VehicleBP/Maps/VehicleExampleMap.VehicleExampleMap:PersistentLevel.VehicleExampleMap' with GeneratedClass '/Game/VehicleBP/Maps/VehicleExampleMap.VehicleExampleMap_C' with ClassGeneratedBy '/Game/VehicleBP/Maps/VehicleExampleMap.VehicleExampleMap:PersistentLevel.VehicleExampleMap'
[2018.10.03-20.02.43:821][566]LogPlayLevel: PlayLevel: No blueprints needed recompiling
[2018.10.03-20.02.43:833][566]PIE: New page: PIE session: VehicleExampleMap (Oct 3, 2018, 6:02:43 AM)
[2018.10.03-20.02.43:833][566]LogPlayLevel: Creating play world package: /Game/VehicleBP/Maps/UEDPIE_0_VehicleExampleMap
[2018.10.03-20.02.43:851][566]LogPlayLevel: PIE: StaticDuplicateObject took: (0.017287s)
[2018.10.03-20.02.43:851][566]LogAIModule: Creating AISystem for world VehicleExampleMap
[2018.10.03-20.02.43:852][566]LogPlayLevel: PIE: World Init took: (0.000801s)
[2018.10.03-20.02.43:852][566]LogPlayLevel: PIE: Created PIE world by copying editor world from /Game/VehicleBP/Maps/VehicleExampleMap.VehicleExampleMap to /Game/VehicleBP/Maps/UEDPIE_0_VehicleExampleMap.VehicleExampleMap (0.018273s)
[2018.10.03-20.02.43:889][566]LogInit: XAudio2 using 'Headphones (High Definition Audio Device)' : 2 channels at 48 kHz using 16 bits per sample (channel mask 0x3)
[2018.10.03-20.02.43:897][566]LogInit: FAudioDevice initialized.
[2018.10.03-20.02.43:945][566]LogLoad: Game class is 'GameMode_Rhythm_Game_C'
[2018.10.03-20.02.43:949][566]LogPhysics: Warning: PopulatePhysXGeometryAndTransform(Convex): ConvexElem is missing ConvexMesh
[2018.10.03-20.02.43:949][566]LogPhysics: Warning: ForeachShape(Convex): [/Game/Level/Road.Road] ScaledElem[0] invalid
[2018.10.03-20.02.43:949][566]LogWorld: Bringing World /Game/VehicleBP/Maps/UEDPIE_0_VehicleExampleMap.VehicleExampleMap up for play (max tick rate 0) at 2018.10.03-13.02.43
[2018.10.03-20.02.43:950][566]LogWorld: Bringing up level for play took: 0.001094
[2018.10.03-20.02.43:966][566]LogContentBrowser: Native class hierarchy updated for 'MovieSceneCapture' in 0.0003 seconds. Added 10 classes and 0 folders.
[2018.10.03-20.02.43:967][566]PIE: Play in editor start time for /Game/VehicleBP/Maps/UEDPIE_0_VehicleExampleMap -0.081
[2018.10.03-20.02.43:967][566]LogBlueprintUserMessages: Late PlayInEditor Detection: Level '/Game/VehicleBP/Maps/VehicleExampleMap.VehicleExampleMap:PersistentLevel' has LevelScriptBlueprint '/Game/VehicleBP/Maps/VehicleExampleMap.VehicleExampleMap:PersistentLevel.VehicleExampleMap' with GeneratedClass '/Game/VehicleBP/Maps/VehicleExampleMap.VehicleExampleMap_C' with ClassGeneratedBy '/Game/VehicleBP/Maps/VehicleExampleMap.VehicleExampleMap:PersistentLevel.VehicleExampleMap'
[2018.10.03-20.02.45:213][711]LogBlueprintUserMessages: Early EndPlayMap Detection: Level '/Game/VehicleBP/Maps/VehicleExampleMap.VehicleExampleMap:PersistentLevel' has LevelScriptBlueprint '/Game/VehicleBP/Maps/VehicleExampleMap.VehicleExampleMap:PersistentLevel.VehicleExampleMap' with GeneratedClass '/Game/VehicleBP/Maps/VehicleExampleMap.VehicleExampleMap_C' with ClassGeneratedBy '/Game/VehicleBP/Maps/VehicleExampleMap.VehicleExampleMap:PersistentLevel.VehicleExampleMap'
[2018.10.03-20.02.45:213][711]LogSlate: Updating window title bar state: overlay mode, drag disabled, window buttons hidden, title bar hidden
[2018.10.03-20.02.45:248][711]LogPlayLevel: Display: Shutting down PIE online subsystems
[2018.10.03-20.02.45:249][711]LogBlueprintUserMessages: Late EndPlayMap Detection: Level '/Game/VehicleBP/Maps/VehicleExampleMap.VehicleExampleMap:PersistentLevel' has LevelScriptBlueprint '/Game/VehicleBP/Maps/VehicleExampleMap.VehicleExampleMap:PersistentLevel.VehicleExampleMap' with GeneratedClass '/Game/VehicleBP/Maps/VehicleExampleMap.VehicleExampleMap_C' with ClassGeneratedBy '/Game/VehicleBP/Maps/VehicleExampleMap.VehicleExampleMap:PersistentLevel.VehicleExampleMap'
[2018.10.03-20.02.45:287][711]LogSlate: Updating window title bar state: overlay mode, drag disabled, window buttons hidden, title bar hidden
[2018.10.03-20.02.45:319][714]LogPlayLevel: Display: Destroying online subsystem :Context_1
[2018.10.03-20.02.47:958][ 27]LogEditorViewport: Clicking on Actor (LMB): StaticMeshActor (Road)
[2018.10.03-20.03.00:955][534]LogSlate: FSceneViewport::OnFocusLost() reason 0
[2018.10.03-20.03.01:111][552]LogSlate: Took 0.000269 seconds to synchronously load lazily loaded font '../../../Engine/Content/Slate/Fonts/Roboto-Light.ttf' (167K)
[2018.10.03-20.03.01:117][552]LogAssetEditorManager: Opening Asset editor for StaticMesh /Game/Level/Road.Road
[2018.10.03-20.03.01:550][552]LogPhysics: Warning: PopulatePhysXGeometryAndTransform(Convex): ConvexElem is missing ConvexMesh
[2018.10.03-20.03.01:550][552]LogPhysics: Warning: ForeachShape(Convex): [/Game/Level/Road.Road] ScaledElem[0] invalid
[2018.10.03-20.03.01:606][552]LogPhysics: Warning: PopulatePhysXGeometryAndTransform(Convex): ConvexElem is missing ConvexMesh
[2018.10.03-20.03.01:606][552]LogPhysics: Warning: ForeachShape(Convex): [/Game/Level/Road.Road] ScaledElem[0] invalid
[2018.10.03-20.03.01:910][552]LogRenderer: Reallocating scene render targets to support 1432x924 Format 10 NumSamples 1 (Frame:1).
[2018.10.03-20.03.01:910][552]LogSlate: Took 0.031975 seconds to synchronously load lazily loaded font '../../../Engine/Content/Slate/Fonts/Roboto-Italic.ttf' (157K)
[2018.10.03-20.03.07:790][185]LogPhysics: Error: PHYSX: (D:\Build\++UE4+Release-4.20+PhysX_Compile\Sync\Engine\Source\ThirdParty\PhysX3\PhysX_3.4\Source\PhysXCooking\src\Cooking.cpp 198) eINVALID_PARAMETER : Cooking::cookConvexMesh: user-provided convex mesh descriptor is invalid!
[2018.10.03-20.03.07:790][185]LogPhysics: Error: PHYSX: (D:\Build\++UE4+Release-4.20+PhysX_Compile\Sync\Engine\Source\ThirdParty\PhysX3\PhysX_3.4\Source\PhysXCooking\src\Cooking.cpp 198) eINVALID_PARAMETER : Cooking::cookConvexMesh: user-provided convex mesh descriptor is invalid!
[2018.10.03-20.03.07:790][185]LogPhysics: Warning: Failed to cook convex: /Game/Level/Road.Road 0 (FlipX:0). The remaining elements will not get cooked.
[2018.10.03-20.03.07:790][185]LogPhysics: Error: PHYSX: (D:\Build\++UE4+Release-4.20+PhysX_Compile\Sync\Engine\Source\ThirdParty\PhysX3\PhysX_3.4\Source\PhysXCooking\src\Cooking.cpp 198) eINVALID_PARAMETER : Cooking::cookConvexMesh: user-provided convex mesh descriptor is invalid!
[2018.10.03-20.03.07:790][185]LogPhysics: Error: PHYSX: (D:\Build\++UE4+Release-4.20+PhysX_Compile\Sync\Engine\Source\ThirdParty\PhysX3\PhysX_3.4\Source\PhysXCooking\src\Cooking.cpp 198) eINVALID_PARAMETER : Cooking::cookConvexMesh: user-provided convex mesh descriptor is invalid!
[2018.10.03-20.03.07:790][185]LogPhysics: Warning: Failed to cook convex: /Game/Level/Road.Road 0 (FlipX:1). The remaining elements will not get cooked.
[2018.10.03-20.03.07:808][185]LogPhysics: Warning: Attempt to build physics data for /Game/Level/Road.Road:BodySetup_0 when we are unable to.
[2018.10.03-20.03.10:599][480]LogPhysics: Error: PHYSX: (D:\Build\++UE4+Release-4.20+PhysX_Compile\Sync\Engine\Source\ThirdParty\PhysX3\PhysX_3.4\Source\PhysXCooking\src\Cooking.cpp 198) eINVALID_PARAMETER : Cooking::cookConvexMesh: user-provided convex mesh descriptor is invalid!
[2018.10.03-20.03.10:599][480]LogPhysics: Error: PHYSX: (D:\Build\++UE4+Release-4.20+PhysX_Compile\Sync\Engine\Source\ThirdParty\PhysX3\PhysX_3.4\Source\PhysXCooking\src\Cooking.cpp 198) eINVALID_PARAMETER : Cooking::cookConvexMesh: user-provided convex mesh descriptor is invalid!
[2018.10.03-20.03.10:599][480]LogPhysics: Warning: Failed to cook convex: /Game/Level/Road.Road 0 (FlipX:0). The remaining elements will not get cooked.
[2018.10.03-20.03.10:599][480]LogPhysics: Error: PHYSX: (D:\Build\++UE4+Release-4.20+PhysX_Compile\Sync\Engine\Source\ThirdParty\PhysX3\PhysX_3.4\Source\PhysXCooking\src\Cooking.cpp 198) eINVALID_PARAMETER : Cooking::cookConvexMesh: user-provided convex mesh descriptor is invalid!
[2018.10.03-20.03.10:599][480]LogPhysics: Error: PHYSX: (D:\Build\++UE4+Release-4.20+PhysX_Compile\Sync\Engine\Source\ThirdParty\PhysX3\PhysX_3.4\Source\PhysXCooking\src\Cooking.cpp 198) eINVALID_PARAMETER : Cooking::cookConvexMesh: user-provided convex mesh descriptor is invalid!
[2018.10.03-20.03.10:599][480]LogPhysics: Warning: Failed to cook convex: /Game/Level/Road.Road 0 (FlipX:1). The remaining elements will not get cooked.
[2018.10.03-20.03.10:616][480]LogPhysics: Warning: Attempt to build physics data for /Game/Level/Road.Road:BodySetup_0 when we are unable to.
[2018.10.03-20.03.10:617][480]LogMaterial: Warning: Material /Engine/EditorMaterials/WidgetVertexColorMaterial.WidgetVertexColorMaterial needed to have new flag set bUsedWithStaticLighting !
[2018.10.03-20.03.10:619][480]LogMaterial: Display: Missing cached shader map for material WidgetVertexColorMaterial, compiling. 
[2018.10.03-20.03.10:678][481]LogShaderCompilers: Display: Shaders left to compile 33
[2018.10.03-20.03.10:678][481]LogShaderCompilers: Display: Shaders left to compile 23
[2018.10.03-20.03.10:678][481]LogShaderCompilers: Display: Shaders left to compile 13
[2018.10.03-20.03.10:678][481]LogShaderCompilers: Display: Shaders left to compile 3
[2018.10.03-20.03.14:034][787]LogPhysics: Error: PHYSX: (D:\Build\++UE4+Release-4.20+PhysX_Compile\Sync\Engine\Source\ThirdParty\PhysX3\PhysX_3.4\Source\PhysXCooking\src\Cooking.cpp 198) eINVALID_PARAMETER : Cooking::cookConvexMesh: user-provided convex mesh descriptor is invalid!
[2018.10.03-20.03.14:034][787]LogPhysics: Error: PHYSX: (D:\Build\++UE4+Release-4.20+PhysX_Compile\Sync\Engine\Source\ThirdParty\PhysX3\PhysX_3.4\Source\PhysXCooking\src\Cooking.cpp 198) eINVALID_PARAMETER : Cooking::cookConvexMesh: user-provided convex mesh descriptor is invalid!
[2018.10.03-20.03.14:034][787]LogPhysics: Warning: Failed to cook convex: /Game/Level/Road.Road 0 (FlipX:0). The remaining elements will not get cooked.
[2018.10.03-20.03.14:034][787]LogPhysics: Error: PHYSX: (D:\Build\++UE4+Release-4.20+PhysX_Compile\Sync\Engine\Source\ThirdParty\PhysX3\PhysX_3.4\Source\PhysXCooking\src\Cooking.cpp 198) eINVALID_PARAMETER : Cooking::cookConvexMesh: user-provided convex mesh descriptor is invalid!
[2018.10.03-20.03.14:034][787]LogPhysics: Error: PHYSX: (D:\Build\++UE4+Release-4.20+PhysX_Compile\Sync\Engine\Source\ThirdParty\PhysX3\PhysX_3.4\Source\PhysXCooking\src\Cooking.cpp 198) eINVALID_PARAMETER : Cooking::cookConvexMesh: user-provided convex mesh descriptor is invalid!
[2018.10.03-20.03.14:034][787]LogPhysics: Warning: Failed to cook convex: /Game/Level/Road.Road 0 (FlipX:1). The remaining elements will not get cooked.
[2018.10.03-20.03.14:051][787]LogPhysics: Warning: Attempt to build physics data for /Game/Level/Road.Road:BodySetup_0 when we are unable to.
[2018.10.03-20.03.23:284][781]LogPhysics: Error: PHYSX: (D:\Build\++UE4+Release-4.20+PhysX_Compile\Sync\Engine\Source\ThirdParty\PhysX3\PhysX_3.4\Source\PhysXCooking\src\Cooking.cpp 198) eINVALID_PARAMETER : Cooking::cookConvexMesh: user-provided convex mesh descriptor is invalid!
[2018.10.03-20.03.23:284][781]LogPhysics: Error: PHYSX: (D:\Build\++UE4+Release-4.20+PhysX_Compile\Sync\Engine\Source\ThirdParty\PhysX3\PhysX_3.4\Source\PhysXCooking\src\Cooking.cpp 198) eINVALID_PARAMETER : Cooking::cookConvexMesh: user-provided convex mesh descriptor is invalid!
[2018.10.03-20.03.23:284][781]LogPhysics: Warning: Failed to cook convex: /Game/Level/Road.Road 0 (FlipX:0). The remaining elements will not get cooked.
[2018.10.03-20.03.23:284][781]LogPhysics: Error: PHYSX: (D:\Build\++UE4+Release-4.20+PhysX_Compile\Sync\Engine\Source\ThirdParty\PhysX3\PhysX_3.4\Source\PhysXCooking\src\Cooking.cpp 198) eINVALID_PARAMETER : Cooking::cookConvexMesh: user-provided convex mesh descriptor is invalid!
[2018.10.03-20.03.23:284][781]LogPhysics: Error: PHYSX: (D:\Build\++UE4+Release-4.20+PhysX_Compile\Sync\Engine\Source\ThirdParty\PhysX3\PhysX_3.4\Source\PhysXCooking\src\Cooking.cpp 198) eINVALID_PARAMETER : Cooking::cookConvexMesh: user-provided convex mesh descriptor is invalid!
[2018.10.03-20.03.23:284][781]LogPhysics: Warning: Failed to cook convex: /Game/Level/Road.Road 0 (FlipX:1). The remaining elements will not get cooked.
[2018.10.03-20.03.23:301][781]LogPhysics: Warning: Attempt to build physics data for /Game/Level/Road.Road:BodySetup_0 when we are unable to.
[2018.10.03-20.03.27:250][202]Cmd: OBJ SAVEPACKAGE PACKAGE="/Game/Level/Road" FILE="../../../../../../My Games/GitHub/Rhythm Game Midterm/Rhythm_Midterm_Unreal/UnrealMidterm/Content/Level/Road.uasset" SILENT=true
[2018.10.03-20.03.27:275][202]LogSavePackage: Moving '../../../../../../My Games/GitHub/Rhythm Game Midterm/Rhythm_Midterm_Unreal/UnrealMidterm/Saved/Road7A4A04F54277BCE7EFBF8891B064B8B7.tmp' to '../../../../../../My Games/GitHub/Rhythm Game Midterm/Rhythm_Midterm_Unreal/UnrealMidterm/Content/Level/Road.uasset'
[2018.10.03-20.03.34:567][982]LogSlate: FSceneViewport::OnFocusLost() reason 0
[2018.10.03-20.03.34:578][982]LogSlate: Took 0.000258 seconds to synchronously load lazily loaded font '../../../Engine/Content/Slate/Fonts/Roboto-Light.ttf' (167K)
[2018.10.03-20.03.48:222][547]LogFactory: FactoryCreateFile: SoundWave with ReimportSoundFactory (0 0 ../../../../../../My Games/GitHub/Rhythm Game Midterm/Rhythm_Midterm_Unreal/UnrealMidterm/Content/Sound/Music and NPC.wav)
[2018.10.03-20.03.48:338][547]LogFactory: FactoryCreateFile: SoundWave with ReimportSoundFactory (0 0 ../../../../../../My Games/GitHub/Rhythm Game Midterm/Rhythm_Midterm_Unreal/UnrealMidterm/Content/Sound/Music.wav)
[2018.10.03-20.03.48:450][547]LogFactory: FactoryCreateFile: SoundWave with ReimportSoundFactory (0 0 ../../../../../../My Games/GitHub/Rhythm Game Midterm/Rhythm_Midterm_Unreal/UnrealMidterm/Content/Sound/Player Long Honk.wav)
[2018.10.03-20.03.51:598][858]LogSavePackage: Moving '../../../../../../My Games/GitHub/Rhythm Game Midterm/Rhythm_Midterm_Unreal/UnrealMidterm/Saved/VehicleExampleMap11E52B2B45917C10996478821BEB85C9.tmp' to '../../../../../../My Games/GitHub/Rhythm Game Midterm/Rhythm_Midterm_Unreal/UnrealMidterm/Content/VehicleBP/Maps/VehicleExampleMap.umap'
[2018.10.03-20.03.51:658][858]LogSavePackage: Moving '../../../../../../My Games/GitHub/Rhythm Game Midterm/Rhythm_Midterm_Unreal/UnrealMidterm/Saved/VehicleExampleMap_BuiltDataEE5E54F445BB9B5748124CAE8599CF68.tmp' to '../../../../../../My Games/GitHub/Rhythm Game Midterm/Rhythm_Midterm_Unreal/UnrealMidterm/Content/VehicleBP/Maps/VehicleExampleMap_BuiltData.uasset'
