Log file open, 10/04/18 20:25:44
LogWindows: Failed to load 'aqProf.dll' (GetLastError=126)
LogWindows: File 'aqProf.dll' does not exist
LogWindows: Failed to load 'VSPerf140.dll' (GetLastError=126)
LogWindows: File 'VSPerf140.dll' does not exist
LogWindows: Failed to load 'VtuneApi.dll' (GetLastError=126)
LogWindows: File 'VtuneApi.dll' does not exist
LogWindows: Failed to load 'VtuneApi32e.dll' (GetLastError=126)
LogWindows: File 'VtuneApi32e.dll' does not exist
LogInit: Display: Running engine for game: UnrealMidterm
LogPlatformFile: Not using cached read wrapper
LogTaskGraph: Started task graph with 5 named threads and 35 total threads with 3 sets of task threads.
LogStats: Stats thread started at 5.043442
LogD3D11RHI: Loaded GFSDK_Aftermath_Lib.x64.dll
LogICUInternationalization: Display: ICU TimeZone Detection - Raw Offset: -8:00, Platform Override: ''
LogPluginManager: Mounting plugin Paper2D
LogPluginManager: Mounting plugin AISupport
LogPluginManager: Mounting plugin LightPropagationVolume
LogPluginManager: Mounting plugin CLionSourceCodeAccess
LogPluginManager: Mounting plugin CodeLiteSourceCodeAccess
LogPluginManager: Mounting plugin GitSourceControl
LogPluginManager: Mounting plugin KDevelopSourceCodeAccess
LogPluginManager: Mounting plugin NullSourceCodeAccess
LogPluginManager: Mounting plugin PerforceSourceControl
LogPluginManager: Mounting plugin SubversionSourceControl
LogPluginManager: Mounting plugin UObjectPlugin
LogPluginManager: Mounting plugin VisualStudioCodeSourceCodeAccess
LogPluginManager: Mounting plugin VisualStudioSourceCodeAccess
LogPluginManager: Mounting plugin XCodeSourceCodeAccess
LogPluginManager: Mounting plugin AssetManagerEditor
LogPluginManager: Mounting plugin CryptoKeys
LogPluginManager: Mounting plugin DataValidation
LogPluginManager: Mounting plugin FacialAnimation
LogPluginManager: Mounting plugin GameplayTagsEditor
LogPluginManager: Mounting plugin MacGraphicsSwitching
LogPluginManager: Mounting plugin MeshEditor
LogPluginManager: Mounting plugin MobileLauncherProfileWizard
LogPluginManager: Mounting plugin PluginBrowser
LogPluginManager: Mounting plugin SpeedTreeImporter
LogPluginManager: Mounting plugin DatasmithContent
LogPluginManager: Mounting plugin AlembicImporter
LogPluginManager: Mounting plugin AppleImageUtils
LogPluginManager: Mounting plugin AppleVision
LogPluginManager: Mounting plugin BackChannel
LogPluginManager: Mounting plugin CharacterAI
LogPluginManager: Mounting plugin GeometryCache
LogPluginManager: Mounting plugin HTML5Networking
LogPluginManager: Mounting plugin ProxyLODPlugin
LogPluginManager: Mounting plugin RawInput
LogPluginManager: Mounting plugin MagicLeap
LogPluginManager: Mounting plugin MagicLeapEmulator
LogPluginManager: Mounting plugin MagicLeapMedia
LogPluginManager: Mounting plugin AndroidMedia
LogPluginManager: Mounting plugin AvfMedia
LogPluginManager: Mounting plugin ImgMedia
LogPluginManager: Mounting plugin LinearTimecode
LogPluginManager: Mounting plugin MediaCompositing
LogPluginManager: Mounting plugin MediaPlayerEditor
LogPluginManager: Mounting plugin WmfMedia
LogPluginManager: Mounting plugin TcpMessaging
LogPluginManager: Mounting plugin UdpMessaging
LogPluginManager: Mounting plugin ActorSequence
LogPluginManager: Mounting plugin LevelSequenceEditor
LogPluginManager: Mounting plugin MatineeToLevelSequence
LogPluginManager: Mounting plugin NetcodeUnitTest
LogPluginManager: Mounting plugin NUTUnrealEngine4
LogPluginManager: Mounting plugin OnlineSubsystemGooglePlay
LogPluginManager: Mounting plugin OnlineSubsystemIOS
LogPluginManager: Mounting plugin OnlineSubsystem
LogPluginManager: Mounting plugin OnlineSubsystemNull
LogPluginManager: Mounting plugin OnlineSubsystemUtils
LogPluginManager: Mounting plugin LauncherChunkInstaller
LogPluginManager: Mounting plugin AndroidDeviceProfileSelector
LogPluginManager: Mounting plugin AndroidMoviePlayer
LogPluginManager: Mounting plugin AndroidPermission
LogPluginManager: Mounting plugin AppleMoviePlayer
LogPluginManager: Mounting plugin ArchVisCharacter
LogPluginManager: Mounting plugin AudioCapture
LogPluginManager: Mounting plugin CableComponent
LogPluginManager: Mounting plugin CustomMeshComponent
LogPluginManager: Mounting plugin EditableMesh
LogPluginManager: Mounting plugin ExampleDeviceProfileSelector
LogPluginManager: Mounting plugin GoogleCloudMessaging
LogPluginManager: Mounting plugin ImmediatePhysics
LogPluginManager: Mounting plugin IOSDeviceProfileSelector
LogPluginManager: Mounting plugin LinuxDeviceProfileSelector
LogPluginManager: Mounting plugin LocationServicesBPLibrary
LogPluginManager: Mounting plugin MobilePatchingUtils
LogPluginManager: Mounting plugin OculusVR
LogPluginManager: Plugin shader directory ../../../Engine/Plugins/Runtime/Oculus/OculusVR/Shaders found
LogPluginManager: Mapping shader source directory ../../../Engine/Plugins/Runtime/Oculus/OculusVR/Shaders to virtual directory /Plugin/OculusVR
LogPluginManager: Mounting plugin PhysXVehicles
LogPluginManager: Mounting plugin ProceduralMeshComponent
LogPluginManager: Mounting plugin RuntimePhysXCooking
LogPluginManager: Mounting plugin SteamVR
LogPluginManager: Mounting plugin WindowsMoviePlayer
LogStreaming: Display: Took  0.250s to configure plugins.
LogInit: Using libcurl 7.55.1-DEV
LogInit:  - built for x86_64-pc-win32
LogInit:  - supports SSL with OpenSSL/1.0.2h
LogInit:  - supports HTTP deflate (compression) using libz 1.2.8
LogInit:  - other features:
LogInit:      CURL_VERSION_SSL
LogInit:      CURL_VERSION_LIBZ
LogInit:      CURL_VERSION_IPV6
LogInit:      CURL_VERSION_ASYNCHDNS
LogInit:      CURL_VERSION_LARGEFILE
LogInit:      CURL_VERSION_IDN
LogInit:  CurlRequestOptions (configurable via config and command line):
LogInit:  - bVerifyPeer = false  - Libcurl will NOT verify peer certificate
LogInit:  - bUseHttpProxy = false  - Libcurl will NOT use HTTP proxy
LogInit:  - bDontReuseConnections = false  - Libcurl will reuse connections
LogInit:  - CertBundlePath = nullptr  - Libcurl will use whatever was configured at build time.
LogInit:  - MaxHostConnections = 16  - Libcurl will limit the number of connections to a host
LogInit:  - LocalHostAddr = Default
LogInit:  - BufferSize = 65536
LogInit: WinSock: version 1.1 (2.2), MaxSocks=32767, MaxUdp=65467
LogInit: Build: ++UE4+Release-4.20-CL-4369336
LogInit: Engine Version: 4.20.3-4369336+++UE4+Release-4.20
LogInit: Compatible Engine Version: 4.20.0-4212847+++UE4+Release-4.20
LogInit: Net CL: 4212847
LogInit: OS: Windows 10 (), CPU: Intel(R) Core(TM) i7-8700K CPU @ 3.70GHz, GPU: NVIDIA GeForce GTX 1080
LogInit: Compiled (64-bit): Sep 17 2018 12:26:19
LogInit: Compiled with Visual C++: 19.13.26129.00
LogInit: Build Configuration: Development
LogInit: Branch Name: ++UE4+Release-4.20
LogInit: Command Line:  
LogInit: Base Directory: F:/Games/Epic/UE_4.20/Engine/Binaries/Win64/
LogInit: Installed Engine Build: 1
LogDevObjectVersion: Number of dev versions registered: 20
LogDevObjectVersion:   Dev-Blueprints (B0D832E4-1F89-4F0D-ACCF-7EB736FD4AA2): 10
LogDevObjectVersion:   Dev-Build (E1C64328-A22C-4D53-A36C-8E866417BD8C): 0
LogDevObjectVersion:   Dev-Core (375EC13C-06E4-48FB-B500-84F0262A717E): 2
LogDevObjectVersion:   Dev-Editor (E4B068ED-F494-42E9-A231-DA0B2E46BB41): 24
LogDevObjectVersion:   Dev-Framework (CFFC743F-43B0-4480-9391-14DF171D2073): 34
LogDevObjectVersion:   Dev-Mobile (B02B49B5-BB20-44E9-A304-32B752E40360): 2
LogDevObjectVersion:   Dev-Networking (A4E4105C-59A1-49B5-A7C5-40C4547EDFEE): 0
LogDevObjectVersion:   Dev-Online (39C831C9-5AE6-47DC-9A44-9C173E1C8E7C): 0
LogDevObjectVersion:   Dev-Physics (78F01B33-EBEA-4F98-B9B4-84EACCB95AA2): 0
LogDevObjectVersion:   Dev-Platform (6631380F-2D4D-43E0-8009-CF276956A95A): 0
LogDevObjectVersion:   Dev-Rendering (12F88B9F-8875-4AFC-A67C-D90C383ABD29): 26
LogDevObjectVersion:   Dev-Sequencer (7B5AE74C-D270-4C10-A958-57980B212A5A): 9
LogDevObjectVersion:   Dev-VR (D7296918-1DD6-4BDD-9DE2-64A83CC13884): 2
LogDevObjectVersion:   Dev-LoadTimes (C2A15278-BFE7-4AFE-6C17-90FF531DF755): 1
LogDevObjectVersion:   Private-Geometry (6EACA3D4-40EC-4CC1-B786-8BED09428FC5): 3
LogDevObjectVersion:   Dev-AnimPhys (29E575DD-E0A3-4627-9D10-D276232CDCEA): 17
LogDevObjectVersion:   Dev-ReflectionCapture (6B266CEC-1EC7-4B8F-A30B-E4D90942FC07): 1
LogDevObjectVersion:   Dev-Automation (0DF73D61-A23F-47EA-B727-89E90C41499A): 1
LogDevObjectVersion:   FortniteMain (601D1886-AC64-4F84-AA16-D3DE0DEAC7D6): 12
LogDevObjectVersion:   Dev-Enterprise (9DFFBCD6-494F-0158-E221-12823C92A888): 1
LogStreaming: Display: Took  0.003s to delete old logs.
LogInit: Presizing for max 8388607 objects, including 0 objects not considered by GC, pre-allocating 0 bytes for permanent pool.
LogInit: Object subsystem initialized
[2018.10.05-03.25.45:260][  0]LogInit: Selected Device Profile: [Windows]
[2018.10.05-03.25.45:260][  0]LogInit: Applying CVar settings loaded from the selected device profile: [Windows]
[2018.10.05-03.25.45:324][  0]LogHAL: Display: Platform has ~ 16 GB [17100603392 / 17179869184 / 16], which maps to Larger [LargestMinGB=32, LargerMinGB=12, DefaultMinGB=8, SmallerMinGB=6, SmallestMinGB=0)
[2018.10.05-03.25.45:324][  0]LogInit: Setting Device Profile CVar: [[r.Vulkan.UseRealUBs:1]]
[2018.10.05-03.25.45:324][  0]LogInit: Going up to parent DeviceProfile []
[2018.10.05-03.25.45:351][  0]LogInit: Computer: DESKTOP-A808GEO
[2018.10.05-03.25.45:351][  0]LogInit: User: Hesi
[2018.10.05-03.25.45:351][  0]LogInit: CPU Page size=4096, Cores=6
[2018.10.05-03.25.45:351][  0]LogInit: High frequency timer resolution =3.609373 MHz
[2018.10.05-03.25.45:351][  0]LogMemory: Memory total: Physical=15.9GB (16GB approx)
[2018.10.05-03.25.45:351][  0]LogMemory: Platform Memory Stats for Windows
[2018.10.05-03.25.45:351][  0]LogMemory: Process Physical Memory: 101.88 MB used, 101.88 MB peak
[2018.10.05-03.25.45:351][  0]LogMemory: Process Virtual Memory: 93.89 MB used, 93.89 MB peak
[2018.10.05-03.25.45:351][  0]LogMemory: Physical Memory: 11345.79 MB used,  4962.62 MB free, 16308.41 MB total
[2018.10.05-03.25.45:351][  0]LogMemory: Virtual Memory: 4660.40 MB used,  4962.62 MB free, 134217728.00 MB total
[2018.10.05-03.25.45:909][  0]LogInit: Using OS detected language (en-US).
[2018.10.05-03.25.45:909][  0]LogInit: Using OS detected locale (en-US).
[2018.10.05-03.25.45:933][  0]LogTextLocalizationManager: No specific localization for 'en-US' exists, so the 'en' localization will be used.
[2018.10.05-03.25.48:760][  0]LogStreaming: Display: Took  2.851s to InitEngineTextLocalization.
[2018.10.05-03.25.48:761][  0]LogInit: Setting process to per monitor DPI aware
[2018.10.05-03.25.49:379][  0]LogSlate: New Slate User Created.  User Index 0, Is Virtual User: 0
[2018.10.05-03.25.49:379][  0]LogSlate: Slate User Registered.  User Index 0, Is Virtual User: 0
[2018.10.05-03.25.52:285][  0]LogHMD: Failed to initialize OpenVR with code 110
[2018.10.05-03.25.52:285][  0]LogD3D11RHI: D3D11 adapters:
[2018.10.05-03.25.52:397][  0]LogD3D11RHI:    0. 'NVIDIA GeForce GTX 1080' (Feature Level 11_0)
[2018.10.05-03.25.52:397][  0]LogD3D11RHI:       8079/0/8154 MB DedicatedVideo/DedicatedSystem/SharedSystem, Outputs:2, VendorId:0x10de
[2018.10.05-03.25.52:403][  0]LogD3D11RHI:    1. 'Microsoft Basic Render Driver' (Feature Level 11_0)
[2018.10.05-03.25.52:403][  0]LogD3D11RHI:       0/0/8154 MB DedicatedVideo/DedicatedSystem/SharedSystem, Outputs:0, VendorId:0x1414
[2018.10.05-03.25.52:403][  0]LogD3D11RHI: Chosen D3D11 Adapter: 0
[2018.10.05-03.25.52:413][  0]LogD3D11RHI: Creating new Direct3DDevice
[2018.10.05-03.25.52:413][  0]LogD3D11RHI:     GPU DeviceId: 0x1b80 (for the marketing name, search the web for "GPU Device Id")
[2018.10.05-03.25.52:414][  0]LogWindows: EnumDisplayDevices:
[2018.10.05-03.25.52:414][  0]LogWindows:    0. 'NVIDIA GeForce GTX 1080' (P:1 D:1)
[2018.10.05-03.25.52:414][  0]LogWindows:    1. 'NVIDIA GeForce GTX 1080' (P:0 D:1)
[2018.10.05-03.25.52:414][  0]LogWindows:    2. 'NVIDIA GeForce GTX 1080' (P:0 D:0)
[2018.10.05-03.25.52:414][  0]LogWindows:    3. 'NVIDIA GeForce GTX 1080' (P:0 D:0)
[2018.10.05-03.25.52:414][  0]LogWindows: DebugString: FoundDriverCount:4 
[2018.10.05-03.25.52:414][  0]LogD3D11RHI:     Adapter Name: NVIDIA GeForce GTX 1080
[2018.10.05-03.25.52:414][  0]LogD3D11RHI:   Driver Version: 398.82 (internal:24.21.13.9882, unified:398.82)
[2018.10.05-03.25.52:414][  0]LogD3D11RHI:      Driver Date: 7-30-2018
[2018.10.05-03.25.52:414][  0]LogRHI: Texture pool is 5655 MB (70% of 8079 MB)
[2018.10.05-03.25.52:454][  0]LogD3D11RHI: Async texture creation enabled
[2018.10.05-03.25.52:486][  0]LogD3D11RHI: GPU Timing Frequency: 1000.000000 (Debug: 2 2)
[2018.10.05-03.25.52:573][  0]LogShaderCompilers: Guid format shader working directory is -40 characters bigger than the processId version (C:/Users/Hesi/Documents/GitHub/Shmup_Unreal_Hesi/Rhythm_Midterm_Unreal/UnrealMidterm/Intermediate/Shaders/WorkingDirectory/19352/).
[2018.10.05-03.25.52:573][  0]LogShaderCompilers: Cleaned the shader compiler working directory 'C:/Users/Hesi/AppData/Local/Temp/UnrealShaderWorkingDir/65253B9244E78CBBC31719863E039282/'.
[2018.10.05-03.25.53:191][  0]LogTemp: Display: Loaded TP AllDesktopTargetPlatform
[2018.10.05-03.25.53:210][  0]LogTemp: Display: Loaded TP MacClientTargetPlatform
[2018.10.05-03.25.53:225][  0]LogTemp: Display: Loaded TP MacNoEditorTargetPlatform
[2018.10.05-03.25.53:242][  0]LogTemp: Display: Loaded TP MacServerTargetPlatform
[2018.10.05-03.25.53:297][  0]LogTemp: Display: Loaded TP MacTargetPlatform
[2018.10.05-03.25.53:317][  0]LogTemp: Display: Loaded TP WindowsClientTargetPlatform
[2018.10.05-03.25.53:343][  0]LogTemp: Display: Loaded TP WindowsNoEditorTargetPlatform
[2018.10.05-03.25.53:366][  0]LogTemp: Display: Loaded TP WindowsServerTargetPlatform
[2018.10.05-03.25.53:384][  0]LogTemp: Display: Loaded TP WindowsTargetPlatform
[2018.10.05-03.25.53:496][  0]LogTemp: Display: Loaded TP AndroidTargetPlatform
[2018.10.05-03.25.53:496][  0]LogTemp: Display: Loaded TP AndroidTargetPlatform
[2018.10.05-03.25.53:496][  0]LogTemp: Display: Loaded TP AndroidTargetPlatform
[2018.10.05-03.25.53:496][  0]LogTemp: Display: Loaded TP AndroidTargetPlatform
[2018.10.05-03.25.53:496][  0]LogTemp: Display: Loaded TP AndroidTargetPlatform
[2018.10.05-03.25.53:496][  0]LogTemp: Display: Loaded TP AndroidTargetPlatform
[2018.10.05-03.25.53:496][  0]LogTemp: Display: Loaded TP AndroidTargetPlatform
[2018.10.05-03.25.53:496][  0]LogTemp: Display: Loaded TP AndroidTargetPlatform
[2018.10.05-03.25.53:496][  0]LogTemp: Display: Loaded TP AndroidTargetPlatform
[2018.10.05-03.25.53:496][  0]LogTemp: Display: Loaded TP AndroidTargetPlatform
[2018.10.05-03.25.53:496][  0]LogTemp: Display: Loaded TP AndroidTargetPlatform
[2018.10.05-03.25.53:496][  0]LogTemp: Display: Loaded TP AndroidTargetPlatform
[2018.10.05-03.25.53:496][  0]LogTemp: Display: Loaded TP AndroidTargetPlatform
[2018.10.05-03.25.53:496][  0]LogTemp: Display: Loaded TP AndroidTargetPlatform
[2018.10.05-03.25.53:496][  0]LogTemp: Display: Loaded TP AndroidTargetPlatform
[2018.10.05-03.25.53:496][  0]LogTemp: Display: Loaded TP AndroidTargetPlatform
[2018.10.05-03.25.53:496][  0]LogTemp: Display: Loaded TP AndroidTargetPlatform
[2018.10.05-03.25.53:496][  0]LogTemp: Display: Loaded TP AndroidTargetPlatform
[2018.10.05-03.25.53:504][  0]LogTemp: Display: Loaded TP HTML5TargetPlatform
[2018.10.05-03.25.53:632][  0]LogTemp: Display: Loaded TP IOSTargetPlatform
[2018.10.05-03.25.53:632][  0]LogTemp: Display: Loaded TP IOSTargetPlatform
[2018.10.05-03.25.53:663][  0]LogTemp: Display: Loaded TP TVOSTargetPlatform
[2018.10.05-03.25.53:663][  0]LogTemp: Display: Loaded TP TVOSTargetPlatform
[2018.10.05-03.25.53:684][  0]LogTemp: Display: Loaded TP LinuxClientTargetPlatform
[2018.10.05-03.25.53:702][  0]LogTemp: Display: Loaded TP LinuxNoEditorTargetPlatform
[2018.10.05-03.25.53:723][  0]LogTemp: Display: Loaded TP LinuxServerTargetPlatform
[2018.10.05-03.25.53:778][  0]LogTemp: Display: Loaded TP LinuxTargetPlatform
[2018.10.05-03.25.53:805][  0]LogTemp: Display: Loaded TP LuminTargetPlatform
[2018.10.05-03.25.53:805][  0]LogTargetPlatformManager: Display: Building Assets For Windows
[2018.10.05-03.25.54:611][  0]LogXGEController: Cleaning working directory: C:/Users/Hesi/AppData/Local/Temp/UnrealXGEWorkingDir/
[2018.10.05-03.25.54:612][  0]LogXGEController: Cannot use XGE Controller as Incredibuild is not installed on this machine.
[2018.10.05-03.25.54:612][  0]LogShaderCompilers: Cannot use XGE Shader Compiler as Incredibuild is not installed on this machine.
[2018.10.05-03.25.54:612][  0]LogShaderCompilers: Display: Using Local Shader Compiler.
[2018.10.05-03.25.57:952][  0]LogDerivedDataCache: Display: Max Cache Size: 512 MB
[2018.10.05-03.25.58:235][  0]LogDerivedDataCache: Loaded boot cache 0.27s 71MB C:/Users/Hesi/AppData/Local/UnrealEngine/4.20/DerivedDataCache/Boot.ddc.
[2018.10.05-03.25.58:235][  0]LogDerivedDataCache: Display: Loaded Boot cache: C:/Users/Hesi/AppData/Local/UnrealEngine/4.20/DerivedDataCache/Boot.ddc
[2018.10.05-03.25.58:235][  0]LogDerivedDataCache: FDerivedDataBackendGraph:  Pak pak cache file C:/Users/Hesi/Documents/GitHub/Shmup_Unreal_Hesi/Rhythm_Midterm_Unreal/UnrealMidterm/DerivedDataCache/DDC.ddp not found, will not use a pak cache.
[2018.10.05-03.25.58:235][  0]LogDerivedDataCache: Unable to find inner node Pak for hierarchical cache Hierarchy.
[2018.10.05-03.25.58:235][  0]LogDerivedDataCache: FDerivedDataBackendGraph:  CompressedPak pak cache file C:/Users/Hesi/Documents/GitHub/Shmup_Unreal_Hesi/Rhythm_Midterm_Unreal/UnrealMidterm/DerivedDataCache/Compressed.ddp not found, will not use a pak cache.
[2018.10.05-03.25.58:235][  0]LogDerivedDataCache: Unable to find inner node CompressedPak for hierarchical cache Hierarchy.
[2018.10.05-03.25.58:282][  0]LogDerivedDataCache: Display: Pak cache opened for reading ../../../Engine/DerivedDataCache/Compressed.ddp.
[2018.10.05-03.25.58:295][  0]LogDerivedDataCache: Using Local data cache path C:/Users/Hesi/AppData/Local/UnrealEngine/Common/DerivedDataCache: Writable
[2018.10.05-03.25.58:295][  0]LogDerivedDataCache: Shared data cache path not found in *engine.ini, will not use an Shared cache.
[2018.10.05-03.25.58:295][  0]LogDerivedDataCache: Unable to find inner node Shared for hierarchical cache Hierarchy.
[2018.10.05-03.25.58:310][  0]LogMaterial: Verifying Global Shaders for PCD3D_SM5
[2018.10.05-03.25.58:311][  0]LogSlate: Using FreeType 2.6.0
[2018.10.05-03.25.58:352][  0]LogSlate: SlateFontServices - WITH_FREETYPE: 1, WITH_HARFBUZZ: 1
[2018.10.05-03.25.58:734][  0]LogAssetRegistry: FAssetRegistry took 0.0257 seconds to start up
[2018.10.05-03.25.59:326][  0]LogInit: Selected Device Profile: [Windows]
[2018.10.05-03.26.01:354][  0]LogSimplygon: Simplygon DLL not present - disabling.
[2018.10.05-03.26.01:721][  0]LogMeshReduction: Using SimplygonSwarm for distributed automatic mesh merging
[2018.10.05-03.26.01:721][  0]LogMeshReduction: Using ProxyLODMeshReduction for automatic mesh merging
[2018.10.05-03.26.01:721][  0]LogMeshReduction: Using QuadricMeshReduction for automatic static mesh reduction
[2018.10.05-03.26.01:721][  0]LogMeshReduction: No automatic skeletal mesh reduction module available
[2018.10.05-03.26.01:742][  0]LogNetVersion: UnrealMidterm 1.0.0, NetCL: 4212847, EngineNetVer: 5, GameNetVer: 0 (Checksum: 243509614)
[2018.10.05-03.26.06:789][  0]LogPackageLocalizationCache: Processed 11 localized package path(s) for 2 prioritized culture(s) in 0.106648 seconds
[2018.10.05-03.26.06:804][  0]LogUObjectArray: 38425 objects as part of root set at end of initial load.
[2018.10.05-03.26.06:804][  0]LogUObjectAllocator: 6690864 out of 0 bytes used by permanent object pool.
[2018.10.05-03.26.06:804][  0]LogUObjectArray: CloseDisregardForGC: 0/0 objects in disregard for GC pool
[2018.10.05-03.26.26:978][  0]LogTcpMessaging: Initializing TcpMessaging bridge
[2018.10.05-03.26.27:084][  0]LogUdpMessaging: Initializing bridge on interface 0.0.0.0:0 to multicast group 230.0.0.1:6666.
[2018.10.05-03.26.29:575][  0]SourceControl: Source control is disabled
[2018.10.05-03.26.29:575][  0]SourceControl: Source control is disabled
[2018.10.05-03.26.29:756][  0]SourceControl: Source control is disabled
[2018.10.05-03.26.29:834][  0]SourceControl: Source control is disabled
[2018.10.05-03.26.33:508][  0]LogAndroidPermission: UAndroidPermissionCallbackProxy::GetInstance
[2018.10.05-03.26.34:202][  0]LogOcInput: OculusInput pre-init called
[2018.10.05-03.26.35:183][  0]LogEngine: Initializing Engine...
[2018.10.05-03.26.35:235][  0]LogHMD: Failed to initialize OpenVR with code 110
[2018.10.05-03.26.35:236][  0]LogStats: UGameplayTagsManager::ConstructGameplayTagTree: ImportINI prefixes -  0.000 s
[2018.10.05-03.26.35:236][  0]LogStats: UGameplayTagsManager::ConstructGameplayTagTree: Construct from data asset -  0.000 s
[2018.10.05-03.26.35:236][  0]LogStats: UGameplayTagsManager::ConstructGameplayTagTree: ImportINI -  0.000 s
[2018.10.05-03.26.35:236][  0]LogStats: UGameplayTagsManager::ConstructGameplayTagTree: GameplayTagTreeChangedEvent.Broadcast -  0.000 s
[2018.10.05-03.26.35:636][  0]LogInit: Initializing FReadOnlyCVARCache
[2018.10.05-03.26.36:263][  0]LogAIModule: Creating AISystem for world Untitled
[2018.10.05-03.26.36:313][  0]LogInit: XAudio2 using 'Focusrite USB (Focusrite USB Audio)' : 2 channels at 48 kHz using 16 bits per sample (channel mask 0x3)
[2018.10.05-03.26.36:322][  0]LogInit: FAudioDevice initialized.
[2018.10.05-03.26.36:322][  0]LogNetVersion: Set ProjectVersion to 1.0.0.0. Version Checksum will be recalculated on next use.
[2018.10.05-03.26.36:399][  0]LogDerivedDataCache: Saved boot cache 0.08s 71MB C:/Users/Hesi/AppData/Local/UnrealEngine/4.20/DerivedDataCache/Boot.ddc.
[2018.10.05-03.26.36:410][  0]LogInit: Texture streaming: Enabled
[2018.10.05-03.26.36:698][  0]LogEngineSessionManager: EngineSessionManager initialized
[2018.10.05-03.26.36:935][  0]LogInit: Transaction tracking system initialized
[2018.10.05-03.26.38:047][  0]BlueprintLog: New page: Editor Load
[2018.10.05-03.26.40:445][  0]LocalizationService: Localization service is disabled
[2018.10.05-03.26.45:301][  0]LogCook: Display: Max memory allowance for cook 16384mb min free memory 0mb
[2018.10.05-03.26.45:301][  0]LogCook: Display: Mobile HDR setting 1
[2018.10.05-03.26.45:301][  0]LogGameplayTags: Display: UGameplayTagsManager::DoneAddingNativeTags. DelegateIsBound: 0
[2018.10.05-03.26.45:301][  0]LogStats: UGameplayTagsManager::ConstructGameplayTagTree: ImportINI prefixes -  0.000 s
[2018.10.05-03.26.45:301][  0]LogStats: UGameplayTagsManager::ConstructGameplayTagTree: Construct from data asset -  0.000 s
[2018.10.05-03.26.45:301][  0]LogStats: UGameplayTagsManager::ConstructGameplayTagTree: ImportINI -  0.000 s
[2018.10.05-03.26.45:301][  0]LogStats: UGameplayTagsManager::ConstructGameplayTagTree: GameplayTagTreeChangedEvent.Broadcast -  0.000 s
[2018.10.05-03.26.46:066][  0]LogFileCache: Scanning file cache for directory 'C:/Users/Hesi/Documents/GitHub/Shmup_Unreal_Hesi/Rhythm_Midterm_Unreal/UnrealMidterm/Content/' took 0.02s
[2018.10.05-03.26.48:180][  0]LogLinker: Warning: Can't find file '/Engine/BasicShapes/Cube'
[2018.10.05-03.26.48:180][  0]LogLinker: Warning: Can't find file '/Engine/BasicShapes/Cube'
[2018.10.05-03.26.48:181][  0]LogUObjectGlobals: Warning: Failed to find object 'StaticMesh /Engine/BasicShapes/Cube.Cube'
[2018.10.05-03.26.51:708][  0]SourceControl: Source control is disabled
[2018.10.05-03.26.51:727][  0]Cmd: MAP LOAD FILE="C:/Users/Hesi/Documents/GitHub/Shmup_Unreal_Hesi/Rhythm_Midterm_Unreal/UnrealMidterm/Content/VehicleBP/Maps/VehicleExampleMap.umap" TEMPLATE=0 SHOWPROGRESS=1 FEATURELEVEL=3
[2018.10.05-03.26.51:731][  0]LightingResults: New page: Lighting Build
[2018.10.05-03.26.51:876][  0]MapCheck: New page: Map Check
[2018.10.05-03.26.51:876][  0]LightingResults: New page: Lighting Build
[2018.10.05-03.26.55:518][  0]LogAIModule: Creating AISystem for world VehicleExampleMap
[2018.10.05-03.26.55:523][  0]LogEditorServer: Finished looking for orphan Actors (0.000 secs)
[2018.10.05-03.26.55:546][  0]Cmd: MAP CHECKDEP NOCLEARLOG
[2018.10.05-03.26.55:615][  0]MapCheck: Map check complete: 0 Error(s), 0 Warning(s), took 69.142ms to complete.
[2018.10.05-03.26.55:615][  0]LogFileHelpers: Loading map 'VehicleExampleMap' took 3.888
[2018.10.05-03.26.55:964][  0]LogSlate: Updating window title bar state: overlay mode, drag disabled, window buttons hidden, title bar hidden
[2018.10.05-03.26.55:970][  0]LogSlate: Updating window title bar state: overlay mode, drag disabled, window buttons hidden, title bar hidden
[2018.10.05-03.26.55:977][  0]LogSlate: Updating window title bar state: overlay mode, drag disabled, window buttons hidden, title bar hidden
[2018.10.05-03.26.55:982][  0]LogSlate: Updating window title bar state: overlay mode, drag disabled, window buttons hidden, title bar hidden
[2018.10.05-03.26.56:053][  0]LogCollectionManager: Loaded 0 collections in 0.000851 seconds
[2018.10.05-03.26.56:277][  0]LogFileCache: Scanning file cache for directory 'C:/Users/Hesi/Documents/GitHub/Shmup_Unreal_Hesi/Rhythm_Midterm_Unreal/UnrealMidterm/Saved/Collections/' took 0.01s
[2018.10.05-03.26.56:277][  0]LogFileCache: Scanning file cache for directory 'C:/Users/Hesi/Documents/GitHub/Shmup_Unreal_Hesi/Rhythm_Midterm_Unreal/UnrealMidterm/Content/Developers/Hesi/Collections/' took 0.01s
[2018.10.05-03.26.56:277][  0]LogFileCache: Scanning file cache for directory 'C:/Users/Hesi/Documents/GitHub/Shmup_Unreal_Hesi/Rhythm_Midterm_Unreal/UnrealMidterm/Content/Collections/' took 0.01s
[2018.10.05-03.26.56:277][  0]LogCollectionManager: Rebuilt the GUID cache for 0 collections in 0.000001 seconds
[2018.10.05-03.26.56:286][  0]LogContentBrowser: Native class hierarchy populated in 0.0085 seconds. Added 2574 classes and 606 folders.
[2018.10.05-03.26.56:504][  0]LogContentBrowser: Native class hierarchy updated for 'WidgetCarousel' in 0.0008 seconds. Added 0 classes and 0 folders.
[2018.10.05-03.27.01:457][  0]LogContentBrowser: Native class hierarchy updated for 'AddContentDialog' in 0.0002 seconds. Added 0 classes and 0 folders.
[2018.10.05-03.27.01:581][  0]LogContentBrowser: Native class hierarchy updated for 'SceneOutliner' in 0.0003 seconds. Added 1 classes and 2 folders.
[2018.10.05-03.27.01:820][  0]LogSlate: Took 0.106375 seconds to synchronously load lazily loaded font '../../../Engine/Content/Slate/Fonts/Roboto-Regular.ttf' (155K)
[2018.10.05-03.27.01:947][  0]LogSlate: Took 0.125475 seconds to synchronously load lazily loaded font '../../../Engine/Content/Slate/Fonts/Roboto-Bold.ttf' (160K)
[2018.10.05-03.27.01:993][  0]LogSlate: Took 0.041254 seconds to synchronously load lazily loaded font '../../../Engine/Content/Editor/Slate/Fonts/FontAwesome.ttf' (139K)
[2018.10.05-03.27.02:191][  0]LogRenderer: Reallocating scene render targets to support 1616x812 Format 10 NumSamples 1 (Frame:1).
[2018.10.05-03.27.02:451][  0]LogContentBrowser: Native class hierarchy updated for 'HierarchicalLODOutliner' in 0.0008 seconds. Added 0 classes and 0 folders.
[2018.10.05-03.27.02:451][  0]LogLoad: (Engine Initialization) Total time: 115.53 seconds
[2018.10.05-03.27.02:451][  0]LogLoad: (Engine Initialization) Total Blueprint compile time: 0.00 seconds
[2018.10.05-03.27.02:469][  0]LogRawInputWindows: Warning: Found device 0 devices
[2018.10.05-03.27.02:470][  0]LogRawInputWindows: Warning: Found device 0 devices
[2018.10.05-03.27.02:470][  0]LogRawInputWindows: Warning: Device was registered succesfully but not connected (Usage:4 UsagePage:1)
[2018.10.05-03.27.02:470][  0]LogRawInputWindows: Warning: Found device 1 devices
[2018.10.05-03.27.02:470][  0]LogRawInputWindows: Warning: Device was registered succesfully but not connected (Usage:5 UsagePage:1)
[2018.10.05-03.27.02:515][  0]LogContentStreaming: Texture pool size now 1000 MB
[2018.10.05-03.27.02:604][  1]LogFileCache: Retrieving MD5 hashes for directory 'C:/Users/Hesi/Documents/GitHub/Shmup_Unreal_Hesi/Rhythm_Midterm_Unreal/UnrealMidterm/Content/' took 0.12s
[2018.10.05-03.27.02:633][  1]LogCollectionManager: Rebuilt the object cache for 0 collections in 0.000000 seconds (found 0 objects)
[2018.10.05-03.27.03:538][ 59]LogSlate: Took 0.028602 seconds to synchronously load lazily loaded font '../../../Engine/Content/Slate/Fonts/Roboto-Light.ttf' (167K)
[2018.10.05-03.27.12:454][954]LogSlate: FSceneViewport::OnFocusLost() reason 0
[2018.10.05-03.27.14:513][185]LogAssetRegistry: Asset discovery search completed in 75.8018 seconds
[2018.10.05-03.27.14:515][185]LogCollectionManager: Fixed up redirectors for 0 collections in 0.000005 seconds (updated 0 objects)
[2018.10.05-03.27.24:348][258]LogTemp: Repeating last play command: Selected Viewport
[2018.10.05-03.27.24:366][258]LogBlueprintUserMessages: Early PlayInEditor Detection: Level '/Game/VehicleBP/Maps/VehicleExampleMap.VehicleExampleMap:PersistentLevel' has LevelScriptBlueprint '/Game/VehicleBP/Maps/VehicleExampleMap.VehicleExampleMap:PersistentLevel.VehicleExampleMap' with GeneratedClass '/Game/VehicleBP/Maps/VehicleExampleMap.VehicleExampleMap_C' with ClassGeneratedBy '/Game/VehicleBP/Maps/VehicleExampleMap.VehicleExampleMap:PersistentLevel.VehicleExampleMap'
[2018.10.05-03.27.24:366][258]LogPlayLevel: PlayLevel: No blueprints needed recompiling
[2018.10.05-03.27.24:379][258]PIE: New page: PIE session: VehicleExampleMap (Oct 4, 2018, 1:27:24 PM)
[2018.10.05-03.27.24:379][258]LogPlayLevel: Creating play world package: /Game/VehicleBP/Maps/UEDPIE_0_VehicleExampleMap
[2018.10.05-03.27.24:395][258]LogPlayLevel: PIE: StaticDuplicateObject took: (0.015848s)
[2018.10.05-03.27.24:395][258]LogAIModule: Creating AISystem for world VehicleExampleMap
[2018.10.05-03.27.24:396][258]LogPlayLevel: PIE: World Init took: (0.000912s)
[2018.10.05-03.27.24:396][258]LogPlayLevel: PIE: Created PIE world by copying editor world from /Game/VehicleBP/Maps/VehicleExampleMap.VehicleExampleMap to /Game/VehicleBP/Maps/UEDPIE_0_VehicleExampleMap.VehicleExampleMap (0.016977s)
[2018.10.05-03.27.24:442][258]LogInit: XAudio2 using 'Focusrite USB (Focusrite USB Audio)' : 2 channels at 48 kHz using 16 bits per sample (channel mask 0x3)
[2018.10.05-03.27.24:447][258]LogInit: FAudioDevice initialized.
[2018.10.05-03.27.24:486][258]LogLoad: Game class is 'GameMode_Rhythm_Game_C'
[2018.10.05-03.27.24:490][258]LogWorld: Bringing World /Game/VehicleBP/Maps/UEDPIE_0_VehicleExampleMap.VehicleExampleMap up for play (max tick rate 0) at 2018.10.04-20.27.24
[2018.10.05-03.27.24:491][258]LogWorld: Bringing up level for play took: 0.000616
[2018.10.05-03.27.24:539][258]LogContentBrowser: Native class hierarchy updated for 'MovieSceneCapture' in 0.0002 seconds. Added 10 classes and 0 folders.
[2018.10.05-03.27.24:643][258]PIE: Play in editor start time for /Game/VehicleBP/Maps/UEDPIE_0_VehicleExampleMap -0.505
[2018.10.05-03.27.24:643][258]LogBlueprintUserMessages: Late PlayInEditor Detection: Level '/Game/VehicleBP/Maps/VehicleExampleMap.VehicleExampleMap:PersistentLevel' has LevelScriptBlueprint '/Game/VehicleBP/Maps/VehicleExampleMap.VehicleExampleMap:PersistentLevel.VehicleExampleMap' with GeneratedClass '/Game/VehicleBP/Maps/VehicleExampleMap.VehicleExampleMap_C' with ClassGeneratedBy '/Game/VehicleBP/Maps/VehicleExampleMap.VehicleExampleMap:PersistentLevel.VehicleExampleMap'
[2018.10.05-03.27.26:378][446]LogBlueprintUserMessages: [BP_MainPlayer_3] Space_Pressed
[2018.10.05-03.27.26:936][513]LogBlueprintUserMessages: [BP_MainPlayer_3] Space_Pressed
[2018.10.05-03.27.27:995][640]LogBlueprintUserMessages: [BP_MainPlayer_3] Space_Pressed
[2018.10.05-03.27.28:204][665]LogBlueprintUserMessages: [BP_MainPlayer_3] Space_Pressed
[2018.10.05-03.27.28:386][687]LogBlueprintUserMessages: [BP_MainPlayer_3] Space_Pressed
[2018.10.05-03.27.28:570][709]LogBlueprintUserMessages: [BP_MainPlayer_3] Space_Pressed
[2018.10.05-03.27.28:738][729]LogBlueprintUserMessages: [BP_MainPlayer_3] Space_Pressed
[2018.10.05-03.27.30:015][881]LogBlueprintUserMessages: Early EndPlayMap Detection: Level '/Game/VehicleBP/Maps/VehicleExampleMap.VehicleExampleMap:PersistentLevel' has LevelScriptBlueprint '/Game/VehicleBP/Maps/VehicleExampleMap.VehicleExampleMap:PersistentLevel.VehicleExampleMap' with GeneratedClass '/Game/VehicleBP/Maps/VehicleExampleMap.VehicleExampleMap_C' with ClassGeneratedBy '/Game/VehicleBP/Maps/VehicleExampleMap.VehicleExampleMap:PersistentLevel.VehicleExampleMap'
[2018.10.05-03.27.30:017][881]LogSlate: Updating window title bar state: overlay mode, drag disabled, window buttons hidden, title bar hidden
[2018.10.05-03.27.30:047][881]LogPlayLevel: Display: Shutting down PIE online subsystems
[2018.10.05-03.27.30:047][881]LogBlueprintUserMessages: Late EndPlayMap Detection: Level '/Game/VehicleBP/Maps/VehicleExampleMap.VehicleExampleMap:PersistentLevel' has LevelScriptBlueprint '/Game/VehicleBP/Maps/VehicleExampleMap.VehicleExampleMap:PersistentLevel.VehicleExampleMap' with GeneratedClass '/Game/VehicleBP/Maps/VehicleExampleMap.VehicleExampleMap_C' with ClassGeneratedBy '/Game/VehicleBP/Maps/VehicleExampleMap.VehicleExampleMap:PersistentLevel.VehicleExampleMap'
[2018.10.05-03.27.30:068][881]LogSlate: Updating window title bar state: overlay mode, drag disabled, window buttons hidden, title bar hidden
[2018.10.05-03.27.30:115][885]LogPlayLevel: Display: Destroying online subsystem :Context_4
[2018.10.05-03.27.48:788][588]LogSlate: FSceneViewport::OnFocusLost() reason 0
[2018.10.05-03.28.23:732][548]LogAssetEditorManager: Opening Asset editor for SoundWave /Game/Sound/Player_Long_Honk.Player_Long_Honk
[2018.10.05-03.28.28:586][110]Cmd: OBJ SAVEPACKAGE PACKAGE="/Game/Sound/Player_Long_Honk" FILE="C:/Users/Hesi/Documents/GitHub/Shmup_Unreal_Hesi/Rhythm_Midterm_Unreal/UnrealMidterm/Content/Sound/Player_Long_Honk.uasset" SILENT=true
[2018.10.05-03.28.28:659][110]LogSavePackage: Moving 'C:/Users/Hesi/Documents/GitHub/Shmup_Unreal_Hesi/Rhythm_Midterm_Unreal/UnrealMidterm/Saved/Player_Long_Honk65A42C1F411D209FBB154AA1A5AF5CED.tmp' to 'C:/Users/Hesi/Documents/GitHub/Shmup_Unreal_Hesi/Rhythm_Midterm_Unreal/UnrealMidterm/Content/Sound/Player_Long_Honk.uasset'
[2018.10.05-03.28.31:269][415]LogAssetEditorManager: Opening Asset editor for SoundMix /Game/Sound/Mute.Mute
[2018.10.05-03.28.56:225][347]Cmd: TRANSACTION UNDO
[2018.10.05-03.28.56:225][347]LogEditorTransaction: Undo Edit Fade in Time
[2018.10.05-03.29.08:163][775]Cmd: OBJ SAVEPACKAGE PACKAGE="/Game/Sound/Mute" FILE="C:/Users/Hesi/Documents/GitHub/Shmup_Unreal_Hesi/Rhythm_Midterm_Unreal/UnrealMidterm/Content/Sound/Mute.uasset" SILENT=true
[2018.10.05-03.29.08:173][775]LogSavePackage: Moving 'C:/Users/Hesi/Documents/GitHub/Shmup_Unreal_Hesi/Rhythm_Midterm_Unreal/UnrealMidterm/Saved/Mute3A2C28C54E54657FF9AC3A885B875B67.tmp' to 'C:/Users/Hesi/Documents/GitHub/Shmup_Unreal_Hesi/Rhythm_Midterm_Unreal/UnrealMidterm/Content/Sound/Mute.uasset'
[2018.10.05-03.29.10:584][ 61]LogAssetEditorManager: Opening Asset editor for SoundMix /Game/Sound/Honk.Honk
[2018.10.05-03.29.37:968][334]Cmd: OBJ SAVEPACKAGE PACKAGE="/Game/Sound/Honk" FILE="C:/Users/Hesi/Documents/GitHub/Shmup_Unreal_Hesi/Rhythm_Midterm_Unreal/UnrealMidterm/Content/Sound/Honk.uasset" SILENT=true
[2018.10.05-03.29.37:974][334]LogSavePackage: Moving 'C:/Users/Hesi/Documents/GitHub/Shmup_Unreal_Hesi/Rhythm_Midterm_Unreal/UnrealMidterm/Saved/Honk54AD2BC14D5C837276739CB33AF69154.tmp' to 'C:/Users/Hesi/Documents/GitHub/Shmup_Unreal_Hesi/Rhythm_Midterm_Unreal/UnrealMidterm/Content/Sound/Honk.uasset'
[2018.10.05-03.29.38:620][409]Cmd: OBJ SAVEPACKAGE PACKAGE="/Game/Sound/Honk" FILE="C:/Users/Hesi/Documents/GitHub/Shmup_Unreal_Hesi/Rhythm_Midterm_Unreal/UnrealMidterm/Content/Sound/Honk.uasset" SILENT=true
[2018.10.05-03.29.38:634][409]LogSavePackage: Moving 'C:/Users/Hesi/Documents/GitHub/Shmup_Unreal_Hesi/Rhythm_Midterm_Unreal/UnrealMidterm/Saved/Honk2628B5C44E7B09DF5D03D4B03981378C.tmp' to 'C:/Users/Hesi/Documents/GitHub/Shmup_Unreal_Hesi/Rhythm_Midterm_Unreal/UnrealMidterm/Content/Sound/Honk.uasset'
[2018.10.05-03.30.00:134][953]LogAssetEditorManager: Opening Asset editor for Blueprint /Game/MidtermBP/BP_MainPlayer.BP_MainPlayer
[2018.10.05-03.30.00:989][953]LogContentBrowser: Native class hierarchy updated for 'BlueprintGraph' in 0.0008 seconds. Added 116 classes and 0 folders.
[2018.10.05-03.30.01:887][953]LogSlate: Took 0.011019 seconds to synchronously load lazily loaded font '../../../Engine/Content/Slate/Fonts/Roboto-BoldCondensed.ttf' (158K)
[2018.10.05-03.30.02:035][954]LogSlate: Took 0.004713 seconds to synchronously load lazily loaded font '../../../Engine/Content/Slate/Fonts/Roboto-Italic.ttf' (157K)
[2018.10.05-03.30.40:000][452]BlueprintLog: New page: Compile BP_MainPlayer
[2018.10.05-03.31.34:075][803]BlueprintLog: New page: Compile BP_MainPlayer
[2018.10.05-03.31.34:726][860]LogTemp: Repeating last play command: Selected Viewport
[2018.10.05-03.31.34:746][860]LogBlueprintUserMessages: Early PlayInEditor Detection: Level '/Game/VehicleBP/Maps/VehicleExampleMap.VehicleExampleMap:PersistentLevel' has LevelScriptBlueprint '/Game/VehicleBP/Maps/VehicleExampleMap.VehicleExampleMap:PersistentLevel.VehicleExampleMap' with GeneratedClass '/Game/VehicleBP/Maps/VehicleExampleMap.VehicleExampleMap_C' with ClassGeneratedBy '/Game/VehicleBP/Maps/VehicleExampleMap.VehicleExampleMap:PersistentLevel.VehicleExampleMap'
[2018.10.05-03.31.34:746][860]LogPlayLevel: PlayLevel: No blueprints needed recompiling
[2018.10.05-03.31.34:747][860]PIE: New page: PIE session: VehicleExampleMap (Oct 4, 2018, 1:31:34 PM)
[2018.10.05-03.31.34:747][860]LogPlayLevel: Creating play world package: /Game/VehicleBP/Maps/UEDPIE_0_VehicleExampleMap
[2018.10.05-03.31.34:757][860]LogPlayLevel: PIE: StaticDuplicateObject took: (0.009727s)
[2018.10.05-03.31.34:758][860]LogAIModule: Creating AISystem for world VehicleExampleMap
[2018.10.05-03.31.34:758][860]LogPlayLevel: PIE: World Init took: (0.001031s)
[2018.10.05-03.31.34:758][860]LogPlayLevel: PIE: Created PIE world by copying editor world from /Game/VehicleBP/Maps/VehicleExampleMap.VehicleExampleMap to /Game/VehicleBP/Maps/UEDPIE_0_VehicleExampleMap.VehicleExampleMap (0.010973s)
[2018.10.05-03.31.34:860][860]LogInit: XAudio2 using 'Focusrite USB (Focusrite USB Audio)' : 2 channels at 48 kHz using 16 bits per sample (channel mask 0x3)
[2018.10.05-03.31.34:865][860]LogInit: FAudioDevice initialized.
[2018.10.05-03.31.34:880][860]LogSlate: Updating window title bar state: overlay mode, drag disabled, window buttons hidden, title bar hidden
[2018.10.05-03.31.34:956][860]LogLoad: Game class is 'GameMode_Rhythm_Game_C'
[2018.10.05-03.31.34:960][860]LogWorld: Bringing World /Game/VehicleBP/Maps/UEDPIE_0_VehicleExampleMap.VehicleExampleMap up for play (max tick rate 0) at 2018.10.04-20.31.34
[2018.10.05-03.31.34:960][860]LogWorld: Bringing up level for play took: 0.000695
[2018.10.05-03.31.34:972][860]LogGameMode: FindPlayerStart: PATHS NOT DEFINED or NO PLAYERSTART with positive rating
[2018.10.05-03.31.34:973][860]LogBlueprintUserMessages: [BP_MainPlayer_3] Mute
[2018.10.05-03.31.34:974][860]PIE: Play in editor start time for /Game/VehicleBP/Maps/UEDPIE_0_VehicleExampleMap -0.174
[2018.10.05-03.31.34:974][860]LogBlueprintUserMessages: Late PlayInEditor Detection: Level '/Game/VehicleBP/Maps/VehicleExampleMap.VehicleExampleMap:PersistentLevel' has LevelScriptBlueprint '/Game/VehicleBP/Maps/VehicleExampleMap.VehicleExampleMap:PersistentLevel.VehicleExampleMap' with GeneratedClass '/Game/VehicleBP/Maps/VehicleExampleMap.VehicleExampleMap_C' with ClassGeneratedBy '/Game/VehicleBP/Maps/VehicleExampleMap.VehicleExampleMap:PersistentLevel.VehicleExampleMap'
[2018.10.05-03.31.36:031][974]LogBlueprintUserMessages: [BP_MainPlayer_3] honk
[2018.10.05-03.31.36:728][ 57]LogBlueprintUserMessages: [BP_MainPlayer_3] Mute
[2018.10.05-03.31.37:086][100]LogBlueprintUserMessages: [BP_MainPlayer_3] honk
[2018.10.05-03.31.37:429][141]LogBlueprintUserMessages: [BP_MainPlayer_3] Mute
[2018.10.05-03.31.37:714][175]LogBlueprintUserMessages: [BP_MainPlayer_3] honk
[2018.10.05-03.31.38:515][271]LogBlueprintUserMessages: [BP_MainPlayer_3] Mute
[2018.10.05-03.31.38:966][325]LogBlueprintUserMessages: [BP_MainPlayer_3] honk
[2018.10.05-03.31.39:736][417]LogBlueprintUserMessages: [BP_MainPlayer_3] Mute
[2018.10.05-03.31.40:045][454]LogBlueprintUserMessages: [BP_MainPlayer_3] honk
[2018.10.05-03.31.40:329][488]LogBlueprintUserMessages: [BP_MainPlayer_3] Mute
[2018.10.05-03.31.40:587][519]LogBlueprintUserMessages: [BP_MainPlayer_3] honk
[2018.10.05-03.31.40:805][545]LogBlueprintUserMessages: [BP_MainPlayer_3] Mute
[2018.10.05-03.31.40:971][565]LogBlueprintUserMessages: [BP_MainPlayer_3] honk
[2018.10.05-03.31.41:390][615]LogBlueprintUserMessages: [BP_MainPlayer_3] Mute
[2018.10.05-03.31.41:567][636]LogBlueprintUserMessages: [BP_MainPlayer_3] honk
[2018.10.05-03.31.41:783][662]LogBlueprintUserMessages: [BP_MainPlayer_3] Mute
[2018.10.05-03.31.41:957][683]LogBlueprintUserMessages: [BP_MainPlayer_3] honk
[2018.10.05-03.31.42:116][702]LogBlueprintUserMessages: [BP_MainPlayer_3] Mute
[2018.10.05-03.31.42:245][717]LogBlueprintUserMessages: [BP_MainPlayer_3] honk
[2018.10.05-03.31.42:746][777]LogBlueprintUserMessages: [BP_MainPlayer_3] Mute
[2018.10.05-03.31.43:923][918]LogBlueprintUserMessages: [BP_MainPlayer_3] honk
[2018.10.05-03.31.44:591][998]LogBlueprintUserMessages: [BP_MainPlayer_3] Mute
[2018.10.05-03.31.44:991][ 46]LogBlueprintUserMessages: [BP_MainPlayer_3] honk
[2018.10.05-03.31.45:185][ 69]LogBlueprintUserMessages: [BP_MainPlayer_3] Mute
[2018.10.05-03.31.45:436][ 99]LogBlueprintUserMessages: [BP_MainPlayer_3] honk
[2018.10.05-03.31.45:578][116]LogBlueprintUserMessages: [BP_MainPlayer_3] Mute
[2018.10.05-03.31.45:670][127]LogBlueprintUserMessages: [BP_MainPlayer_3] honk
[2018.10.05-03.31.45:786][141]LogBlueprintUserMessages: [BP_MainPlayer_3] Mute
[2018.10.05-03.31.46:079][176]LogBlueprintUserMessages: Early EndPlayMap Detection: Level '/Game/VehicleBP/Maps/VehicleExampleMap.VehicleExampleMap:PersistentLevel' has LevelScriptBlueprint '/Game/VehicleBP/Maps/VehicleExampleMap.VehicleExampleMap:PersistentLevel.VehicleExampleMap' with GeneratedClass '/Game/VehicleBP/Maps/VehicleExampleMap.VehicleExampleMap_C' with ClassGeneratedBy '/Game/VehicleBP/Maps/VehicleExampleMap.VehicleExampleMap:PersistentLevel.VehicleExampleMap'
[2018.10.05-03.31.46:079][176]LogSlate: Updating window title bar state: overlay mode, drag disabled, window buttons hidden, title bar hidden
[2018.10.05-03.31.46:096][176]LogSlate: Window 'UnrealMidterm Game Preview Standalone (64-bit/PCD3D_SM5)' being destroyed
[2018.10.05-03.31.46:135][176]LogPlayLevel: Display: Shutting down PIE online subsystems
[2018.10.05-03.31.46:136][176]LogBlueprintUserMessages: Late EndPlayMap Detection: Level '/Game/VehicleBP/Maps/VehicleExampleMap.VehicleExampleMap:PersistentLevel' has LevelScriptBlueprint '/Game/VehicleBP/Maps/VehicleExampleMap.VehicleExampleMap:PersistentLevel.VehicleExampleMap' with GeneratedClass '/Game/VehicleBP/Maps/VehicleExampleMap.VehicleExampleMap_C' with ClassGeneratedBy '/Game/VehicleBP/Maps/VehicleExampleMap.VehicleExampleMap:PersistentLevel.VehicleExampleMap'
[2018.10.05-03.31.46:195][177]LogPlayLevel: Display: Destroying online subsystem :Context_6
[2018.10.05-03.32.01:305][984]Cmd: OBJ SAVEPACKAGE PACKAGE="/Game/Sound/Mute" FILE="C:/Users/Hesi/Documents/GitHub/Shmup_Unreal_Hesi/Rhythm_Midterm_Unreal/UnrealMidterm/Content/Sound/Mute.uasset" SILENT=true
[2018.10.05-03.32.01:318][984]LogSavePackage: Moving 'C:/Users/Hesi/Documents/GitHub/Shmup_Unreal_Hesi/Rhythm_Midterm_Unreal/UnrealMidterm/Saved/Mute3D508F834C68E53C025124B58739BD2B.tmp' to 'C:/Users/Hesi/Documents/GitHub/Shmup_Unreal_Hesi/Rhythm_Midterm_Unreal/UnrealMidterm/Content/Sound/Mute.uasset'
[2018.10.05-03.32.04:102][317]LogTemp: Repeating last play command: Selected Viewport
[2018.10.05-03.32.04:119][317]LogBlueprintUserMessages: Early PlayInEditor Detection: Level '/Game/VehicleBP/Maps/VehicleExampleMap.VehicleExampleMap:PersistentLevel' has LevelScriptBlueprint '/Game/VehicleBP/Maps/VehicleExampleMap.VehicleExampleMap:PersistentLevel.VehicleExampleMap' with GeneratedClass '/Game/VehicleBP/Maps/VehicleExampleMap.VehicleExampleMap_C' with ClassGeneratedBy '/Game/VehicleBP/Maps/VehicleExampleMap.VehicleExampleMap:PersistentLevel.VehicleExampleMap'
[2018.10.05-03.32.04:119][317]LogPlayLevel: PlayLevel: No blueprints needed recompiling
[2018.10.05-03.32.04:119][317]PIE: New page: PIE session: VehicleExampleMap (Oct 4, 2018, 1:32:04 PM)
[2018.10.05-03.32.04:119][317]LogPlayLevel: Creating play world package: /Game/VehicleBP/Maps/UEDPIE_0_VehicleExampleMap
[2018.10.05-03.32.04:130][317]LogPlayLevel: PIE: StaticDuplicateObject took: (0.010934s)
[2018.10.05-03.32.04:130][317]LogAIModule: Creating AISystem for world VehicleExampleMap
[2018.10.05-03.32.04:131][317]LogPlayLevel: PIE: World Init took: (0.000765s)
[2018.10.05-03.32.04:131][317]LogPlayLevel: PIE: Created PIE world by copying editor world from /Game/VehicleBP/Maps/VehicleExampleMap.VehicleExampleMap to /Game/VehicleBP/Maps/UEDPIE_0_VehicleExampleMap.VehicleExampleMap (0.011808s)
[2018.10.05-03.32.04:189][317]LogInit: XAudio2 using 'Focusrite USB (Focusrite USB Audio)' : 2 channels at 48 kHz using 16 bits per sample (channel mask 0x3)
[2018.10.05-03.32.04:195][317]LogInit: FAudioDevice initialized.
[2018.10.05-03.32.04:211][317]LogSlate: Updating window title bar state: overlay mode, drag disabled, window buttons hidden, title bar hidden
[2018.10.05-03.32.04:290][317]LogLoad: Game class is 'GameMode_Rhythm_Game_C'
[2018.10.05-03.32.04:294][317]LogWorld: Bringing World /Game/VehicleBP/Maps/UEDPIE_0_VehicleExampleMap.VehicleExampleMap up for play (max tick rate 0) at 2018.10.04-20.32.04
[2018.10.05-03.32.04:294][317]LogWorld: Bringing up level for play took: 0.000751
[2018.10.05-03.32.04:306][317]LogGameMode: FindPlayerStart: PATHS NOT DEFINED or NO PLAYERSTART with positive rating
[2018.10.05-03.32.04:307][317]LogBlueprintUserMessages: [BP_MainPlayer_3] Mute
[2018.10.05-03.32.04:308][317]PIE: Play in editor start time for /Game/VehicleBP/Maps/UEDPIE_0_VehicleExampleMap 1.16
[2018.10.05-03.32.04:309][317]LogBlueprintUserMessages: Late PlayInEditor Detection: Level '/Game/VehicleBP/Maps/VehicleExampleMap.VehicleExampleMap:PersistentLevel' has LevelScriptBlueprint '/Game/VehicleBP/Maps/VehicleExampleMap.VehicleExampleMap:PersistentLevel.VehicleExampleMap' with GeneratedClass '/Game/VehicleBP/Maps/VehicleExampleMap.VehicleExampleMap_C' with ClassGeneratedBy '/Game/VehicleBP/Maps/VehicleExampleMap.VehicleExampleMap:PersistentLevel.VehicleExampleMap'
[2018.10.05-03.32.04:908][382]LogBlueprintUserMessages: [BP_MainPlayer_3] honk
[2018.10.05-03.32.05:150][411]LogBlueprintUserMessages: [BP_MainPlayer_3] Mute
[2018.10.05-03.32.05:467][449]LogBlueprintUserMessages: [BP_MainPlayer_3] honk
[2018.10.05-03.32.05:693][476]LogBlueprintUserMessages: [BP_MainPlayer_3] Mute
[2018.10.05-03.32.06:025][516]LogBlueprintUserMessages: [BP_MainPlayer_3] honk
[2018.10.05-03.32.06:229][540]LogBlueprintUserMessages: [BP_MainPlayer_3] Mute
[2018.10.05-03.32.06:637][589]LogBlueprintUserMessages: [BP_MainPlayer_3] honk
[2018.10.05-03.32.06:763][604]LogBlueprintUserMessages: [BP_MainPlayer_3] Mute
[2018.10.05-03.32.07:105][645]LogBlueprintUserMessages: [BP_MainPlayer_3] honk
[2018.10.05-03.32.07:221][659]LogBlueprintUserMessages: [BP_MainPlayer_3] Mute
[2018.10.05-03.32.07:480][690]LogBlueprintUserMessages: [BP_MainPlayer_3] honk
[2018.10.05-03.32.07:597][704]LogBlueprintUserMessages: [BP_MainPlayer_3] Mute
[2018.10.05-03.32.07:882][738]LogBlueprintUserMessages: [BP_MainPlayer_3] honk
[2018.10.05-03.32.08:040][757]LogBlueprintUserMessages: [BP_MainPlayer_3] Mute
[2018.10.05-03.32.08:376][797]LogBlueprintUserMessages: [BP_MainPlayer_3] honk
[2018.10.05-03.32.08:543][817]LogBlueprintUserMessages: [BP_MainPlayer_3] Mute
[2018.10.05-03.32.08:884][858]LogBlueprintUserMessages: [BP_MainPlayer_3] honk
[2018.10.05-03.32.09:001][872]LogBlueprintUserMessages: [BP_MainPlayer_3] Mute
[2018.10.05-03.32.09:275][903]LogBlueprintUserMessages: [BP_MainPlayer_3] honk
[2018.10.05-03.32.09:567][938]LogBlueprintUserMessages: [BP_MainPlayer_3] Mute
[2018.10.05-03.32.10:233][ 18]LogBlueprintUserMessages: [BP_MainPlayer_3] honk
[2018.10.05-03.32.10:302][ 26]LogBlueprintUserMessages: [BP_MainPlayer_3] Mute
[2018.10.05-03.32.10:794][ 85]LogBlueprintUserMessages: [BP_MainPlayer_3] honk
[2018.10.05-03.32.10:895][ 97]LogBlueprintUserMessages: [BP_MainPlayer_3] Mute
[2018.10.05-03.32.11:086][120]LogBlueprintUserMessages: [BP_MainPlayer_3] honk
[2018.10.05-03.32.11:220][136]LogBlueprintUserMessages: [BP_MainPlayer_3] Mute
[2018.10.05-03.32.11:370][154]LogBlueprintUserMessages: [BP_MainPlayer_3] honk
[2018.10.05-03.32.11:461][165]LogBlueprintUserMessages: [BP_MainPlayer_3] Mute
[2018.10.05-03.32.11:553][176]LogBlueprintUserMessages: [BP_MainPlayer_3] honk
[2018.10.05-03.32.11:670][190]LogBlueprintUserMessages: [BP_MainPlayer_3] Mute
[2018.10.05-03.32.11:770][202]LogBlueprintUserMessages: [BP_MainPlayer_3] honk
[2018.10.05-03.32.11:870][214]LogBlueprintUserMessages: [BP_MainPlayer_3] Mute
[2018.10.05-03.32.11:962][225]LogBlueprintUserMessages: [BP_MainPlayer_3] honk
[2018.10.05-03.32.12:384][275]LogBlueprintUserMessages: [BP_MainPlayer_3] Mute
[2018.10.05-03.32.12:601][301]LogBlueprintUserMessages: [BP_MainPlayer_3] honk
[2018.10.05-03.32.12:934][341]LogBlueprintUserMessages: [BP_MainPlayer_3] Mute
[2018.10.05-03.32.13:213][374]LogBlueprintUserMessages: Early EndPlayMap Detection: Level '/Game/VehicleBP/Maps/VehicleExampleMap.VehicleExampleMap:PersistentLevel' has LevelScriptBlueprint '/Game/VehicleBP/Maps/VehicleExampleMap.VehicleExampleMap:PersistentLevel.VehicleExampleMap' with GeneratedClass '/Game/VehicleBP/Maps/VehicleExampleMap.VehicleExampleMap_C' with ClassGeneratedBy '/Game/VehicleBP/Maps/VehicleExampleMap.VehicleExampleMap:PersistentLevel.VehicleExampleMap'
[2018.10.05-03.32.13:213][374]LogSlate: Updating window title bar state: overlay mode, drag disabled, window buttons hidden, title bar hidden
[2018.10.05-03.32.13:230][374]LogSlate: Window 'UnrealMidterm Game Preview Standalone (64-bit/PCD3D_SM5)' being destroyed
[2018.10.05-03.32.13:269][374]LogPlayLevel: Display: Shutting down PIE online subsystems
[2018.10.05-03.32.13:270][374]LogBlueprintUserMessages: Late EndPlayMap Detection: Level '/Game/VehicleBP/Maps/VehicleExampleMap.VehicleExampleMap:PersistentLevel' has LevelScriptBlueprint '/Game/VehicleBP/Maps/VehicleExampleMap.VehicleExampleMap:PersistentLevel.VehicleExampleMap' with GeneratedClass '/Game/VehicleBP/Maps/VehicleExampleMap.VehicleExampleMap_C' with ClassGeneratedBy '/Game/VehicleBP/Maps/VehicleExampleMap.VehicleExampleMap:PersistentLevel.VehicleExampleMap'
[2018.10.05-03.32.13:326][375]LogPlayLevel: Display: Destroying online subsystem :Context_7
[2018.10.05-03.32.20:245][200]Cmd: OBJ SAVEPACKAGE PACKAGE="/Game/Sound/Honk" FILE="C:/Users/Hesi/Documents/GitHub/Shmup_Unreal_Hesi/Rhythm_Midterm_Unreal/UnrealMidterm/Content/Sound/Honk.uasset" SILENT=true
[2018.10.05-03.32.20:257][200]LogSavePackage: Moving 'C:/Users/Hesi/Documents/GitHub/Shmup_Unreal_Hesi/Rhythm_Midterm_Unreal/UnrealMidterm/Saved/Honk4FC9F8F6460AEBD4F1EABD920F30E0A5.tmp' to 'C:/Users/Hesi/Documents/GitHub/Shmup_Unreal_Hesi/Rhythm_Midterm_Unreal/UnrealMidterm/Content/Sound/Honk.uasset'
[2018.10.05-03.32.22:089][419]LogTemp: Repeating last play command: Selected Viewport
[2018.10.05-03.32.22:103][419]LogBlueprintUserMessages: Early PlayInEditor Detection: Level '/Game/VehicleBP/Maps/VehicleExampleMap.VehicleExampleMap:PersistentLevel' has LevelScriptBlueprint '/Game/VehicleBP/Maps/VehicleExampleMap.VehicleExampleMap:PersistentLevel.VehicleExampleMap' with GeneratedClass '/Game/VehicleBP/Maps/VehicleExampleMap.VehicleExampleMap_C' with ClassGeneratedBy '/Game/VehicleBP/Maps/VehicleExampleMap.VehicleExampleMap:PersistentLevel.VehicleExampleMap'
[2018.10.05-03.32.22:103][419]LogPlayLevel: PlayLevel: No blueprints needed recompiling
[2018.10.05-03.32.22:103][419]PIE: New page: PIE session: VehicleExampleMap (Oct 4, 2018, 1:32:22 PM)
[2018.10.05-03.32.22:103][419]LogPlayLevel: Creating play world package: /Game/VehicleBP/Maps/UEDPIE_0_VehicleExampleMap
[2018.10.05-03.32.22:114][419]LogPlayLevel: PIE: StaticDuplicateObject took: (0.010611s)
[2018.10.05-03.32.22:115][419]LogAIModule: Creating AISystem for world VehicleExampleMap
[2018.10.05-03.32.22:115][419]LogPlayLevel: PIE: World Init took: (0.000926s)
[2018.10.05-03.32.22:115][419]LogPlayLevel: PIE: Created PIE world by copying editor world from /Game/VehicleBP/Maps/VehicleExampleMap.VehicleExampleMap to /Game/VehicleBP/Maps/UEDPIE_0_VehicleExampleMap.VehicleExampleMap (0.011757s)
[2018.10.05-03.32.22:164][419]LogInit: XAudio2 using 'Focusrite USB (Focusrite USB Audio)' : 2 channels at 48 kHz using 16 bits per sample (channel mask 0x3)
[2018.10.05-03.32.22:168][419]LogInit: FAudioDevice initialized.
[2018.10.05-03.32.22:182][419]LogSlate: Updating window title bar state: overlay mode, drag disabled, window buttons hidden, title bar hidden
[2018.10.05-03.32.22:261][419]LogLoad: Game class is 'GameMode_Rhythm_Game_C'
[2018.10.05-03.32.22:264][419]LogWorld: Bringing World /Game/VehicleBP/Maps/UEDPIE_0_VehicleExampleMap.VehicleExampleMap up for play (max tick rate 0) at 2018.10.04-20.32.22
[2018.10.05-03.32.22:265][419]LogWorld: Bringing up level for play took: 0.000597
[2018.10.05-03.32.22:276][419]LogGameMode: FindPlayerStart: PATHS NOT DEFINED or NO PLAYERSTART with positive rating
[2018.10.05-03.32.22:277][419]LogBlueprintUserMessages: [BP_MainPlayer_3] Mute
[2018.10.05-03.32.22:279][419]PIE: Play in editor start time for /Game/VehicleBP/Maps/UEDPIE_0_VehicleExampleMap 1.131
[2018.10.05-03.32.22:279][419]LogBlueprintUserMessages: Late PlayInEditor Detection: Level '/Game/VehicleBP/Maps/VehicleExampleMap.VehicleExampleMap:PersistentLevel' has LevelScriptBlueprint '/Game/VehicleBP/Maps/VehicleExampleMap.VehicleExampleMap:PersistentLevel.VehicleExampleMap' with GeneratedClass '/Game/VehicleBP/Maps/VehicleExampleMap.VehicleExampleMap_C' with ClassGeneratedBy '/Game/VehicleBP/Maps/VehicleExampleMap.VehicleExampleMap:PersistentLevel.VehicleExampleMap'
[2018.10.05-03.32.22:898][487]LogBlueprintUserMessages: [BP_MainPlayer_3] honk
[2018.10.05-03.32.23:012][501]LogBlueprintUserMessages: [BP_MainPlayer_3] Mute
[2018.10.05-03.32.23:257][530]LogBlueprintUserMessages: [BP_MainPlayer_3] honk
[2018.10.05-03.32.23:380][545]LogBlueprintUserMessages: [BP_MainPlayer_3] Mute
[2018.10.05-03.32.23:623][574]LogBlueprintUserMessages: [BP_MainPlayer_3] honk
[2018.10.05-03.32.23:747][589]LogBlueprintUserMessages: [BP_MainPlayer_3] Mute
[2018.10.05-03.32.23:881][605]LogBlueprintUserMessages: [BP_MainPlayer_3] honk
[2018.10.05-03.32.24:060][625]LogBlueprintUserMessages: [BP_MainPlayer_3] Mute
[2018.10.05-03.32.24:422][668]LogBlueprintUserMessages: [BP_MainPlayer_3] honk
[2018.10.05-03.32.24:549][683]LogBlueprintUserMessages: [BP_MainPlayer_3] Mute
[2018.10.05-03.32.24:865][721]LogBlueprintUserMessages: [BP_MainPlayer_3] honk
[2018.10.05-03.32.25:023][740]LogBlueprintUserMessages: [BP_MainPlayer_3] Mute
[2018.10.05-03.32.25:735][825]LogBlueprintUserMessages: [BP_MainPlayer_3] honk
[2018.10.05-03.32.25:861][840]LogBlueprintUserMessages: [BP_MainPlayer_3] Mute
[2018.10.05-03.32.27:907][ 85]LogBlueprintUserMessages: [BP_MainPlayer_3] honk
[2018.10.05-03.32.28:567][164]LogBlueprintUserMessages: [BP_MainPlayer_3] Mute
[2018.10.05-03.32.30:004][336]LogBlueprintUserMessages: [BP_MainPlayer_3] honk
[2018.10.05-03.32.30:217][361]LogBlueprintUserMessages: [BP_MainPlayer_3] Mute
[2018.10.05-03.32.30:684][417]LogBlueprintUserMessages: [BP_MainPlayer_3] honk
[2018.10.05-03.32.30:850][437]LogBlueprintUserMessages: [BP_MainPlayer_3] Mute
[2018.10.05-03.32.31:118][469]LogBlueprintUserMessages: [BP_MainPlayer_3] honk
[2018.10.05-03.32.31:310][492]LogBlueprintUserMessages: [BP_MainPlayer_3] Mute
[2018.10.05-03.32.31:468][511]LogBlueprintUserMessages: [BP_MainPlayer_3] honk
[2018.10.05-03.32.31:584][525]LogBlueprintUserMessages: [BP_MainPlayer_3] Mute
[2018.10.05-03.32.31:687][537]LogBlueprintUserMessages: [BP_MainPlayer_3] honk
[2018.10.05-03.32.31:770][547]LogBlueprintUserMessages: [BP_MainPlayer_3] Mute
[2018.10.05-03.32.31:854][557]LogBlueprintUserMessages: [BP_MainPlayer_3] honk
[2018.10.05-03.32.31:970][571]LogBlueprintUserMessages: [BP_MainPlayer_3] Mute
[2018.10.05-03.32.32:054][581]LogBlueprintUserMessages: [BP_MainPlayer_3] honk
[2018.10.05-03.32.32:146][592]LogBlueprintUserMessages: [BP_MainPlayer_3] Mute
[2018.10.05-03.32.32:231][602]LogBlueprintUserMessages: [BP_MainPlayer_3] honk
[2018.10.05-03.32.32:364][618]LogBlueprintUserMessages: [BP_MainPlayer_3] Mute
[2018.10.05-03.32.32:415][624]LogBlueprintUserMessages: [BP_MainPlayer_3] honk
[2018.10.05-03.32.32:573][643]LogBlueprintUserMessages: [BP_MainPlayer_3] Mute
[2018.10.05-03.32.32:823][673]LogBlueprintUserMessages: Early EndPlayMap Detection: Level '/Game/VehicleBP/Maps/VehicleExampleMap.VehicleExampleMap:PersistentLevel' has LevelScriptBlueprint '/Game/VehicleBP/Maps/VehicleExampleMap.VehicleExampleMap:PersistentLevel.VehicleExampleMap' with GeneratedClass '/Game/VehicleBP/Maps/VehicleExampleMap.VehicleExampleMap_C' with ClassGeneratedBy '/Game/VehicleBP/Maps/VehicleExampleMap.VehicleExampleMap:PersistentLevel.VehicleExampleMap'
[2018.10.05-03.32.32:823][673]LogSlate: Updating window title bar state: overlay mode, drag disabled, window buttons hidden, title bar hidden
[2018.10.05-03.32.32:840][673]LogSlate: Window 'UnrealMidterm Game Preview Standalone (64-bit/PCD3D_SM5)' being destroyed
[2018.10.05-03.32.32:879][673]LogPlayLevel: Display: Shutting down PIE online subsystems
[2018.10.05-03.32.32:880][673]LogBlueprintUserMessages: Late EndPlayMap Detection: Level '/Game/VehicleBP/Maps/VehicleExampleMap.VehicleExampleMap:PersistentLevel' has LevelScriptBlueprint '/Game/VehicleBP/Maps/VehicleExampleMap.VehicleExampleMap:PersistentLevel.VehicleExampleMap' with GeneratedClass '/Game/VehicleBP/Maps/VehicleExampleMap.VehicleExampleMap_C' with ClassGeneratedBy '/Game/VehicleBP/Maps/VehicleExampleMap.VehicleExampleMap:PersistentLevel.VehicleExampleMap'
[2018.10.05-03.32.32:932][674]LogPlayLevel: Display: Destroying online subsystem :Context_8
[2018.10.05-03.32.34:271][804]LogSavePackage: Moving 'C:/Users/Hesi/Documents/GitHub/Shmup_Unreal_Hesi/Rhythm_Midterm_Unreal/UnrealMidterm/Saved/VehicleExampleMapA72DC06F45140BD679AEF28EFF193D2F.tmp' to 'C:/Users/Hesi/Documents/GitHub/Shmup_Unreal_Hesi/Rhythm_Midterm_Unreal/UnrealMidterm/Content/VehicleBP/Maps/VehicleExampleMap.umap'
[2018.10.05-03.32.34:301][804]LogFileHelpers: Saving map 'VehicleExampleMap' took 0.247
[2018.10.05-03.32.34:319][804]Cmd: OBJ SAVEPACKAGE PACKAGE="/Game/MidtermBP/BP_MainPlayer" FILE="C:/Users/Hesi/Documents/GitHub/Shmup_Unreal_Hesi/Rhythm_Midterm_Unreal/UnrealMidterm/Content/MidtermBP/BP_MainPlayer.uasset" SILENT=true
[2018.10.05-03.32.34:361][804]LogSavePackage: Moving 'C:/Users/Hesi/Documents/GitHub/Shmup_Unreal_Hesi/Rhythm_Midterm_Unreal/UnrealMidterm/Saved/BP_MainPlayerB7A638C64A36AD1F43247FAB8473293B.tmp' to 'C:/Users/Hesi/Documents/GitHub/Shmup_Unreal_Hesi/Rhythm_Midterm_Unreal/UnrealMidterm/Content/MidtermBP/BP_MainPlayer.uasset'
[2018.10.05-03.32.34:369][804]Cmd: OBJ SAVEPACKAGE PACKAGE="/Game/Sound/Honk_Class" FILE="C:/Users/Hesi/Documents/GitHub/Shmup_Unreal_Hesi/Rhythm_Midterm_Unreal/UnrealMidterm/Content/Sound/Honk_Class.uasset" SILENT=true
[2018.10.05-03.32.34:374][804]LogSavePackage: Moving 'C:/Users/Hesi/Documents/GitHub/Shmup_Unreal_Hesi/Rhythm_Midterm_Unreal/UnrealMidterm/Saved/Honk_Class7047B8944BF69C1F2A4E7EBA1E0C175B.tmp' to 'C:/Users/Hesi/Documents/GitHub/Shmup_Unreal_Hesi/Rhythm_Midterm_Unreal/UnrealMidterm/Content/Sound/Honk_Class.uasset'
[2018.10.05-03.32.48:425][462]LogSlate: FSceneViewport::OnFocusLost() reason 0
[2018.10.05-03.32.53:608][ 13]LogTemp: Repeating last play command: Selected Viewport
[2018.10.05-03.32.53:623][ 13]LogBlueprintUserMessages: Early PlayInEditor Detection: Level '/Game/VehicleBP/Maps/VehicleExampleMap.VehicleExampleMap:PersistentLevel' has LevelScriptBlueprint '/Game/VehicleBP/Maps/VehicleExampleMap.VehicleExampleMap:PersistentLevel.VehicleExampleMap' with GeneratedClass '/Game/VehicleBP/Maps/VehicleExampleMap.VehicleExampleMap_C' with ClassGeneratedBy '/Game/VehicleBP/Maps/VehicleExampleMap.VehicleExampleMap:PersistentLevel.VehicleExampleMap'
[2018.10.05-03.32.53:623][ 13]LogPlayLevel: PlayLevel: No blueprints needed recompiling
[2018.10.05-03.32.53:623][ 13]PIE: New page: PIE session: VehicleExampleMap (Oct 4, 2018, 1:32:53 PM)
[2018.10.05-03.32.53:624][ 13]LogPlayLevel: Creating play world package: /Game/VehicleBP/Maps/UEDPIE_0_VehicleExampleMap
[2018.10.05-03.32.53:635][ 13]LogPlayLevel: PIE: StaticDuplicateObject took: (0.011016s)
[2018.10.05-03.32.53:635][ 13]LogAIModule: Creating AISystem for world VehicleExampleMap
[2018.10.05-03.32.53:635][ 13]LogPlayLevel: PIE: World Init took: (0.000723s)
[2018.10.05-03.32.53:636][ 13]LogPlayLevel: PIE: Created PIE world by copying editor world from /Game/VehicleBP/Maps/VehicleExampleMap.VehicleExampleMap to /Game/VehicleBP/Maps/UEDPIE_0_VehicleExampleMap.VehicleExampleMap (0.011913s)
[2018.10.05-03.32.53:682][ 13]LogInit: XAudio2 using 'Focusrite USB (Focusrite USB Audio)' : 2 channels at 48 kHz using 16 bits per sample (channel mask 0x3)
[2018.10.05-03.32.53:686][ 13]LogInit: FAudioDevice initialized.
[2018.10.05-03.32.53:720][ 13]LogLoad: Game class is 'GameMode_Rhythm_Game_C'
[2018.10.05-03.32.53:723][ 13]LogWorld: Bringing World /Game/VehicleBP/Maps/UEDPIE_0_VehicleExampleMap.VehicleExampleMap up for play (max tick rate 0) at 2018.10.04-20.32.53
[2018.10.05-03.32.53:724][ 13]LogWorld: Bringing up level for play took: 0.000663
[2018.10.05-03.32.53:736][ 13]LogBlueprintUserMessages: [BP_MainPlayer_3] Mute
[2018.10.05-03.32.53:736][ 13]PIE: Play in editor start time for /Game/VehicleBP/Maps/UEDPIE_0_VehicleExampleMap 0.587
[2018.10.05-03.32.53:736][ 13]LogBlueprintUserMessages: Late PlayInEditor Detection: Level '/Game/VehicleBP/Maps/VehicleExampleMap.VehicleExampleMap:PersistentLevel' has LevelScriptBlueprint '/Game/VehicleBP/Maps/VehicleExampleMap.VehicleExampleMap:PersistentLevel.VehicleExampleMap' with GeneratedClass '/Game/VehicleBP/Maps/VehicleExampleMap.VehicleExampleMap_C' with ClassGeneratedBy '/Game/VehicleBP/Maps/VehicleExampleMap.VehicleExampleMap:PersistentLevel.VehicleExampleMap'
[2018.10.05-03.33.00:420][802]LogBlueprintUserMessages: [BP_MainPlayer_3] honk
[2018.10.05-03.33.01:070][880]LogBlueprintUserMessages: [BP_MainPlayer_3] Mute
[2018.10.05-03.33.01:820][970]LogBlueprintUserMessages: [BP_MainPlayer_3] honk
[2018.10.05-03.33.02:130][  7]LogBlueprintUserMessages: [BP_MainPlayer_3] Mute
[2018.10.05-03.33.09:031][835]LogBlueprintUserMessages: [BP_MainPlayer_3] honk
[2018.10.05-03.33.09:766][923]LogBlueprintUserMessages: [BP_MainPlayer_3] Mute
[2018.10.05-03.33.10:558][ 18]LogBlueprintUserMessages: Early EndPlayMap Detection: Level '/Game/VehicleBP/Maps/VehicleExampleMap.VehicleExampleMap:PersistentLevel' has LevelScriptBlueprint '/Game/VehicleBP/Maps/VehicleExampleMap.VehicleExampleMap:PersistentLevel.VehicleExampleMap' with GeneratedClass '/Game/VehicleBP/Maps/VehicleExampleMap.VehicleExampleMap_C' with ClassGeneratedBy '/Game/VehicleBP/Maps/VehicleExampleMap.VehicleExampleMap:PersistentLevel.VehicleExampleMap'
[2018.10.05-03.33.10:558][ 18]LogSlate: Updating window title bar state: overlay mode, drag disabled, window buttons hidden, title bar hidden
[2018.10.05-03.33.10:594][ 18]LogPlayLevel: Display: Shutting down PIE online subsystems
[2018.10.05-03.33.10:594][ 18]LogBlueprintUserMessages: Late EndPlayMap Detection: Level '/Game/VehicleBP/Maps/VehicleExampleMap.VehicleExampleMap:PersistentLevel' has LevelScriptBlueprint '/Game/VehicleBP/Maps/VehicleExampleMap.VehicleExampleMap:PersistentLevel.VehicleExampleMap' with GeneratedClass '/Game/VehicleBP/Maps/VehicleExampleMap.VehicleExampleMap_C' with ClassGeneratedBy '/Game/VehicleBP/Maps/VehicleExampleMap.VehicleExampleMap:PersistentLevel.VehicleExampleMap'
[2018.10.05-03.33.10:619][ 18]LogSlate: Updating window title bar state: overlay mode, drag disabled, window buttons hidden, title bar hidden
[2018.10.05-03.33.10:679][ 20]LogPlayLevel: Display: Destroying online subsystem :Context_9
[2018.10.05-03.33.11:657][ 87]LogSlate: FSceneViewport::OnFocusLost() reason 2
[2018.10.05-03.33.11:871][ 87]LogSavePackage: Moving 'C:/Users/Hesi/Documents/GitHub/Shmup_Unreal_Hesi/Rhythm_Midterm_Unreal/UnrealMidterm/Saved/VehicleExampleMapCE5BB1D5401BBD7768F59896954E9EA5.tmp' to 'C:/Users/Hesi/Documents/GitHub/Shmup_Unreal_Hesi/Rhythm_Midterm_Unreal/UnrealMidterm/Content/VehicleBP/Maps/VehicleExampleMap.umap'
[2018.10.05-03.33.11:902][ 87]LogFileHelpers: Saving map 'VehicleExampleMap' took 0.240
